2022-05-23 16:22:40,064 INFO org.springframework.boot.StartupInfoLogger [restartedMain] Starting MisApplication1 using Java 1.8.0_301 on shabdita-cc with PID 2100 (C:\Users\admin\Documents\workspace-sts-3.9.11.RELEASE\misApplication1\misApplication1\target\classes started by Shabdita in C:\Users\admin\Documents\workspace-sts-3.9.11.RELEASE\misApplication1\misApplication1)
2022-05-23 16:22:40,071 INFO org.springframework.boot.SpringApplication [restartedMain] The following profiles are active: development
2022-05-23 16:22:40,202 INFO org.springframework.boot.logging.DeferredLog [restartedMain] The Class-Path manifest attribute in C:\Users\admin\.m2\repository\com\oracle\ojdbc\ojdbc8\19.3.0.0\ojdbc8-19.3.0.0.jar referenced one or more files that do not exist: file:/C:/Users/admin/.m2/repository/com/oracle/ojdbc/ojdbc8/19.3.0.0/oraclepki.jar
2022-05-23 16:22:40,203 INFO org.springframework.boot.logging.DeferredLog [restartedMain] The Class-Path manifest attribute in C:\Users\admin\.m2\repository\com\oracle\ojdbc\oraclepki\19.3.0.0\oraclepki-19.3.0.0.jar referenced one or more files that do not exist: file:/C:/Users/admin/.m2/repository/com/oracle/ojdbc/oraclepki/19.3.0.0/osdt_core.jar,file:/C:/Users/admin/.m2/repository/com/oracle/ojdbc/oraclepki/19.3.0.0/osdt_cert.jar,file:/C:/Users/admin/.m2/repository/com/oracle/ojdbc/oraclepki/oracle.osdt/osdt_core.jar,file:/C:/Users/admin/.m2/repository/com/oracle/ojdbc/oraclepki/oracle.osdt/osdt_cert.jar
2022-05-23 16:22:40,204 INFO org.springframework.boot.logging.DeferredLog [restartedMain] The Class-Path manifest attribute in C:\Users\admin\.m2\repository\com\oracle\database\jdbc\ojdbc8\19.8.0.0\ojdbc8-19.8.0.0.jar referenced one or more files that do not exist: file:/C:/Users/admin/.m2/repository/com/oracle/database/jdbc/ojdbc8/19.8.0.0/oraclepki.jar
2022-05-23 16:22:40,204 INFO org.springframework.boot.logging.DeferredLog [restartedMain] Devtools property defaults active! Set 'spring.devtools.add-properties' to 'false' to disable
2022-05-23 16:22:40,205 INFO org.springframework.boot.logging.DeferredLog [restartedMain] For additional web related logging consider setting the 'logging.level.web' property to 'DEBUG'
2022-05-23 16:22:41,690 INFO org.springframework.data.repository.config.RepositoryConfigurationDelegate [restartedMain] Multiple Spring Data modules found, entering strict repository configuration mode!
2022-05-23 16:22:41,690 INFO org.springframework.data.repository.config.RepositoryConfigurationDelegate [restartedMain] Bootstrapping Spring Data JPA repositories in DEFAULT mode.
2022-05-23 16:22:41,795 INFO org.springframework.data.repository.config.RepositoryConfigurationDelegate [restartedMain] Finished Spring Data repository scanning in 88 ms. Found 3 JPA repository interfaces.
2022-05-23 16:22:41,796 INFO org.springframework.data.repository.config.RepositoryConfigurationDelegate [restartedMain] Multiple Spring Data modules found, entering strict repository configuration mode!
2022-05-23 16:22:41,796 INFO org.springframework.data.repository.config.RepositoryConfigurationDelegate [restartedMain] Bootstrapping Spring Data JPA repositories in DEFAULT mode.
2022-05-23 16:22:41,832 INFO org.springframework.data.repository.config.RepositoryConfigurationDelegate [restartedMain] Finished Spring Data repository scanning in 34 ms. Found 4 JPA repository interfaces.
2022-05-23 16:22:41,833 INFO org.springframework.data.repository.config.RepositoryConfigurationDelegate [restartedMain] Multiple Spring Data modules found, entering strict repository configuration mode!
2022-05-23 16:22:41,834 INFO org.springframework.data.repository.config.RepositoryConfigurationDelegate [restartedMain] Bootstrapping Spring Data JPA repositories in DEFAULT mode.
2022-05-23 16:22:41,880 INFO org.springframework.data.repository.config.RepositoryConfigurationDelegate [restartedMain] Finished Spring Data repository scanning in 45 ms. Found 6 JPA repository interfaces.
2022-05-23 16:22:41,880 INFO org.springframework.data.repository.config.RepositoryConfigurationDelegate [restartedMain] Multiple Spring Data modules found, entering strict repository configuration mode!
2022-05-23 16:22:41,881 INFO org.springframework.data.repository.config.RepositoryConfigurationDelegate [restartedMain] Bootstrapping Spring Data JPA repositories in DEFAULT mode.
2022-05-23 16:22:41,908 INFO org.springframework.data.repository.config.RepositoryConfigurationDelegate [restartedMain] Finished Spring Data repository scanning in 26 ms. Found 4 JPA repository interfaces.
2022-05-23 16:22:41,909 INFO org.springframework.data.repository.config.RepositoryConfigurationDelegate [restartedMain] Multiple Spring Data modules found, entering strict repository configuration mode!
2022-05-23 16:22:41,910 INFO org.springframework.data.repository.config.RepositoryConfigurationDelegate [restartedMain] Bootstrapping Spring Data JPA repositories in DEFAULT mode.
2022-05-23 16:22:41,938 INFO org.springframework.data.repository.config.RepositoryConfigurationDelegate [restartedMain] Finished Spring Data repository scanning in 27 ms. Found 4 JPA repository interfaces.
2022-05-23 16:22:43,885 INFO org.springframework.boot.web.embedded.tomcat.TomcatWebServer [restartedMain] Tomcat initialized with port(s): 8080 (http)
2022-05-23 16:22:43,896 INFO org.apache.juli.logging.DirectJDKLog [restartedMain] Initializing ProtocolHandler ["http-nio-8080"]
2022-05-23 16:22:43,897 INFO org.apache.juli.logging.DirectJDKLog [restartedMain] Starting service [Tomcat]
2022-05-23 16:22:43,898 INFO org.apache.juli.logging.DirectJDKLog [restartedMain] Starting Servlet engine: [Apache Tomcat/9.0.46]
2022-05-23 16:22:44,144 INFO org.apache.juli.logging.DirectJDKLog [restartedMain] Initializing Spring embedded WebApplicationContext
2022-05-23 16:22:44,145 INFO org.springframework.boot.web.servlet.context.ServletWebServerApplicationContext [restartedMain] Root WebApplicationContext: initialization completed in 3938 ms
2022-05-23 16:22:44,545 INFO org.hibernate.jpa.internal.util.LogHelper [restartedMain] HHH000204: Processing PersistenceUnitInfo [name: db1]
2022-05-23 16:22:44,795 INFO org.hibernate.Version [restartedMain] HHH000412: Hibernate ORM core version 5.4.32.Final
2022-05-23 16:22:45,010 INFO org.hibernate.annotations.common.reflection.java.JavaReflectionManager [restartedMain] HCANN000001: Hibernate Commons Annotations {5.1.2.Final}
2022-05-23 16:22:45,315 INFO com.zaxxer.hikari.HikariDataSource [restartedMain] HikariPool-1 - Starting...
2022-05-23 16:22:47,370 INFO com.zaxxer.hikari.HikariDataSource [restartedMain] HikariPool-1 - Start completed.
2022-05-23 16:22:47,409 INFO org.hibernate.dialect.Dialect [restartedMain] HHH000400: Using dialect: org.hibernate.dialect.Oracle12cDialect
2022-05-23 16:22:49,565 INFO org.hibernate.envers.boot.internal.EnversServiceImpl [restartedMain] Envers integration enabled? : true
2022-05-23 16:22:50,325 INFO org.hibernate.engine.transaction.jta.platform.internal.JtaPlatformInitiator [restartedMain] HHH000490: Using JtaPlatform implementation: [org.hibernate.engine.transaction.jta.platform.internal.NoJtaPlatform]
2022-05-23 16:22:50,338 INFO org.springframework.orm.jpa.AbstractEntityManagerFactoryBean [restartedMain] Initialized JPA EntityManagerFactory for persistence unit 'db1'
2022-05-23 16:22:50,357 INFO org.hibernate.jpa.internal.util.LogHelper [restartedMain] HHH000204: Processing PersistenceUnitInfo [name: db2]
2022-05-23 16:22:50,424 INFO com.zaxxer.hikari.HikariDataSource [restartedMain] HikariPool-2 - Starting...
2022-05-23 16:22:52,228 INFO com.zaxxer.hikari.HikariDataSource [restartedMain] HikariPool-2 - Start completed.
2022-05-23 16:22:52,232 INFO org.hibernate.dialect.Dialect [restartedMain] HHH000400: Using dialect: org.hibernate.dialect.Oracle12cDialect
2022-05-23 16:22:54,502 INFO org.hibernate.envers.boot.internal.EnversServiceImpl [restartedMain] Envers integration enabled? : true
2022-05-23 16:22:54,575 INFO org.hibernate.engine.transaction.jta.platform.internal.JtaPlatformInitiator [restartedMain] HHH000490: Using JtaPlatform implementation: [org.hibernate.engine.transaction.jta.platform.internal.NoJtaPlatform]
2022-05-23 16:22:54,576 INFO org.springframework.orm.jpa.AbstractEntityManagerFactoryBean [restartedMain] Initialized JPA EntityManagerFactory for persistence unit 'db2'
2022-05-23 16:22:54,593 INFO org.hibernate.jpa.internal.util.LogHelper [restartedMain] HHH000204: Processing PersistenceUnitInfo [name: db3]
2022-05-23 16:22:54,677 INFO com.zaxxer.hikari.HikariDataSource [restartedMain] HikariPool-3 - Starting...
2022-05-23 16:22:56,229 INFO com.zaxxer.hikari.HikariDataSource [restartedMain] HikariPool-3 - Start completed.
2022-05-23 16:22:56,240 INFO org.hibernate.dialect.Dialect [restartedMain] HHH000400: Using dialect: org.hibernate.dialect.PostgreSQL10Dialect
2022-05-23 16:22:58,241 INFO org.hibernate.envers.boot.internal.EnversServiceImpl [restartedMain] Envers integration enabled? : true
2022-05-23 16:22:58,329 INFO org.hibernate.engine.transaction.jta.platform.internal.JtaPlatformInitiator [restartedMain] HHH000490: Using JtaPlatform implementation: [org.hibernate.engine.transaction.jta.platform.internal.NoJtaPlatform]
2022-05-23 16:22:58,330 INFO org.springframework.orm.jpa.AbstractEntityManagerFactoryBean [restartedMain] Initialized JPA EntityManagerFactory for persistence unit 'db3'
2022-05-23 16:22:58,343 INFO org.hibernate.jpa.internal.util.LogHelper [restartedMain] HHH000204: Processing PersistenceUnitInfo [name: db4]
2022-05-23 16:22:58,439 INFO com.zaxxer.hikari.HikariDataSource [restartedMain] HikariPool-4 - Starting...
2022-05-23 16:23:00,239 INFO com.zaxxer.hikari.HikariDataSource [restartedMain] HikariPool-4 - Start completed.
2022-05-23 16:23:00,265 INFO org.hibernate.dialect.Dialect [restartedMain] HHH000400: Using dialect: org.hibernate.dialect.Oracle12cDialect
2022-05-23 16:23:02,324 INFO org.hibernate.envers.boot.internal.EnversServiceImpl [restartedMain] Envers integration enabled? : true
2022-05-23 16:23:02,387 INFO org.hibernate.engine.transaction.jta.platform.internal.JtaPlatformInitiator [restartedMain] HHH000490: Using JtaPlatform implementation: [org.hibernate.engine.transaction.jta.platform.internal.NoJtaPlatform]
2022-05-23 16:23:02,388 INFO org.springframework.orm.jpa.AbstractEntityManagerFactoryBean [restartedMain] Initialized JPA EntityManagerFactory for persistence unit 'db4'
2022-05-23 16:23:02,401 INFO org.hibernate.jpa.internal.util.LogHelper [restartedMain] HHH000204: Processing PersistenceUnitInfo [name: db5]
2022-05-23 16:23:02,479 INFO com.zaxxer.hikari.HikariDataSource [restartedMain] HikariPool-5 - Starting...
2022-05-23 16:23:04,371 INFO com.zaxxer.hikari.HikariDataSource [restartedMain] HikariPool-5 - Start completed.
2022-05-23 16:23:04,373 INFO org.hibernate.dialect.Dialect [restartedMain] HHH000400: Using dialect: org.hibernate.dialect.Oracle12cDialect
2022-05-23 16:23:06,433 INFO org.hibernate.envers.boot.internal.EnversServiceImpl [restartedMain] Envers integration enabled? : true
2022-05-23 16:23:06,513 INFO org.hibernate.engine.transaction.jta.platform.internal.JtaPlatformInitiator [restartedMain] HHH000490: Using JtaPlatform implementation: [org.hibernate.engine.transaction.jta.platform.internal.NoJtaPlatform]
2022-05-23 16:23:06,514 INFO org.springframework.orm.jpa.AbstractEntityManagerFactoryBean [restartedMain] Initialized JPA EntityManagerFactory for persistence unit 'db5'
2022-05-23 16:23:08,482 INFO org.springframework.security.web.DefaultSecurityFilterChain [restartedMain] Will secure any request with [org.springframework.security.web.context.request.async.WebAsyncManagerIntegrationFilter@7b0ebc73, org.springframework.security.web.context.SecurityContextPersistenceFilter@4e27c6d6, org.springframework.security.web.header.HeaderWriterFilter@6a235b2d, org.springframework.web.filter.CorsFilter@7e53ecad, org.keycloak.adapters.springsecurity.filter.KeycloakPreAuthActionsFilter@19d4c778, org.keycloak.adapters.springsecurity.filter.KeycloakAuthenticationProcessingFilter@25172232, org.springframework.security.web.authentication.logout.LogoutFilter@6679a7d2, org.springframework.security.web.savedrequest.RequestCacheAwareFilter@7410b860, org.springframework.security.web.servletapi.SecurityContextHolderAwareRequestFilter@41f31888, org.keycloak.adapters.springsecurity.filter.KeycloakSecurityContextRequestFilter@4a6d8ffe, org.keycloak.adapters.springsecurity.filter.KeycloakAuthenticatedActionsFilter@753d7ecc, org.springframework.security.web.authentication.AnonymousAuthenticationFilter@2002d5d7, org.springframework.security.web.session.SessionManagementFilter@3b6f140e, org.springframework.security.web.access.ExceptionTranslationFilter@56b1fda6, org.springframework.security.web.access.intercept.FilterSecurityInterceptor@2fd3ea56]
2022-05-23 16:23:08,867 INFO org.springframework.boot.devtools.autoconfigure.OptionalLiveReloadServer [restartedMain] LiveReload server is running on port 35729
2022-05-23 16:23:08,910 INFO org.apache.juli.logging.DirectJDKLog [restartedMain] Starting ProtocolHandler ["http-nio-8080"]
2022-05-23 16:23:08,933 INFO org.springframework.boot.web.embedded.tomcat.TomcatWebServer [restartedMain] Tomcat started on port(s): 8080 (http) with context path '/misApplication1'
2022-05-23 16:23:08,958 INFO org.springframework.boot.StartupInfoLogger [restartedMain] Started MisApplication1 in 29.516 seconds (JVM running for 30.917)
2022-05-23 16:23:16,018 INFO org.apache.juli.logging.DirectJDKLog [http-nio-8080-exec-1] Initializing Spring DispatcherServlet 'dispatcherServlet'
2022-05-23 16:23:16,019 INFO org.springframework.web.servlet.FrameworkServlet [http-nio-8080-exec-1] Initializing Servlet 'dispatcherServlet'
2022-05-23 16:23:16,020 INFO org.springframework.web.servlet.FrameworkServlet [http-nio-8080-exec-1] Completed initialization in 1 ms
2022-05-23 16:23:16,884 INFO com.mis.eoffice.controller.FileController [http-nio-8080-exec-1] command 7WG
2022-05-23 16:23:16,885 INFO com.mis.eoffice.controller.FileController [http-nio-8080-exec-1] ********Detailed Table********
2022-05-23 16:23:16,886 INFO com.mis.eoffice.serviceImplsKNH.DetailedTableServiceImplKNH [http-nio-8080-exec-1] command 7WG
2022-05-23 16:23:17,924 INFO com.mis.eoffice.serviceImplsKNH.DetailedTableServiceImplKNH [http-nio-8080-exec-1] filename == 7WG-C 200-3-METO BM-I
2022-05-23 16:23:19,087 INFO com.mis.eoffice.serviceImplsKNH.DetailedTableServiceImplKNH [http-nio-8080-exec-1] filename == METO-C 305-1-METO BM-I
2022-05-23 16:23:20,431 INFO com.mis.eoffice.serviceImplsKNH.DetailedTableServiceImplKNH [http-nio-8080-exec-1] filename == 7WG-100-30-METO BM-I
2022-05-23 16:23:21,071 INFO com.mis.eoffice.serviceImplsKNH.DetailedTableServiceImplKNH [http-nio-8080-exec-1] filename == METO-369-1-METO BM-I
2022-05-23 16:23:21,565 INFO com.mis.eoffice.serviceImplsKNH.DetailedTableServiceImplKNH [http-nio-8080-exec-1] filename == 7WG-354-1-METO BM-I
2022-05-23 16:23:22,092 INFO com.mis.eoffice.serviceImplsKNH.DetailedTableServiceImplKNH [http-nio-8080-exec-1] filename == 7WG-309-4-METO(METO1) BM-I
2022-05-23 16:23:22,618 INFO com.mis.eoffice.serviceImplsKNH.DetailedTableServiceImplKNH [http-nio-8080-exec-1] filename == 7WG-358-1-METO BM-I
2022-05-23 16:23:23,213 INFO com.mis.eoffice.serviceImplsKNH.DetailedTableServiceImplKNH [http-nio-8080-exec-1] filename == 7WG-307-13-METO BM-I
2022-05-23 16:23:23,863 INFO com.mis.eoffice.serviceImplsKNH.DetailedTableServiceImplKNH [http-nio-8080-exec-1] filename == 7WG-304-2-METO(METO1) BM-I
2022-05-23 16:23:24,353 INFO com.mis.eoffice.serviceImplsKNH.DetailedTableServiceImplKNH [http-nio-8080-exec-1] filename == 7WG-307-14-METO BM-I
2022-05-23 16:23:24,951 INFO com.mis.eoffice.serviceImplsKNH.DetailedTableServiceImplKNH [http-nio-8080-exec-1] filename == 7WG-301-4-METO BM-I
2022-05-23 16:23:25,480 INFO com.mis.eoffice.serviceImplsKNH.DetailedTableServiceImplKNH [http-nio-8080-exec-1] filename == 7WG-349-1-METO(METO1) BM-I
2022-05-23 16:23:26,026 INFO com.mis.eoffice.serviceImplsKNH.DetailedTableServiceImplKNH [http-nio-8080-exec-1] filename == 7WG-381-1-METO BM-I
2022-05-23 16:23:26,545 INFO com.mis.eoffice.serviceImplsKNH.DetailedTableServiceImplKNH [http-nio-8080-exec-1] filename == 7WG-367-1-METO(METO1) BM-I
2022-05-23 16:23:27,139 INFO com.mis.eoffice.serviceImplsKNH.DetailedTableServiceImplKNH [http-nio-8080-exec-1] filename == 7WG-301-6-METO BM-I
2022-05-23 16:23:27,857 INFO com.mis.eoffice.serviceImplsKNH.DetailedTableServiceImplKNH [http-nio-8080-exec-1] filename == 7WG-301-23-METO BM-I
2022-05-23 16:23:28,392 INFO com.mis.eoffice.serviceImplsKNH.DetailedTableServiceImplKNH [http-nio-8080-exec-1] filename == 7WG-353-1-METO(METO1) BM-I
2022-05-23 16:23:28,983 INFO com.mis.eoffice.serviceImplsKNH.DetailedTableServiceImplKNH [http-nio-8080-exec-1] filename == 7WG-100-31-METO BM-I
2022-05-23 16:23:29,567 INFO com.mis.eoffice.serviceImplsKNH.DetailedTableServiceImplKNH [http-nio-8080-exec-1] filename == 7WG-100-34-METO BM-I
2022-05-23 16:23:30,100 INFO com.mis.eoffice.serviceImplsKNH.DetailedTableServiceImplKNH [http-nio-8080-exec-1] filename == 7WG-100-33-METO BM-I
2022-05-23 16:23:30,632 INFO com.mis.eoffice.serviceImplsKNH.DetailedTableServiceImplKNH [http-nio-8080-exec-1] filename == 7WG-100-28-METO BM-I
2022-05-23 16:23:31,234 INFO com.mis.eoffice.serviceImplsKNH.DetailedTableServiceImplKNH [http-nio-8080-exec-1] filename == 7WG-100-27-METO BM-I
2022-05-23 16:23:31,849 INFO com.mis.eoffice.serviceImplsKNH.DetailedTableServiceImplKNH [http-nio-8080-exec-1] filename == 7WG-290-1-METO BM-I
2022-05-23 16:23:32,382 INFO com.mis.eoffice.serviceImplsKNH.DetailedTableServiceImplKNH [http-nio-8080-exec-1] filename == 7WG-C 200-3-METO BM-I
2022-05-23 16:23:32,991 INFO com.mis.eoffice.serviceImplsKNH.DetailedTableServiceImplKNH [http-nio-8080-exec-1] filename == 7WG-294-1-METO BM-I
2022-05-23 16:23:33,565 INFO com.mis.eoffice.serviceImplsKNH.DetailedTableServiceImplKNH [http-nio-8080-exec-1] filename == 7WG-C 200-3-METO BM-I
2022-05-23 16:23:34,085 INFO com.mis.eoffice.serviceImplsKNH.DetailedTableServiceImplKNH [http-nio-8080-exec-1] filename == 7WG-300-2-METO BM-I
2022-05-23 16:23:34,613 INFO com.mis.eoffice.controller.FileController [http-nio-8080-exec-1] ********Detailed Table Processed********
2022-05-23 16:25:01,009 INFO org.springframework.boot.admin.SpringApplicationAdminMXBeanRegistrar$SpringApplicationAdmin [RMI TCP Connection(2)-127.0.0.1] Application shutdown requested.
2022-05-23 16:25:01,779 INFO org.springframework.orm.jpa.AbstractEntityManagerFactoryBean [RMI TCP Connection(2)-127.0.0.1] Closing JPA EntityManagerFactory for persistence unit 'db5'
2022-05-23 16:25:01,782 INFO com.zaxxer.hikari.HikariDataSource [RMI TCP Connection(2)-127.0.0.1] HikariPool-5 - Shutdown initiated...
2022-05-23 16:25:04,010 INFO com.zaxxer.hikari.HikariDataSource [RMI TCP Connection(2)-127.0.0.1] HikariPool-5 - Shutdown completed.
2022-05-23 16:25:04,012 INFO org.springframework.orm.jpa.AbstractEntityManagerFactoryBean [RMI TCP Connection(2)-127.0.0.1] Closing JPA EntityManagerFactory for persistence unit 'db4'
2022-05-23 16:25:04,015 INFO com.zaxxer.hikari.HikariDataSource [RMI TCP Connection(2)-127.0.0.1] HikariPool-4 - Shutdown initiated...
