2022-05-03 15:12:11,554 INFO org.springframework.boot.StartupInfoLogger [restartedMain] Starting MisApplication1 using Java 1.8.0_301 on shabdita-cc with PID 3252 (C:\Users\admin\Documents\workspace-sts-3.9.11.RELEASE\misApplication1\misApplication1\target\classes started by Shabdita in C:\Users\admin\Documents\workspace-sts-3.9.11.RELEASE\misApplication1\misApplication1)
2022-05-03 15:12:11,560 INFO org.springframework.boot.SpringApplication [restartedMain] The following profiles are active: development
2022-05-03 15:12:11,641 INFO org.springframework.boot.logging.DeferredLog [restartedMain] The Class-Path manifest attribute in C:\Users\admin\.m2\repository\com\oracle\ojdbc\ojdbc8\19.3.0.0\ojdbc8-19.3.0.0.jar referenced one or more files that do not exist: file:/C:/Users/admin/.m2/repository/com/oracle/ojdbc/ojdbc8/19.3.0.0/oraclepki.jar
2022-05-03 15:12:11,642 INFO org.springframework.boot.logging.DeferredLog [restartedMain] The Class-Path manifest attribute in C:\Users\admin\.m2\repository\com\oracle\ojdbc\oraclepki\19.3.0.0\oraclepki-19.3.0.0.jar referenced one or more files that do not exist: file:/C:/Users/admin/.m2/repository/com/oracle/ojdbc/oraclepki/19.3.0.0/osdt_core.jar,file:/C:/Users/admin/.m2/repository/com/oracle/ojdbc/oraclepki/19.3.0.0/osdt_cert.jar,file:/C:/Users/admin/.m2/repository/com/oracle/ojdbc/oraclepki/oracle.osdt/osdt_core.jar,file:/C:/Users/admin/.m2/repository/com/oracle/ojdbc/oraclepki/oracle.osdt/osdt_cert.jar
2022-05-03 15:12:11,642 INFO org.springframework.boot.logging.DeferredLog [restartedMain] The Class-Path manifest attribute in C:\Users\admin\.m2\repository\com\oracle\database\jdbc\ojdbc8\19.8.0.0\ojdbc8-19.8.0.0.jar referenced one or more files that do not exist: file:/C:/Users/admin/.m2/repository/com/oracle/database/jdbc/ojdbc8/19.8.0.0/oraclepki.jar
2022-05-03 15:12:11,643 INFO org.springframework.boot.logging.DeferredLog [restartedMain] Devtools property defaults active! Set 'spring.devtools.add-properties' to 'false' to disable
2022-05-03 15:12:11,644 INFO org.springframework.boot.logging.DeferredLog [restartedMain] For additional web related logging consider setting the 'logging.level.web' property to 'DEBUG'
2022-05-03 15:12:12,745 INFO org.springframework.data.repository.config.RepositoryConfigurationDelegate [restartedMain] Multiple Spring Data modules found, entering strict repository configuration mode!
2022-05-03 15:12:12,746 INFO org.springframework.data.repository.config.RepositoryConfigurationDelegate [restartedMain] Bootstrapping Spring Data JPA repositories in DEFAULT mode.
2022-05-03 15:12:12,855 INFO org.springframework.data.repository.config.RepositoryConfigurationDelegate [restartedMain] Finished Spring Data repository scanning in 89 ms. Found 3 JPA repository interfaces.
2022-05-03 15:12:12,856 INFO org.springframework.data.repository.config.RepositoryConfigurationDelegate [restartedMain] Multiple Spring Data modules found, entering strict repository configuration mode!
2022-05-03 15:12:12,857 INFO org.springframework.data.repository.config.RepositoryConfigurationDelegate [restartedMain] Bootstrapping Spring Data JPA repositories in DEFAULT mode.
2022-05-03 15:12:12,885 INFO org.springframework.data.repository.config.RepositoryConfigurationDelegate [restartedMain] Finished Spring Data repository scanning in 27 ms. Found 4 JPA repository interfaces.
2022-05-03 15:12:12,886 INFO org.springframework.data.repository.config.RepositoryConfigurationDelegate [restartedMain] Multiple Spring Data modules found, entering strict repository configuration mode!
2022-05-03 15:12:12,886 INFO org.springframework.data.repository.config.RepositoryConfigurationDelegate [restartedMain] Bootstrapping Spring Data JPA repositories in DEFAULT mode.
2022-05-03 15:12:12,915 INFO org.springframework.data.repository.config.RepositoryConfigurationDelegate [restartedMain] Finished Spring Data repository scanning in 28 ms. Found 6 JPA repository interfaces.
2022-05-03 15:12:14,390 INFO org.springframework.boot.web.embedded.tomcat.TomcatWebServer [restartedMain] Tomcat initialized with port(s): 8080 (http)
2022-05-03 15:12:14,400 INFO org.apache.juli.logging.DirectJDKLog [restartedMain] Initializing ProtocolHandler ["http-nio-8080"]
2022-05-03 15:12:14,401 INFO org.apache.juli.logging.DirectJDKLog [restartedMain] Starting service [Tomcat]
2022-05-03 15:12:14,402 INFO org.apache.juli.logging.DirectJDKLog [restartedMain] Starting Servlet engine: [Apache Tomcat/9.0.46]
2022-05-03 15:12:14,538 INFO org.apache.juli.logging.DirectJDKLog [restartedMain] Initializing Spring embedded WebApplicationContext
2022-05-03 15:12:14,539 INFO org.springframework.boot.web.servlet.context.ServletWebServerApplicationContext [restartedMain] Root WebApplicationContext: initialization completed in 2893 ms
2022-05-03 15:12:14,931 INFO org.hibernate.jpa.internal.util.LogHelper [restartedMain] HHH000204: Processing PersistenceUnitInfo [name: db1]
2022-05-03 15:12:15,148 INFO org.hibernate.Version [restartedMain] HHH000412: Hibernate ORM core version 5.4.32.Final
2022-05-03 15:12:15,357 INFO org.hibernate.annotations.common.reflection.java.JavaReflectionManager [restartedMain] HCANN000001: Hibernate Commons Annotations {5.1.2.Final}
2022-05-03 15:12:15,642 INFO com.zaxxer.hikari.HikariDataSource [restartedMain] HikariPool-1 - Starting...
2022-05-03 15:12:17,635 INFO com.zaxxer.hikari.HikariDataSource [restartedMain] HikariPool-1 - Start completed.
2022-05-03 15:12:17,677 INFO org.hibernate.dialect.Dialect [restartedMain] HHH000400: Using dialect: org.hibernate.dialect.Oracle12cDialect
2022-05-03 15:12:19,900 INFO org.hibernate.envers.boot.internal.EnversServiceImpl [restartedMain] Envers integration enabled? : true
2022-05-03 15:12:20,689 INFO org.hibernate.engine.transaction.jta.platform.internal.JtaPlatformInitiator [restartedMain] HHH000490: Using JtaPlatform implementation: [org.hibernate.engine.transaction.jta.platform.internal.NoJtaPlatform]
2022-05-03 15:12:20,702 INFO org.springframework.orm.jpa.AbstractEntityManagerFactoryBean [restartedMain] Initialized JPA EntityManagerFactory for persistence unit 'db1'
2022-05-03 15:12:20,720 INFO org.hibernate.jpa.internal.util.LogHelper [restartedMain] HHH000204: Processing PersistenceUnitInfo [name: db2]
2022-05-03 15:12:20,773 INFO com.zaxxer.hikari.HikariDataSource [restartedMain] HikariPool-2 - Starting...
2022-05-03 15:12:22,440 INFO com.zaxxer.hikari.HikariDataSource [restartedMain] HikariPool-2 - Start completed.
2022-05-03 15:12:22,441 INFO org.hibernate.dialect.Dialect [restartedMain] HHH000400: Using dialect: org.hibernate.dialect.Oracle12cDialect
2022-05-03 15:12:24,532 INFO org.hibernate.envers.boot.internal.EnversServiceImpl [restartedMain] Envers integration enabled? : true
2022-05-03 15:12:24,623 INFO org.hibernate.engine.transaction.jta.platform.internal.JtaPlatformInitiator [restartedMain] HHH000490: Using JtaPlatform implementation: [org.hibernate.engine.transaction.jta.platform.internal.NoJtaPlatform]
2022-05-03 15:12:24,624 INFO org.springframework.orm.jpa.AbstractEntityManagerFactoryBean [restartedMain] Initialized JPA EntityManagerFactory for persistence unit 'db2'
2022-05-03 15:12:24,637 INFO org.hibernate.jpa.internal.util.LogHelper [restartedMain] HHH000204: Processing PersistenceUnitInfo [name: db3]
2022-05-03 15:12:24,686 INFO com.zaxxer.hikari.HikariDataSource [restartedMain] HikariPool-3 - Starting...
2022-05-03 15:12:26,277 INFO com.zaxxer.hikari.HikariDataSource [restartedMain] HikariPool-3 - Start completed.
2022-05-03 15:12:26,288 INFO org.hibernate.dialect.Dialect [restartedMain] HHH000400: Using dialect: org.hibernate.dialect.PostgreSQL10Dialect
2022-05-03 15:12:28,112 INFO org.hibernate.envers.boot.internal.EnversServiceImpl [restartedMain] Envers integration enabled? : true
2022-05-03 15:12:28,187 INFO org.hibernate.engine.transaction.jta.platform.internal.JtaPlatformInitiator [restartedMain] HHH000490: Using JtaPlatform implementation: [org.hibernate.engine.transaction.jta.platform.internal.NoJtaPlatform]
2022-05-03 15:12:28,188 INFO org.springframework.orm.jpa.AbstractEntityManagerFactoryBean [restartedMain] Initialized JPA EntityManagerFactory for persistence unit 'db3'
2022-05-03 15:12:29,681 INFO org.springframework.security.web.DefaultSecurityFilterChain [restartedMain] Will secure any request with [org.springframework.security.web.context.request.async.WebAsyncManagerIntegrationFilter@787b265e, org.springframework.security.web.context.SecurityContextPersistenceFilter@4d5d10ac, org.springframework.security.web.header.HeaderWriterFilter@74f7f7c7, org.springframework.web.filter.CorsFilter@63bd6c8a, org.keycloak.adapters.springsecurity.filter.KeycloakPreAuthActionsFilter@62302f6c, org.keycloak.adapters.springsecurity.filter.KeycloakAuthenticationProcessingFilter@7b3c2435, org.springframework.security.web.authentication.logout.LogoutFilter@435a7c19, org.springframework.security.web.savedrequest.RequestCacheAwareFilter@666c0bd9, org.springframework.security.web.servletapi.SecurityContextHolderAwareRequestFilter@5f6c965c, org.keycloak.adapters.springsecurity.filter.KeycloakSecurityContextRequestFilter@65da0dbb, org.keycloak.adapters.springsecurity.filter.KeycloakAuthenticatedActionsFilter@6f21523, org.springframework.security.web.authentication.AnonymousAuthenticationFilter@22396279, org.springframework.security.web.session.SessionManagementFilter@7abdf41f, org.springframework.security.web.access.ExceptionTranslationFilter@6c28de35, org.springframework.security.web.access.intercept.FilterSecurityInterceptor@723c56d4]
2022-05-03 15:12:29,906 INFO org.springframework.boot.devtools.autoconfigure.OptionalLiveReloadServer [restartedMain] LiveReload server is running on port 35729
2022-05-03 15:12:29,935 INFO org.apache.juli.logging.DirectJDKLog [restartedMain] Starting ProtocolHandler ["http-nio-8080"]
2022-05-03 15:12:29,954 INFO org.springframework.boot.web.embedded.tomcat.TomcatWebServer [restartedMain] Tomcat started on port(s): 8080 (http) with context path '/misApplication1'
2022-05-03 15:12:29,974 INFO org.springframework.boot.StartupInfoLogger [restartedMain] Started MisApplication1 in 19.035 seconds (JVM running for 20.258)
2022-05-03 15:13:44,400 INFO org.apache.juli.logging.DirectJDKLog [http-nio-8080-exec-1] Initializing Spring DispatcherServlet 'dispatcherServlet'
2022-05-03 15:13:44,401 INFO org.springframework.web.servlet.FrameworkServlet [http-nio-8080-exec-1] Initializing Servlet 'dispatcherServlet'
2022-05-03 15:13:44,403 INFO org.springframework.web.servlet.FrameworkServlet [http-nio-8080-exec-1] Completed initialization in 2 ms
2022-05-03 15:13:44,538 ERROR org.apache.juli.logging.DirectJDKLog [http-nio-8080-exec-1] Servlet.service() for servlet [dispatcherServlet] in context with path [/misApplication1] threw exception [Request processing failed; nested exception is java.lang.NullPointerException] with root cause
java.lang.NullPointerException: null
	at com.mis.eoffice.controller.FileController.getSauData(FileController.java:98)
	at sun.reflect.NativeMethodAccessorImpl.invoke0(Native Method)
	at sun.reflect.NativeMethodAccessorImpl.invoke(Unknown Source)
	at sun.reflect.DelegatingMethodAccessorImpl.invoke(Unknown Source)
	at java.lang.reflect.Method.invoke(Unknown Source)
	at org.springframework.web.method.support.InvocableHandlerMethod.doInvoke(InvocableHandlerMethod.java:197)
	at org.springframework.web.method.support.InvocableHandlerMethod.invokeForRequest(InvocableHandlerMethod.java:141)
	at org.springframework.web.servlet.mvc.method.annotation.ServletInvocableHandlerMethod.invokeAndHandle(ServletInvocableHandlerMethod.java:106)
	at org.springframework.web.servlet.mvc.method.annotation.RequestMappingHandlerAdapter.invokeHandlerMethod(RequestMappingHandlerAdapter.java:894)
	at org.springframework.web.servlet.mvc.method.annotation.RequestMappingHandlerAdapter.handleInternal(RequestMappingHandlerAdapter.java:808)
	at org.springframework.web.servlet.mvc.method.AbstractHandlerMethodAdapter.handle(AbstractHandlerMethodAdapter.java:87)
	at org.springframework.web.servlet.DispatcherServlet.doDispatch(DispatcherServlet.java:1063)
	at org.springframework.web.servlet.DispatcherServlet.doService(DispatcherServlet.java:963)
	at org.springframework.web.servlet.FrameworkServlet.processRequest(FrameworkServlet.java:1006)
	at org.springframework.web.servlet.FrameworkServlet.doGet(FrameworkServlet.java:898)
	at javax.servlet.http.HttpServlet.service(HttpServlet.java:645)
	at org.springframework.web.servlet.FrameworkServlet.service(FrameworkServlet.java:883)
	at javax.servlet.http.HttpServlet.service(HttpServlet.java:750)
	at org.apache.catalina.core.ApplicationFilterChain.internalDoFilter(ApplicationFilterChain.java:227)
	at org.apache.catalina.core.ApplicationFilterChain.doFilter(ApplicationFilterChain.java:162)
	at org.apache.tomcat.websocket.server.WsFilter.doFilter(WsFilter.java:53)
	at org.apache.catalina.core.ApplicationFilterChain.internalDoFilter(ApplicationFilterChain.java:189)
	at org.apache.catalina.core.ApplicationFilterChain.doFilter(ApplicationFilterChain.java:162)
	at org.keycloak.adapters.springsecurity.filter.KeycloakAuthenticatedActionsFilter.doFilter(KeycloakAuthenticatedActionsFilter.java:57)
	at org.apache.catalina.core.ApplicationFilterChain.internalDoFilter(ApplicationFilterChain.java:189)
	at org.apache.catalina.core.ApplicationFilterChain.doFilter(ApplicationFilterChain.java:162)
	at org.keycloak.adapters.springsecurity.filter.KeycloakSecurityContextRequestFilter.doFilter(KeycloakSecurityContextRequestFilter.java:61)
	at org.apache.catalina.core.ApplicationFilterChain.internalDoFilter(ApplicationFilterChain.java:189)
	at org.apache.catalina.core.ApplicationFilterChain.doFilter(ApplicationFilterChain.java:162)
	at org.keycloak.adapters.springsecurity.filter.KeycloakPreAuthActionsFilter.doFilter(KeycloakPreAuthActionsFilter.java:96)
	at org.apache.catalina.core.ApplicationFilterChain.internalDoFilter(ApplicationFilterChain.java:189)
	at org.apache.catalina.core.ApplicationFilterChain.doFilter(ApplicationFilterChain.java:162)
	at org.springframework.security.web.authentication.AbstractAuthenticationProcessingFilter.doFilter(AbstractAuthenticationProcessingFilter.java:218)
	at org.springframework.security.web.authentication.AbstractAuthenticationProcessingFilter.doFilter(AbstractAuthenticationProcessingFilter.java:212)
	at org.apache.catalina.core.ApplicationFilterChain.internalDoFilter(ApplicationFilterChain.java:189)
	at org.apache.catalina.core.ApplicationFilterChain.doFilter(ApplicationFilterChain.java:162)
	at org.springframework.security.web.FilterChainProxy$VirtualFilterChain.doFilter(FilterChainProxy.java:327)
	at org.springframework.security.web.access.intercept.FilterSecurityInterceptor.invoke(FilterSecurityInterceptor.java:115)
	at org.springframework.security.web.access.intercept.FilterSecurityInterceptor.doFilter(FilterSecurityInterceptor.java:81)
	at org.springframework.security.web.FilterChainProxy$VirtualFilterChain.doFilter(FilterChainProxy.java:336)
	at org.springframework.security.web.access.ExceptionTranslationFilter.doFilter(ExceptionTranslationFilter.java:119)
	at org.springframework.security.web.access.ExceptionTranslationFilter.doFilter(ExceptionTranslationFilter.java:113)
	at org.springframework.security.web.FilterChainProxy$VirtualFilterChain.doFilter(FilterChainProxy.java:336)
	at org.springframework.security.web.session.SessionManagementFilter.doFilter(SessionManagementFilter.java:126)
	at org.springframework.security.web.session.SessionManagementFilter.doFilter(SessionManagementFilter.java:81)
	at org.springframework.security.web.FilterChainProxy$VirtualFilterChain.doFilter(FilterChainProxy.java:336)
	at org.springframework.security.web.authentication.AnonymousAuthenticationFilter.doFilter(AnonymousAuthenticationFilter.java:105)
	at org.springframework.security.web.FilterChainProxy$VirtualFilterChain.doFilter(FilterChainProxy.java:336)
	at org.keycloak.adapters.springsecurity.filter.KeycloakAuthenticatedActionsFilter.doFilter(KeycloakAuthenticatedActionsFilter.java:74)
	at org.springframework.security.web.FilterChainProxy$VirtualFilterChain.doFilter(FilterChainProxy.java:336)
	at org.keycloak.adapters.springsecurity.filter.KeycloakSecurityContextRequestFilter.doFilter(KeycloakSecurityContextRequestFilter.java:92)
	at org.springframework.security.web.FilterChainProxy$VirtualFilterChain.doFilter(FilterChainProxy.java:336)
	at org.springframework.security.web.servletapi.SecurityContextHolderAwareRequestFilter.doFilter(SecurityContextHolderAwareRequestFilter.java:149)
	at org.springframework.security.web.FilterChainProxy$VirtualFilterChain.doFilter(FilterChainProxy.java:336)
	at org.springframework.security.web.savedrequest.RequestCacheAwareFilter.doFilter(RequestCacheAwareFilter.java:63)
	at org.springframework.security.web.FilterChainProxy$VirtualFilterChain.doFilter(FilterChainProxy.java:336)
	at org.springframework.security.web.authentication.logout.LogoutFilter.doFilter(LogoutFilter.java:103)
	at org.springframework.security.web.authentication.logout.LogoutFilter.doFilter(LogoutFilter.java:89)
	at org.springframework.security.web.FilterChainProxy$VirtualFilterChain.doFilter(FilterChainProxy.java:336)
	at org.springframework.security.web.authentication.AbstractAuthenticationProcessingFilter.doFilter(AbstractAuthenticationProcessingFilter.java:218)
	at org.springframework.security.web.authentication.AbstractAuthenticationProcessingFilter.doFilter(AbstractAuthenticationProcessingFilter.java:212)
	at org.springframework.security.web.FilterChainProxy$VirtualFilterChain.doFilter(FilterChainProxy.java:336)
	at org.keycloak.adapters.springsecurity.filter.KeycloakPreAuthActionsFilter.doFilter(KeycloakPreAuthActionsFilter.java:96)
	at org.springframework.security.web.FilterChainProxy$VirtualFilterChain.doFilter(FilterChainProxy.java:336)
	at org.springframework.web.filter.CorsFilter.doFilterInternal(CorsFilter.java:91)
	at org.springframework.web.filter.OncePerRequestFilter.doFilter(OncePerRequestFilter.java:119)
	at org.springframework.security.web.FilterChainProxy$VirtualFilterChain.doFilter(FilterChainProxy.java:336)
	at org.springframework.security.web.header.HeaderWriterFilter.doHeadersAfter(HeaderWriterFilter.java:90)
	at org.springframework.security.web.header.HeaderWriterFilter.doFilterInternal(HeaderWriterFilter.java:75)
	at org.springframework.web.filter.OncePerRequestFilter.doFilter(OncePerRequestFilter.java:119)
	at org.springframework.security.web.FilterChainProxy$VirtualFilterChain.doFilter(FilterChainProxy.java:336)
	at org.springframework.security.web.context.SecurityContextPersistenceFilter.doFilter(SecurityContextPersistenceFilter.java:110)
	at org.springframework.security.web.context.SecurityContextPersistenceFilter.doFilter(SecurityContextPersistenceFilter.java:80)
	at org.springframework.security.web.FilterChainProxy$VirtualFilterChain.doFilter(FilterChainProxy.java:336)
	at org.springframework.security.web.context.request.async.WebAsyncManagerIntegrationFilter.doFilterInternal(WebAsyncManagerIntegrationFilter.java:55)
	at org.springframework.web.filter.OncePerRequestFilter.doFilter(OncePerRequestFilter.java:119)
	at org.springframework.security.web.FilterChainProxy$VirtualFilterChain.doFilter(FilterChainProxy.java:336)
	at org.springframework.security.web.FilterChainProxy.doFilterInternal(FilterChainProxy.java:211)
	at org.springframework.security.web.FilterChainProxy.doFilter(FilterChainProxy.java:183)
	at org.springframework.web.filter.DelegatingFilterProxy.invokeDelegate(DelegatingFilterProxy.java:358)
	at org.springframework.web.filter.DelegatingFilterProxy.doFilter(DelegatingFilterProxy.java:271)
	at org.apache.catalina.core.ApplicationFilterChain.internalDoFilter(ApplicationFilterChain.java:189)
	at org.apache.catalina.core.ApplicationFilterChain.doFilter(ApplicationFilterChain.java:162)
	at org.springframework.web.filter.RequestContextFilter.doFilterInternal(RequestContextFilter.java:100)
	at org.springframework.web.filter.OncePerRequestFilter.doFilter(OncePerRequestFilter.java:119)
	at org.apache.catalina.core.ApplicationFilterChain.internalDoFilter(ApplicationFilterChain.java:189)
	at org.apache.catalina.core.ApplicationFilterChain.doFilter(ApplicationFilterChain.java:162)
	at org.springframework.web.filter.FormContentFilter.doFilterInternal(FormContentFilter.java:93)
	at org.springframework.web.filter.OncePerRequestFilter.doFilter(OncePerRequestFilter.java:119)
	at org.apache.catalina.core.ApplicationFilterChain.internalDoFilter(ApplicationFilterChain.java:189)
	at org.apache.catalina.core.ApplicationFilterChain.doFilter(ApplicationFilterChain.java:162)
	at org.springframework.web.filter.CharacterEncodingFilter.doFilterInternal(CharacterEncodingFilter.java:201)
	at org.springframework.web.filter.OncePerRequestFilter.doFilter(OncePerRequestFilter.java:119)
	at org.apache.catalina.core.ApplicationFilterChain.internalDoFilter(ApplicationFilterChain.java:189)
	at org.apache.catalina.core.ApplicationFilterChain.doFilter(ApplicationFilterChain.java:162)
	at org.apache.catalina.core.StandardWrapperValve.invoke(StandardWrapperValve.java:202)
	at org.apache.catalina.core.StandardContextValve.invoke(StandardContextValve.java:97)
	at org.keycloak.adapters.tomcat.AbstractAuthenticatedActionsValve.invoke(AbstractAuthenticatedActionsValve.java:67)
	at org.apache.catalina.authenticator.AuthenticatorBase.invoke(AuthenticatorBase.java:542)
	at org.keycloak.adapters.tomcat.AbstractKeycloakAuthenticatorValve.invoke(AbstractKeycloakAuthenticatorValve.java:181)
	at org.apache.catalina.core.StandardHostValve.invoke(StandardHostValve.java:143)
	at org.apache.catalina.valves.ErrorReportValve.invoke(ErrorReportValve.java:92)
	at org.apache.catalina.core.StandardEngineValve.invoke(StandardEngineValve.java:78)
	at org.apache.catalina.valves.AbstractAccessLogValve.invoke(AbstractAccessLogValve.java:687)
	at org.apache.catalina.connector.CoyoteAdapter.service(CoyoteAdapter.java:357)
	at org.apache.coyote.http11.Http11Processor.service(Http11Processor.java:374)
	at org.apache.coyote.AbstractProcessorLight.process(AbstractProcessorLight.java:65)
	at org.apache.coyote.AbstractProtocol$ConnectionHandler.process(AbstractProtocol.java:893)
	at org.apache.tomcat.util.net.NioEndpoint$SocketProcessor.doRun(NioEndpoint.java:1707)
	at org.apache.tomcat.util.net.SocketProcessorBase.run(SocketProcessorBase.java:49)
	at java.util.concurrent.ThreadPoolExecutor.runWorker(Unknown Source)
	at java.util.concurrent.ThreadPoolExecutor$Worker.run(Unknown Source)
	at org.apache.tomcat.util.threads.TaskThread$WrappingRunnable.run(TaskThread.java:61)
	at java.lang.Thread.run(Unknown Source)
2022-05-03 15:14:38,133 INFO com.mis.eoffice.controller.FileController [http-nio-8080-exec-2] command 7WG
2022-05-03 15:14:38,134 INFO com.mis.eoffice.serviceImpls.MainTableDataServiceImpl [http-nio-8080-exec-2] Parsing Start for Department :7WG.METO
2022-05-03 15:14:51,180 INFO com.mis.eoffice.controller.FileController [http-nio-8080-exec-3] command 7WG
2022-05-03 15:14:51,181 INFO com.mis.eoffice.serviceImpls.MainTableDataServiceImpl [http-nio-8080-exec-3] Parsing Start for Department :7WG.HRC
2022-05-03 15:15:29,707 INFO com.mis.eoffice.serviceImpls.DashboardDataServiceImpl [http-nio-8080-exec-4] command 7WG
2022-05-03 15:15:29,710 INFO com.mis.eoffice.serviceImpls.DashboardDataServiceImpl [http-nio-8080-exec-4] Parsing Start for Department (Dashboard):7WG.METO
2022-05-03 15:15:29,788 INFO com.mis.eoffice.controller.FileController [http-nio-8080-exec-4] SauBranchFiltDto List [SauBranchFiltDto(fileId=66, totalFilePendingTenDaysSau=null, totalFilesPendingFiveTenSau=null, totalFilesPendingFiveSau=null, totalSau=27, totalFilePendingTenDaysCau=null, totalFilesPendingFiveTenCau=null, totalFilesPendingFiveCau=null, totalCau=null, rObjectId=null, sauDisplayName=METO, sauBranch=7WG.METO, sauId=12325, parentId=0, sauParent=null, lastUpdated=null, hasItems=true)]
2022-05-03 15:17:03,069 INFO com.mis.eoffice.controller.FileController [http-nio-8080-exec-6] command 7WG
2022-05-03 15:17:03,072 INFO com.mis.eoffice.controller.FileController [http-nio-8080-exec-6] ********Detailed Table********
2022-05-03 15:17:03,074 INFO com.mis.eoffice.serviceImpls.DetailedTableServiceImpl [http-nio-8080-exec-6] command 7WG
2022-05-03 15:17:04,640 INFO com.mis.eoffice.serviceImpls.DetailedTableServiceImpl [http-nio-8080-exec-6] filename == 7WG-100-20-HRC BM-I
2022-05-03 15:17:05,442 INFO com.mis.eoffice.serviceImpls.DetailedTableServiceImpl [http-nio-8080-exec-6] filename == 7WG-C 101-1-HRC(HRC1) BM-I
2022-05-03 15:17:05,971 INFO com.mis.eoffice.serviceImpls.DetailedTableServiceImpl [http-nio-8080-exec-6] filename == 7WG-100-23-HRC BM-I
2022-05-03 15:17:06,489 INFO com.mis.eoffice.serviceImpls.DetailedTableServiceImpl [http-nio-8080-exec-6] filename == 7WG-100-22-HRC BM-I
2022-05-03 15:17:07,019 INFO com.mis.eoffice.serviceImpls.DetailedTableServiceImpl [http-nio-8080-exec-6] filename == 7WG-C 100-3-HRC BM-I
2022-05-03 15:17:07,536 INFO com.mis.eoffice.serviceImpls.DetailedTableServiceImpl [http-nio-8080-exec-6] filename == 7WG-C 101-2-HRC(HRC1) BM-I
2022-05-03 15:17:08,058 INFO com.mis.eoffice.serviceImpls.DetailedTableServiceImpl [http-nio-8080-exec-6] filename == 7WG-100-25-HRC BM-I
2022-05-03 15:17:08,579 INFO com.mis.eoffice.serviceImpls.DetailedTableServiceImpl [http-nio-8080-exec-6] filename == 7WG-100-8-HRC BM-I
2022-05-03 15:17:09,109 INFO com.mis.eoffice.serviceImpls.DetailedTableServiceImpl [http-nio-8080-exec-6] filename == 7WG-100-29-HRC BM-I
2022-05-03 15:17:09,809 INFO com.mis.eoffice.serviceImpls.DetailedTableServiceImpl [http-nio-8080-exec-6] filename == 7WG-100-47-HRC BM-I
2022-05-03 15:17:10,348 INFO com.mis.eoffice.serviceImpls.DetailedTableServiceImpl [http-nio-8080-exec-6] filename == 7WG-101-3-HRC BM-I
2022-05-03 15:17:10,888 INFO com.mis.eoffice.serviceImpls.DetailedTableServiceImpl [http-nio-8080-exec-6] filename == 7WG-100-30-HRC BM-I
2022-05-03 15:17:11,427 INFO com.mis.eoffice.serviceImpls.DetailedTableServiceImpl [http-nio-8080-exec-6] filename == 7WG-100-31-HRC BM-I
2022-05-03 15:17:11,954 INFO com.mis.eoffice.serviceImpls.DetailedTableServiceImpl [http-nio-8080-exec-6] filename == 7WG-100-34-HRC BM-I
2022-05-03 15:17:12,479 INFO com.mis.eoffice.serviceImpls.DetailedTableServiceImpl [http-nio-8080-exec-6] filename == 7WG-100-90-HRC BM-I
2022-05-03 15:17:13,072 INFO com.mis.eoffice.serviceImpls.DetailedTableServiceImpl [http-nio-8080-exec-6] filename == 7WG-207-1-HRC BM-I
2022-05-03 15:17:13,602 INFO com.mis.eoffice.serviceImpls.DetailedTableServiceImpl [http-nio-8080-exec-6] filename == 7WG-100-70-HRC BM-I
2022-05-03 15:17:14,145 INFO com.mis.eoffice.serviceImpls.DetailedTableServiceImpl [http-nio-8080-exec-6] filename == 7WG-100-5-HRC BM-I
2022-05-03 15:17:14,676 INFO com.mis.eoffice.serviceImpls.DetailedTableServiceImpl [http-nio-8080-exec-6] filename == 7WG-100-7-HRC BM-I
2022-05-03 15:17:15,199 INFO com.mis.eoffice.serviceImpls.DetailedTableServiceImpl [http-nio-8080-exec-6] filename == 7WG-101-15-HRC BM-I
2022-05-03 15:17:15,728 INFO com.mis.eoffice.serviceImpls.DetailedTableServiceImpl [http-nio-8080-exec-6] filename == 7WG-100-28-HRC BM-I
2022-05-03 15:17:16,217 INFO com.mis.eoffice.serviceImpls.DetailedTableServiceImpl [http-nio-8080-exec-6] filename == 7WG-100-37-HRC BM-I
2022-05-03 15:17:16,748 INFO com.mis.eoffice.serviceImpls.DetailedTableServiceImpl [http-nio-8080-exec-6] filename == 7WG-100-38-HRC BM-I
2022-05-03 15:17:17,276 INFO com.mis.eoffice.serviceImpls.DetailedTableServiceImpl [http-nio-8080-exec-6] filename == 7WG-100-39-HRC BM-I
2022-05-03 15:17:17,816 INFO com.mis.eoffice.serviceImpls.DetailedTableServiceImpl [http-nio-8080-exec-6] filename == 7WG-200-3-HRC BM-I (PC1)
2022-05-03 15:17:18,340 INFO com.mis.eoffice.serviceImpls.DetailedTableServiceImpl [http-nio-8080-exec-6] filename == 7WG-100-35-HRC BM-I
2022-05-03 15:17:18,869 INFO com.mis.eoffice.serviceImpls.DetailedTableServiceImpl [http-nio-8080-exec-6] filename == 7WG-190-1-HRC BM-I
2022-05-03 15:17:19,402 INFO com.mis.eoffice.serviceImpls.DetailedTableServiceImpl [http-nio-8080-exec-6] filename == 7WG-201-2-HRC BM-I
2022-05-03 15:17:19,930 INFO com.mis.eoffice.serviceImpls.DetailedTableServiceImpl [http-nio-8080-exec-6] filename == 7WG-100-40-HRC BM-I
2022-05-03 15:17:20,479 INFO com.mis.eoffice.serviceImpls.DetailedTableServiceImpl [http-nio-8080-exec-6] filename == 7WG-217-7-HRC BM-I
2022-05-03 15:17:21,015 INFO com.mis.eoffice.serviceImpls.DetailedTableServiceImpl [http-nio-8080-exec-6] filename == 7WG-101-14-HRC BM-I
2022-05-03 15:17:21,539 INFO com.mis.eoffice.serviceImpls.DetailedTableServiceImpl [http-nio-8080-exec-6] filename == 7WG-201-8-HRC BM-I
2022-05-03 15:17:22,074 INFO com.mis.eoffice.serviceImpls.DetailedTableServiceImpl [http-nio-8080-exec-6] filename == 7WG-C 190-1-HRC(HRC1) BM-I
2022-05-03 15:17:22,603 INFO com.mis.eoffice.serviceImpls.DetailedTableServiceImpl [http-nio-8080-exec-6] filename == 7WG-201-9-HRC BM-I
2022-05-03 15:17:23,135 INFO com.mis.eoffice.serviceImpls.DetailedTableServiceImpl [http-nio-8080-exec-6] filename == 7WG-201-7-HRC BM-I
2022-05-03 15:17:23,660 INFO com.mis.eoffice.serviceImpls.DetailedTableServiceImpl [http-nio-8080-exec-6] filename == 7WG-101-1-HRC BM-I
2022-05-03 15:17:24,187 INFO com.mis.eoffice.serviceImpls.DetailedTableServiceImpl [http-nio-8080-exec-6] filename == 7WG-210-115-HRC BM-I
2022-05-03 15:17:24,711 INFO com.mis.eoffice.serviceImpls.DetailedTableServiceImpl [http-nio-8080-exec-6] filename == 7WG-190-2-HRC BM-I
2022-05-03 15:17:25,240 INFO com.mis.eoffice.serviceImpls.DetailedTableServiceImpl [http-nio-8080-exec-6] filename == 7WG-100-92-HRC BM-I
2022-05-03 15:17:25,841 INFO com.mis.eoffice.serviceImpls.DetailedTableServiceImpl [http-nio-8080-exec-6] filename == 7WG-100-6-HRC BM-I
2022-05-03 15:17:26,372 INFO com.mis.eoffice.serviceImpls.DetailedTableServiceImpl [http-nio-8080-exec-6] filename == 7WG-100-76-HRC(case 11132213289823) BM-I
2022-05-03 15:17:26,902 INFO com.mis.eoffice.serviceImpls.DetailedTableServiceImpl [http-nio-8080-exec-6] filename == 7WG-201-4-HRC BM-I
2022-05-03 15:17:27,427 INFO com.mis.eoffice.serviceImpls.DetailedTableServiceImpl [http-nio-8080-exec-6] filename == 7WG-201-10-HRC BM-I
2022-05-03 15:17:27,948 INFO com.mis.eoffice.serviceImpls.DetailedTableServiceImpl [http-nio-8080-exec-6] filename == 7WG-200-26-HRC BM-I
2022-05-03 15:17:28,479 INFO com.mis.eoffice.serviceImpls.DetailedTableServiceImpl [http-nio-8080-exec-6] filename == 7WG-100-54-HRC BM-I
2022-05-03 15:17:29,009 INFO com.mis.eoffice.serviceImpls.DetailedTableServiceImpl [http-nio-8080-exec-6] filename == 7WG-266-1-HRC(HRC1) BM-I
2022-05-03 15:17:29,527 INFO com.mis.eoffice.serviceImpls.DetailedTableServiceImpl [http-nio-8080-exec-6] filename == 7WG-200-4-HRC BM-I
2022-05-03 15:17:30,054 INFO com.mis.eoffice.serviceImpls.DetailedTableServiceImpl [http-nio-8080-exec-6] filename == 7WG-200-1-HRC BM-I
2022-05-03 15:17:30,587 INFO com.mis.eoffice.serviceImpls.DetailedTableServiceImpl [http-nio-8080-exec-6] filename == 7WG-100-65-HRC BM-I
2022-05-03 15:17:31,110 INFO com.mis.eoffice.serviceImpls.DetailedTableServiceImpl [http-nio-8080-exec-6] filename == 7WG-191-2-HRC BM-I
2022-05-03 15:17:31,633 INFO com.mis.eoffice.serviceImpls.DetailedTableServiceImpl [http-nio-8080-exec-6] filename == 7WG-100-61-HRC BM-I (PC2)
2022-05-03 15:17:32,153 INFO com.mis.eoffice.serviceImpls.DetailedTableServiceImpl [http-nio-8080-exec-6] filename == 7WG-200-18-HRC BM-I
2022-05-03 15:17:32,681 INFO com.mis.eoffice.serviceImpls.DetailedTableServiceImpl [http-nio-8080-exec-6] filename == 7WG-200-20-HRC BM-I
2022-05-03 15:17:33,208 INFO com.mis.eoffice.serviceImpls.DetailedTableServiceImpl [http-nio-8080-exec-6] filename == 7WG-100-17-HRC BM-I
2022-05-03 15:17:33,738 INFO com.mis.eoffice.serviceImpls.DetailedTableServiceImpl [http-nio-8080-exec-6] filename == 7WG-101-4-HRC BM-I
2022-05-03 15:17:34,259 INFO com.mis.eoffice.serviceImpls.DetailedTableServiceImpl [http-nio-8080-exec-6] filename == 7WG-100-77-HRC BM-I
2022-05-03 15:17:34,785 INFO com.mis.eoffice.serviceImpls.DetailedTableServiceImpl [http-nio-8080-exec-6] filename == 7WG-101-2-HRC BM-I
2022-05-03 15:17:35,309 INFO com.mis.eoffice.serviceImpls.DetailedTableServiceImpl [http-nio-8080-exec-6] filename == 7WG-200-6-HRC BM-I
2022-05-03 15:17:35,837 INFO com.mis.eoffice.serviceImpls.DetailedTableServiceImpl [http-nio-8080-exec-6] filename == 7WG-101-7-HRC BM-I
2022-05-03 15:17:36,365 INFO com.mis.eoffice.serviceImpls.DetailedTableServiceImpl [http-nio-8080-exec-6] filename == 7WG-100-67-HRC BM-I
2022-05-03 15:17:36,885 INFO com.mis.eoffice.serviceImpls.DetailedTableServiceImpl [http-nio-8080-exec-6] filename == 7WG-100-41-HRC BM-I
2022-05-03 15:17:37,414 INFO com.mis.eoffice.serviceImpls.DetailedTableServiceImpl [http-nio-8080-exec-6] filename == 7WG-194-1-HRC BM-I
2022-05-03 15:17:37,936 INFO com.mis.eoffice.serviceImpls.DetailedTableServiceImpl [http-nio-8080-exec-6] filename == 7WG-101-5-HRC BM-I
2022-05-03 15:17:38,464 INFO com.mis.eoffice.serviceImpls.DetailedTableServiceImpl [http-nio-8080-exec-6] filename == 7WG-200-7-HRC BM-I
2022-05-03 15:17:38,979 INFO com.mis.eoffice.serviceImpls.DetailedTableServiceImpl [http-nio-8080-exec-6] filename == 7WG-200-2-HRC BM-I
2022-05-03 15:17:39,505 INFO com.mis.eoffice.serviceImpls.DetailedTableServiceImpl [http-nio-8080-exec-6] filename == 7WG-100-61-HRC BM-I (PC1)
2022-05-03 15:17:40,040 INFO com.mis.eoffice.serviceImpls.DetailedTableServiceImpl [http-nio-8080-exec-6] filename == 7WG-100-24-HRC BM-I
2022-05-03 15:17:40,564 INFO com.mis.eoffice.serviceImpls.DetailedTableServiceImpl [http-nio-8080-exec-6] filename == 7WG-200-14-HRC BM-I
2022-05-03 15:17:41,081 INFO com.mis.eoffice.serviceImpls.DetailedTableServiceImpl [http-nio-8080-exec-6] filename == 7WG-100-80-HRC BM-I
2022-05-03 15:17:41,620 INFO com.mis.eoffice.serviceImpls.DetailedTableServiceImpl [http-nio-8080-exec-6] filename == 7WG-200-24-HRC BM-I
2022-05-03 15:17:42,136 INFO com.mis.eoffice.serviceImpls.DetailedTableServiceImpl [http-nio-8080-exec-6] filename == 7WG-200-28-HRC BM-I
2022-05-03 15:17:42,675 INFO com.mis.eoffice.serviceImpls.DetailedTableServiceImpl [http-nio-8080-exec-6] filename == 7WG-200-11-HRC BM-I
2022-05-03 15:17:43,193 INFO com.mis.eoffice.serviceImpls.DetailedTableServiceImpl [http-nio-8080-exec-6] filename == 7WG-200-16-HRC BM-I
2022-05-03 15:17:43,715 INFO com.mis.eoffice.serviceImpls.DetailedTableServiceImpl [http-nio-8080-exec-6] filename == 7WG-200-29-HRC BM-I
2022-05-03 15:17:44,240 INFO com.mis.eoffice.serviceImpls.DetailedTableServiceImpl [http-nio-8080-exec-6] filename == 7WG-200-30-HRC BM-I
2022-05-03 15:17:44,759 INFO com.mis.eoffice.serviceImpls.DetailedTableServiceImpl [http-nio-8080-exec-6] filename == 7WG-100-83-HRC BM-I
2022-05-03 15:17:45,291 INFO com.mis.eoffice.serviceImpls.DetailedTableServiceImpl [http-nio-8080-exec-6] filename == 7WG-193-2-HRC BM-I
2022-05-03 15:17:45,815 INFO com.mis.eoffice.serviceImpls.DetailedTableServiceImpl [http-nio-8080-exec-6] filename == 7WG-201-12-HRC BM-I
2022-05-03 15:17:46,347 INFO com.mis.eoffice.serviceImpls.DetailedTableServiceImpl [http-nio-8080-exec-6] filename == 7WG-195-1-HRC BM-I
2022-05-03 15:17:46,877 INFO com.mis.eoffice.serviceImpls.DetailedTableServiceImpl [http-nio-8080-exec-6] filename == 7WG-200-25-HRC BM-I
2022-05-03 15:17:47,404 INFO com.mis.eoffice.serviceImpls.DetailedTableServiceImpl [http-nio-8080-exec-6] filename == 7WG-200-27-HRC BM-I
2022-05-03 15:17:47,931 INFO com.mis.eoffice.serviceImpls.DetailedTableServiceImpl [http-nio-8080-exec-6] filename == 7WG-200-31-HRC BM-I
2022-05-03 15:17:48,452 INFO com.mis.eoffice.serviceImpls.DetailedTableServiceImpl [http-nio-8080-exec-6] filename == 7WG-201-3-HRC BM-I
2022-05-03 15:17:48,980 INFO com.mis.eoffice.serviceImpls.DetailedTableServiceImpl [http-nio-8080-exec-6] filename == 7WG-200-17-HRC BM-I
2022-05-03 15:17:49,504 INFO com.mis.eoffice.serviceImpls.DetailedTableServiceImpl [http-nio-8080-exec-6] filename == 7WG-101-30-HRC BM-I
2022-05-03 15:17:50,023 INFO com.mis.eoffice.serviceImpls.DetailedTableServiceImpl [http-nio-8080-exec-6] filename == 7WG-100-1-HRC BM-I (PC1)
2022-05-03 15:17:50,545 INFO com.mis.eoffice.serviceImpls.DetailedTableServiceImpl [http-nio-8080-exec-6] filename == 7WG-201-6-HRC BM-I
2022-05-03 15:17:51,066 INFO com.mis.eoffice.serviceImpls.DetailedTableServiceImpl [http-nio-8080-exec-6] filename == 7WG-201-5-HRC BM-I
2022-05-03 15:17:51,587 INFO com.mis.eoffice.serviceImpls.DetailedTableServiceImpl [http-nio-8080-exec-6] filename == 7WG-200-10-HRC BM-I
2022-05-03 15:17:52,119 INFO com.mis.eoffice.serviceImpls.DetailedTableServiceImpl [http-nio-8080-exec-6] filename == 7WG-200-8-HRC BM-I
2022-05-03 15:17:52,636 INFO com.mis.eoffice.serviceImpls.DetailedTableServiceImpl [http-nio-8080-exec-6] filename == 7WG-200-13-HRC BM-I
2022-05-03 15:17:53,159 INFO com.mis.eoffice.serviceImpls.DetailedTableServiceImpl [http-nio-8080-exec-6] filename == 7WG-200-32-HRC BM-I
2022-05-03 15:17:53,687 INFO com.mis.eoffice.serviceImpls.DetailedTableServiceImpl [http-nio-8080-exec-6] filename == 7WG-100-88-HRC BM-I
2022-05-03 15:17:54,214 INFO com.mis.eoffice.serviceImpls.DetailedTableServiceImpl [http-nio-8080-exec-6] filename == 7WG-100-89-HRC BM-I
2022-05-03 15:17:54,745 INFO com.mis.eoffice.serviceImpls.DetailedTableServiceImpl [http-nio-8080-exec-6] filename == 7WG-200-5-HRC BM-I
2022-05-03 15:17:55,267 INFO com.mis.eoffice.serviceImpls.DetailedTableServiceImpl [http-nio-8080-exec-6] filename == 7WG-200-15-HRC BM-I
2022-05-03 15:17:55,785 INFO com.mis.eoffice.serviceImpls.DetailedTableServiceImpl [http-nio-8080-exec-6] filename == 7WG-101-6-HRC BM-I
2022-05-03 15:17:56,322 INFO com.mis.eoffice.serviceImpls.DetailedTableServiceImpl [http-nio-8080-exec-6] filename == 7WG-191-1-HRC BM-I
2022-05-03 15:17:56,846 INFO com.mis.eoffice.serviceImpls.DetailedTableServiceImpl [http-nio-8080-exec-6] filename == 7WG-200-9-HRC BM-I
2022-05-03 15:17:57,375 INFO com.mis.eoffice.serviceImpls.DetailedTableServiceImpl [http-nio-8080-exec-6] filename == 7WG-200-12-HRC BM-I
2022-05-03 15:17:57,900 INFO com.mis.eoffice.serviceImpls.DetailedTableServiceImpl [http-nio-8080-exec-6] filename == 7WG-200-19-HRC BM-I
2022-05-03 15:17:58,425 INFO com.mis.eoffice.serviceImpls.DetailedTableServiceImpl [http-nio-8080-exec-6] filename == 7WG-200-23-HRC BM-I
2022-05-03 15:17:58,950 INFO com.mis.eoffice.serviceImpls.DetailedTableServiceImpl [http-nio-8080-exec-6] filename == 7WG-193-1-HRC BM-I
2022-05-03 15:17:59,487 INFO com.mis.eoffice.serviceImpls.DetailedTableServiceImpl [http-nio-8080-exec-6] filename == 7WG-190-3-HRC BM-I
2022-05-03 15:18:00,010 INFO com.mis.eoffice.serviceImpls.DetailedTableServiceImpl [http-nio-8080-exec-6] filename == 7WG-194-2-HRC BM-I
2022-05-03 15:18:00,533 INFO com.mis.eoffice.serviceImpls.DetailedTableServiceImpl [http-nio-8080-exec-6] filename == 7WG-100-60-HRC BM-I
2022-05-03 15:18:01,061 INFO com.mis.eoffice.serviceImpls.DetailedTableServiceImpl [http-nio-8080-exec-6] filename == 7WG-200-22-HRC BM-I
2022-05-03 15:18:01,580 INFO com.mis.eoffice.serviceImpls.DetailedTableServiceImpl [http-nio-8080-exec-6] filename == 7WG-190-5-HRC(21) BM-I
2022-05-03 15:18:02,103 INFO com.mis.eoffice.serviceImpls.DetailedTableServiceImpl [http-nio-8080-exec-6] filename == 7WG-200-38-HRC BM-I (PC1)
2022-05-03 15:18:02,621 INFO com.mis.eoffice.serviceImpls.DetailedTableServiceImpl [http-nio-8080-exec-6] filename == 7WG-100-62-HRC BM-I (PC1)
2022-05-03 15:18:03,144 INFO com.mis.eoffice.serviceImpls.DetailedTableServiceImpl [http-nio-8080-exec-6] filename == 7WG-200-40-HRC BM-I (PC3)
2022-05-03 15:18:03,671 INFO com.mis.eoffice.serviceImpls.DetailedTableServiceImpl [http-nio-8080-exec-6] filename == 7WG-200-40-HRC BM-I (PC5)
2022-05-03 15:18:04,341 INFO com.mis.eoffice.serviceImpls.DetailedTableServiceImpl [http-nio-8080-exec-6] filename == 7WG-191-3-HRC BM-I
2022-05-03 15:18:05,032 INFO com.mis.eoffice.serviceImpls.DetailedTableServiceImpl [http-nio-8080-exec-6] filename == 7WG-200-43-HRC BM-I
2022-05-03 15:18:05,701 INFO com.mis.eoffice.serviceImpls.DetailedTableServiceImpl [http-nio-8080-exec-6] filename == 7WG-200-43-HRC BM-I
2022-05-03 15:18:06,362 INFO com.mis.eoffice.serviceImpls.DetailedTableServiceImpl [http-nio-8080-exec-6] filename == 7WG-190-4-HRC(errtgh) BM-I
2022-05-03 15:18:07,015 INFO com.mis.eoffice.serviceImpls.DetailedTableServiceImpl [http-nio-8080-exec-6] filename == 7WG-100-62-HRC BM-I
2022-05-03 15:18:07,575 INFO com.mis.eoffice.serviceImpls.DetailedTableServiceImpl [http-nio-8080-exec-6] filename == 7WG-195-2-HRC BM-I
2022-05-03 15:18:08,239 INFO com.mis.eoffice.serviceImpls.DetailedTableServiceImpl [http-nio-8080-exec-6] filename == 7WG-200-35-HRC BM-I
2022-05-03 15:18:08,954 INFO com.mis.eoffice.serviceImpls.DetailedTableServiceImpl [http-nio-8080-exec-6] filename == 7WG-200-40-HRC BM-I
2022-05-03 15:18:09,568 INFO com.mis.eoffice.serviceImpls.DetailedTableServiceImpl [http-nio-8080-exec-6] filename == 7WG-200-40-HRC BM-I (PC4)
2022-05-03 15:18:10,164 INFO com.mis.eoffice.serviceImpls.DetailedTableServiceImpl [http-nio-8080-exec-6] filename == 7WG-200-39-HRC BM-I (PC1)
2022-05-03 15:18:10,748 INFO com.mis.eoffice.serviceImpls.DetailedTableServiceImpl [http-nio-8080-exec-6] filename == 7WG-200-45-HRC BM-I
2022-05-03 15:18:11,414 INFO com.mis.eoffice.serviceImpls.DetailedTableServiceImpl [http-nio-8080-exec-6] filename == 7WG-200-45-HRC BM-I
2022-05-03 15:18:12,078 INFO com.mis.eoffice.serviceImpls.DetailedTableServiceImpl [http-nio-8080-exec-6] filename == 7WG-200-37-HRC BM-I
2022-05-03 15:18:12,691 INFO com.mis.eoffice.serviceImpls.DetailedTableServiceImpl [http-nio-8080-exec-6] filename == 7WG-190-6-HRC BM-I
2022-05-03 15:18:13,221 INFO com.mis.eoffice.serviceImpls.DetailedTableServiceImpl [http-nio-8080-exec-6] filename == 7WG-193-3-HRC BM-I
2022-05-03 15:18:13,737 INFO com.mis.eoffice.serviceImpls.DetailedTableServiceImpl [http-nio-8080-exec-6] filename == 7WG-200-49-HRC BM-I
2022-05-03 15:18:14,265 INFO com.mis.eoffice.serviceImpls.DetailedTableServiceImpl [http-nio-8080-exec-6] filename == 7WG-200-40-HRC BM-I (PC6)
2022-05-03 15:18:14,781 INFO com.mis.eoffice.serviceImpls.DetailedTableServiceImpl [http-nio-8080-exec-6] filename == 7WG-200-40-HRC BM-I (PC8)
2022-05-03 15:18:15,300 INFO com.mis.eoffice.serviceImpls.DetailedTableServiceImpl [http-nio-8080-exec-6] filename == 7WG-201-11-HRC(HRC1) BM-I
2022-05-03 15:18:15,821 INFO com.mis.eoffice.serviceImpls.DetailedTableServiceImpl [http-nio-8080-exec-6] filename == 7WG-200-44-HRC BM-I
2022-05-03 15:18:16,341 INFO com.mis.eoffice.serviceImpls.DetailedTableServiceImpl [http-nio-8080-exec-6] filename == 7WG-200-44-HRC BM-I
2022-05-03 15:18:16,863 INFO com.mis.eoffice.serviceImpls.DetailedTableServiceImpl [http-nio-8080-exec-6] filename == 7WG-200-34-HRC BM-I
2022-05-03 15:18:17,385 INFO com.mis.eoffice.serviceImpls.DetailedTableServiceImpl [http-nio-8080-exec-6] filename == 7WG-200-45-HRC BM-I
2022-05-03 15:18:17,909 INFO com.mis.eoffice.serviceImpls.DetailedTableServiceImpl [http-nio-8080-exec-6] filename == 7WG-200-36-HRC BM-I
2022-05-03 15:18:18,427 INFO com.mis.eoffice.serviceImpls.DetailedTableServiceImpl [http-nio-8080-exec-6] filename == 7WG-200-40-HRC BM-I (PC7)
2022-05-03 15:18:18,946 INFO com.mis.eoffice.serviceImpls.DetailedTableServiceImpl [http-nio-8080-exec-6] filename == 7WG-200-42-HRC BM-I
2022-05-03 15:18:19,465 INFO com.mis.eoffice.serviceImpls.DetailedTableServiceImpl [http-nio-8080-exec-6] filename == 7WG-200-45-HRC BM-I
2022-05-03 15:18:19,985 INFO com.mis.eoffice.serviceImpls.DetailedTableServiceImpl [http-nio-8080-exec-6] filename == 7WG-200-50-HRC BM-I
2022-05-03 15:18:20,503 INFO com.mis.eoffice.serviceImpls.DetailedTableServiceImpl [http-nio-8080-exec-6] filename == 7WG-200-52-HRC BM-I
2022-05-03 15:18:21,032 INFO com.mis.eoffice.serviceImpls.DetailedTableServiceImpl [http-nio-8080-exec-6] filename == 7WG-200-53-HRC BM-I
2022-05-03 15:18:21,549 INFO com.mis.eoffice.serviceImpls.DetailedTableServiceImpl [http-nio-8080-exec-6] filename == 7WG-200-55-HRC BM-I
2022-05-03 15:18:22,073 INFO com.mis.eoffice.serviceImpls.DetailedTableServiceImpl [http-nio-8080-exec-6] filename == 7WG-200-51-HRC BM-I
2022-05-03 15:18:22,593 INFO com.mis.eoffice.serviceImpls.DetailedTableServiceImpl [http-nio-8080-exec-6] filename == 7WG-200-54-HRC BM-I
2022-05-03 15:18:23,124 INFO com.mis.eoffice.controller.FileController [http-nio-8080-exec-6] ********Detailed Table Processed********
2022-05-03 15:18:50,852 INFO com.mis.eoffice.controller.FileController [http-nio-8080-exec-7] command 7WG
2022-05-03 15:18:50,853 INFO com.mis.eoffice.controller.FileController [http-nio-8080-exec-7] ********Detailed Table********
2022-05-03 15:18:50,854 INFO com.mis.eoffice.serviceImpls.DetailedTableServiceImpl [http-nio-8080-exec-7] command 7WG
2022-05-03 15:18:51,495 INFO com.mis.eoffice.serviceImpls.DetailedTableServiceImpl [http-nio-8080-exec-7] filename == 7WG-C 200-3-METO BM-I
2022-05-03 15:18:52,265 INFO com.mis.eoffice.serviceImpls.DetailedTableServiceImpl [http-nio-8080-exec-7] filename == METO-C 305-1-METO BM-I
2022-05-03 15:18:53,035 INFO com.mis.eoffice.serviceImpls.DetailedTableServiceImpl [http-nio-8080-exec-7] filename == 7WG-100-30-METO BM-I
2022-05-03 15:18:53,818 INFO com.mis.eoffice.serviceImpls.DetailedTableServiceImpl [http-nio-8080-exec-7] filename == METO-369-1-METO BM-I
2022-05-03 15:18:54,334 INFO com.mis.eoffice.serviceImpls.DetailedTableServiceImpl [http-nio-8080-exec-7] filename == 7WG-354-1-METO BM-I
2022-05-03 15:18:54,857 INFO com.mis.eoffice.serviceImpls.DetailedTableServiceImpl [http-nio-8080-exec-7] filename == 7WG-309-4-METO(METO1) BM-I
2022-05-03 15:18:55,372 INFO com.mis.eoffice.serviceImpls.DetailedTableServiceImpl [http-nio-8080-exec-7] filename == 7WG-358-1-METO BM-I
2022-05-03 15:18:55,893 INFO com.mis.eoffice.serviceImpls.DetailedTableServiceImpl [http-nio-8080-exec-7] filename == 7WG-307-13-METO BM-I
2022-05-03 15:18:56,421 INFO com.mis.eoffice.serviceImpls.DetailedTableServiceImpl [http-nio-8080-exec-7] filename == 7WG-304-2-METO(METO1) BM-I
2022-05-03 15:18:56,941 INFO com.mis.eoffice.serviceImpls.DetailedTableServiceImpl [http-nio-8080-exec-7] filename == 7WG-307-14-METO BM-I
2022-05-03 15:18:57,458 INFO com.mis.eoffice.serviceImpls.DetailedTableServiceImpl [http-nio-8080-exec-7] filename == 7WG-301-4-METO BM-I
2022-05-03 15:18:57,998 INFO com.mis.eoffice.serviceImpls.DetailedTableServiceImpl [http-nio-8080-exec-7] filename == 7WG-349-1-METO(METO1) BM-I
2022-05-03 15:18:58,518 INFO com.mis.eoffice.serviceImpls.DetailedTableServiceImpl [http-nio-8080-exec-7] filename == 7WG-381-1-METO BM-I
2022-05-03 15:18:59,038 INFO com.mis.eoffice.serviceImpls.DetailedTableServiceImpl [http-nio-8080-exec-7] filename == 7WG-367-1-METO(METO1) BM-I
2022-05-03 15:18:59,558 INFO com.mis.eoffice.serviceImpls.DetailedTableServiceImpl [http-nio-8080-exec-7] filename == 7WG-301-6-METO BM-I
2022-05-03 15:19:00,074 INFO com.mis.eoffice.serviceImpls.DetailedTableServiceImpl [http-nio-8080-exec-7] filename == 7WG-301-23-METO BM-I
2022-05-03 15:19:00,601 INFO com.mis.eoffice.serviceImpls.DetailedTableServiceImpl [http-nio-8080-exec-7] filename == 7WG-353-1-METO(METO1) BM-I
2022-05-03 15:19:01,121 INFO com.mis.eoffice.serviceImpls.DetailedTableServiceImpl [http-nio-8080-exec-7] filename == 7WG-100-31-METO BM-I
2022-05-03 15:19:01,641 INFO com.mis.eoffice.serviceImpls.DetailedTableServiceImpl [http-nio-8080-exec-7] filename == 7WG-100-34-METO BM-I
2022-05-03 15:19:02,156 INFO com.mis.eoffice.serviceImpls.DetailedTableServiceImpl [http-nio-8080-exec-7] filename == 7WG-100-33-METO BM-I
2022-05-03 15:19:02,678 INFO com.mis.eoffice.serviceImpls.DetailedTableServiceImpl [http-nio-8080-exec-7] filename == 7WG-100-28-METO BM-I
2022-05-03 15:19:03,193 INFO com.mis.eoffice.serviceImpls.DetailedTableServiceImpl [http-nio-8080-exec-7] filename == 7WG-100-27-METO BM-I
2022-05-03 15:19:03,711 INFO com.mis.eoffice.serviceImpls.DetailedTableServiceImpl [http-nio-8080-exec-7] filename == 7WG-290-1-METO BM-I
2022-05-03 15:19:04,324 INFO com.mis.eoffice.serviceImpls.DetailedTableServiceImpl [http-nio-8080-exec-7] filename == 7WG-C 200-3-METO BM-I
2022-05-03 15:19:04,886 INFO com.mis.eoffice.serviceImpls.DetailedTableServiceImpl [http-nio-8080-exec-7] filename == 7WG-294-1-METO BM-I
2022-05-03 15:19:05,417 INFO com.mis.eoffice.serviceImpls.DetailedTableServiceImpl [http-nio-8080-exec-7] filename == 7WG-C 200-3-METO BM-I
2022-05-03 15:19:05,938 INFO com.mis.eoffice.serviceImpls.DetailedTableServiceImpl [http-nio-8080-exec-7] filename == 7WG-300-2-METO BM-I
2022-05-03 15:19:06,458 INFO com.mis.eoffice.controller.FileController [http-nio-8080-exec-7] ********Detailed Table Processed********
2022-05-03 15:44:02,631 INFO org.springframework.orm.jpa.AbstractEntityManagerFactoryBean [Thread-10] Closing JPA EntityManagerFactory for persistence unit 'db3'
2022-05-03 15:44:02,633 INFO com.zaxxer.hikari.HikariDataSource [Thread-10] HikariPool-3 - Shutdown initiated...
2022-05-03 15:44:02,644 INFO com.zaxxer.hikari.HikariDataSource [Thread-10] HikariPool-3 - Shutdown completed.
2022-05-03 15:44:02,644 INFO org.springframework.orm.jpa.AbstractEntityManagerFactoryBean [Thread-10] Closing JPA EntityManagerFactory for persistence unit 'db2'
2022-05-03 15:44:02,645 INFO com.zaxxer.hikari.HikariDataSource [Thread-10] HikariPool-2 - Shutdown initiated...
2022-05-03 15:44:04,677 INFO com.zaxxer.hikari.HikariDataSource [Thread-10] HikariPool-2 - Shutdown completed.
2022-05-03 15:44:04,678 INFO org.springframework.orm.jpa.AbstractEntityManagerFactoryBean [Thread-10] Closing JPA EntityManagerFactory for persistence unit 'db1'
2022-05-03 15:44:04,679 INFO com.zaxxer.hikari.HikariDataSource [Thread-10] HikariPool-1 - Shutdown initiated...
2022-05-03 16:47:19,263 INFO org.springframework.boot.StartupInfoLogger [restartedMain] Starting MisApplication1 using Java 1.8.0_301 on shabdita-cc with PID 7952 (C:\Users\admin\Documents\workspace-sts-3.9.11.RELEASE\misApplication1\misApplication1\target\classes started by Shabdita in C:\Users\admin\Documents\workspace-sts-3.9.11.RELEASE\misApplication1\misApplication1)
2022-05-03 16:47:19,267 INFO org.springframework.boot.SpringApplication [restartedMain] The following profiles are active: development
2022-05-03 16:47:19,336 INFO org.springframework.boot.logging.DeferredLog [restartedMain] The Class-Path manifest attribute in C:\Users\admin\.m2\repository\com\oracle\ojdbc\ojdbc8\19.3.0.0\ojdbc8-19.3.0.0.jar referenced one or more files that do not exist: file:/C:/Users/admin/.m2/repository/com/oracle/ojdbc/ojdbc8/19.3.0.0/oraclepki.jar
2022-05-03 16:47:19,336 INFO org.springframework.boot.logging.DeferredLog [restartedMain] The Class-Path manifest attribute in C:\Users\admin\.m2\repository\com\oracle\ojdbc\oraclepki\19.3.0.0\oraclepki-19.3.0.0.jar referenced one or more files that do not exist: file:/C:/Users/admin/.m2/repository/com/oracle/ojdbc/oraclepki/19.3.0.0/osdt_core.jar,file:/C:/Users/admin/.m2/repository/com/oracle/ojdbc/oraclepki/19.3.0.0/osdt_cert.jar,file:/C:/Users/admin/.m2/repository/com/oracle/ojdbc/oraclepki/oracle.osdt/osdt_core.jar,file:/C:/Users/admin/.m2/repository/com/oracle/ojdbc/oraclepki/oracle.osdt/osdt_cert.jar
2022-05-03 16:47:19,337 INFO org.springframework.boot.logging.DeferredLog [restartedMain] The Class-Path manifest attribute in C:\Users\admin\.m2\repository\com\oracle\database\jdbc\ojdbc8\19.8.0.0\ojdbc8-19.8.0.0.jar referenced one or more files that do not exist: file:/C:/Users/admin/.m2/repository/com/oracle/database/jdbc/ojdbc8/19.8.0.0/oraclepki.jar
2022-05-03 16:47:19,338 INFO org.springframework.boot.logging.DeferredLog [restartedMain] Devtools property defaults active! Set 'spring.devtools.add-properties' to 'false' to disable
2022-05-03 16:47:19,339 INFO org.springframework.boot.logging.DeferredLog [restartedMain] For additional web related logging consider setting the 'logging.level.web' property to 'DEBUG'
2022-05-03 16:47:20,330 INFO org.springframework.data.repository.config.RepositoryConfigurationDelegate [restartedMain] Multiple Spring Data modules found, entering strict repository configuration mode!
2022-05-03 16:47:20,330 INFO org.springframework.data.repository.config.RepositoryConfigurationDelegate [restartedMain] Bootstrapping Spring Data JPA repositories in DEFAULT mode.
2022-05-03 16:47:20,414 INFO org.springframework.data.repository.config.RepositoryConfigurationDelegate [restartedMain] Finished Spring Data repository scanning in 73 ms. Found 3 JPA repository interfaces.
2022-05-03 16:47:20,415 INFO org.springframework.data.repository.config.RepositoryConfigurationDelegate [restartedMain] Multiple Spring Data modules found, entering strict repository configuration mode!
2022-05-03 16:47:20,416 INFO org.springframework.data.repository.config.RepositoryConfigurationDelegate [restartedMain] Bootstrapping Spring Data JPA repositories in DEFAULT mode.
2022-05-03 16:47:20,438 INFO org.springframework.data.repository.config.RepositoryConfigurationDelegate [restartedMain] Finished Spring Data repository scanning in 21 ms. Found 4 JPA repository interfaces.
2022-05-03 16:47:20,439 INFO org.springframework.data.repository.config.RepositoryConfigurationDelegate [restartedMain] Multiple Spring Data modules found, entering strict repository configuration mode!
2022-05-03 16:47:20,440 INFO org.springframework.data.repository.config.RepositoryConfigurationDelegate [restartedMain] Bootstrapping Spring Data JPA repositories in DEFAULT mode.
2022-05-03 16:47:20,470 INFO org.springframework.data.repository.config.RepositoryConfigurationDelegate [restartedMain] Finished Spring Data repository scanning in 29 ms. Found 6 JPA repository interfaces.
2022-05-03 16:47:20,471 INFO org.springframework.data.repository.config.RepositoryConfigurationDelegate [restartedMain] Multiple Spring Data modules found, entering strict repository configuration mode!
2022-05-03 16:47:20,472 INFO org.springframework.data.repository.config.RepositoryConfigurationDelegate [restartedMain] Bootstrapping Spring Data JPA repositories in DEFAULT mode.
2022-05-03 16:47:20,497 INFO org.springframework.data.repository.config.RepositoryConfigurationDelegate [restartedMain] Finished Spring Data repository scanning in 25 ms. Found 4 JPA repository interfaces.
2022-05-03 16:47:20,498 INFO org.springframework.data.repository.config.RepositoryConfigurationDelegate [restartedMain] Multiple Spring Data modules found, entering strict repository configuration mode!
2022-05-03 16:47:20,499 INFO org.springframework.data.repository.config.RepositoryConfigurationDelegate [restartedMain] Bootstrapping Spring Data JPA repositories in DEFAULT mode.
2022-05-03 16:47:20,521 INFO org.springframework.data.repository.config.RepositoryConfigurationDelegate [restartedMain] Finished Spring Data repository scanning in 21 ms. Found 4 JPA repository interfaces.
2022-05-03 16:47:21,842 INFO org.springframework.boot.web.embedded.tomcat.TomcatWebServer [restartedMain] Tomcat initialized with port(s): 8080 (http)
2022-05-03 16:47:21,851 INFO org.apache.juli.logging.DirectJDKLog [restartedMain] Initializing ProtocolHandler ["http-nio-8080"]
2022-05-03 16:47:21,853 INFO org.apache.juli.logging.DirectJDKLog [restartedMain] Starting service [Tomcat]
2022-05-03 16:47:21,853 INFO org.apache.juli.logging.DirectJDKLog [restartedMain] Starting Servlet engine: [Apache Tomcat/9.0.46]
2022-05-03 16:47:21,994 INFO org.apache.juli.logging.DirectJDKLog [restartedMain] Initializing Spring embedded WebApplicationContext
2022-05-03 16:47:21,995 INFO org.springframework.boot.web.servlet.context.ServletWebServerApplicationContext [restartedMain] Root WebApplicationContext: initialization completed in 2654 ms
2022-05-03 16:47:22,366 INFO org.hibernate.jpa.internal.util.LogHelper [restartedMain] HHH000204: Processing PersistenceUnitInfo [name: db1]
2022-05-03 16:47:22,566 INFO org.hibernate.Version [restartedMain] HHH000412: Hibernate ORM core version 5.4.32.Final
2022-05-03 16:47:22,706 INFO org.hibernate.annotations.common.reflection.java.JavaReflectionManager [restartedMain] HCANN000001: Hibernate Commons Annotations {5.1.2.Final}
2022-05-03 16:47:22,935 INFO com.zaxxer.hikari.HikariDataSource [restartedMain] HikariPool-1 - Starting...
2022-05-03 16:47:24,776 INFO com.zaxxer.hikari.HikariDataSource [restartedMain] HikariPool-1 - Start completed.
2022-05-03 16:47:24,809 INFO org.hibernate.dialect.Dialect [restartedMain] HHH000400: Using dialect: org.hibernate.dialect.Oracle12cDialect
2022-05-03 16:47:26,830 INFO org.hibernate.envers.boot.internal.EnversServiceImpl [restartedMain] Envers integration enabled? : true
2022-05-03 16:47:27,681 INFO org.hibernate.engine.transaction.jta.platform.internal.JtaPlatformInitiator [restartedMain] HHH000490: Using JtaPlatform implementation: [org.hibernate.engine.transaction.jta.platform.internal.NoJtaPlatform]
2022-05-03 16:47:27,695 INFO org.springframework.orm.jpa.AbstractEntityManagerFactoryBean [restartedMain] Initialized JPA EntityManagerFactory for persistence unit 'db1'
2022-05-03 16:47:27,718 INFO org.hibernate.jpa.internal.util.LogHelper [restartedMain] HHH000204: Processing PersistenceUnitInfo [name: db2]
2022-05-03 16:47:27,791 INFO com.zaxxer.hikari.HikariDataSource [restartedMain] HikariPool-2 - Starting...
2022-05-03 16:47:29,458 INFO com.zaxxer.hikari.HikariDataSource [restartedMain] HikariPool-2 - Start completed.
2022-05-03 16:47:29,461 INFO org.hibernate.dialect.Dialect [restartedMain] HHH000400: Using dialect: org.hibernate.dialect.Oracle12cDialect
2022-05-03 16:47:31,467 INFO org.hibernate.envers.boot.internal.EnversServiceImpl [restartedMain] Envers integration enabled? : true
2022-05-03 16:47:31,532 INFO org.hibernate.engine.transaction.jta.platform.internal.JtaPlatformInitiator [restartedMain] HHH000490: Using JtaPlatform implementation: [org.hibernate.engine.transaction.jta.platform.internal.NoJtaPlatform]
2022-05-03 16:47:31,533 INFO org.springframework.orm.jpa.AbstractEntityManagerFactoryBean [restartedMain] Initialized JPA EntityManagerFactory for persistence unit 'db2'
2022-05-03 16:47:31,549 INFO org.hibernate.jpa.internal.util.LogHelper [restartedMain] HHH000204: Processing PersistenceUnitInfo [name: db3]
2022-05-03 16:47:31,617 INFO com.zaxxer.hikari.HikariDataSource [restartedMain] HikariPool-3 - Starting...
2022-05-03 16:47:33,265 INFO com.zaxxer.hikari.HikariDataSource [restartedMain] HikariPool-3 - Start completed.
2022-05-03 16:47:33,276 INFO org.hibernate.dialect.Dialect [restartedMain] HHH000400: Using dialect: org.hibernate.dialect.PostgreSQL10Dialect
2022-05-03 16:47:34,939 INFO org.hibernate.envers.boot.internal.EnversServiceImpl [restartedMain] Envers integration enabled? : true
2022-05-03 16:47:35,024 INFO org.hibernate.engine.transaction.jta.platform.internal.JtaPlatformInitiator [restartedMain] HHH000490: Using JtaPlatform implementation: [org.hibernate.engine.transaction.jta.platform.internal.NoJtaPlatform]
2022-05-03 16:47:35,025 INFO org.springframework.orm.jpa.AbstractEntityManagerFactoryBean [restartedMain] Initialized JPA EntityManagerFactory for persistence unit 'db3'
2022-05-03 16:47:35,038 INFO org.hibernate.jpa.internal.util.LogHelper [restartedMain] HHH000204: Processing PersistenceUnitInfo [name: db4]
2022-05-03 16:47:35,108 INFO com.zaxxer.hikari.HikariDataSource [restartedMain] HikariPool-4 - Starting...
2022-05-03 16:47:37,102 INFO com.zaxxer.hikari.HikariDataSource [restartedMain] HikariPool-4 - Start completed.
2022-05-03 16:47:37,103 INFO org.hibernate.dialect.Dialect [restartedMain] HHH000400: Using dialect: org.hibernate.dialect.Oracle12cDialect
2022-05-03 16:47:39,120 INFO org.hibernate.envers.boot.internal.EnversServiceImpl [restartedMain] Envers integration enabled? : true
2022-05-03 16:47:39,190 INFO org.hibernate.engine.transaction.jta.platform.internal.JtaPlatformInitiator [restartedMain] HHH000490: Using JtaPlatform implementation: [org.hibernate.engine.transaction.jta.platform.internal.NoJtaPlatform]
2022-05-03 16:47:39,191 INFO org.springframework.orm.jpa.AbstractEntityManagerFactoryBean [restartedMain] Initialized JPA EntityManagerFactory for persistence unit 'db4'
2022-05-03 16:47:39,204 INFO org.hibernate.jpa.internal.util.LogHelper [restartedMain] HHH000204: Processing PersistenceUnitInfo [name: db5]
2022-05-03 16:47:39,277 INFO com.zaxxer.hikari.HikariDataSource [restartedMain] HikariPool-5 - Starting...
2022-05-03 16:47:41,107 INFO com.zaxxer.hikari.HikariDataSource [restartedMain] HikariPool-5 - Start completed.
2022-05-03 16:47:41,111 INFO org.hibernate.dialect.Dialect [restartedMain] HHH000400: Using dialect: org.hibernate.dialect.Oracle12cDialect
2022-05-03 16:47:43,281 INFO org.hibernate.envers.boot.internal.EnversServiceImpl [restartedMain] Envers integration enabled? : true
2022-05-03 16:47:43,327 INFO org.hibernate.engine.transaction.jta.platform.internal.JtaPlatformInitiator [restartedMain] HHH000490: Using JtaPlatform implementation: [org.hibernate.engine.transaction.jta.platform.internal.NoJtaPlatform]
2022-05-03 16:47:43,327 INFO org.springframework.orm.jpa.AbstractEntityManagerFactoryBean [restartedMain] Initialized JPA EntityManagerFactory for persistence unit 'db5'
2022-05-03 16:47:44,786 INFO org.springframework.security.web.DefaultSecurityFilterChain [restartedMain] Will secure any request with [org.springframework.security.web.context.request.async.WebAsyncManagerIntegrationFilter@fb5b177, org.springframework.security.web.context.SecurityContextPersistenceFilter@b04c02, org.springframework.security.web.header.HeaderWriterFilter@135c5082, org.springframework.web.filter.CorsFilter@70a2633f, org.keycloak.adapters.springsecurity.filter.KeycloakPreAuthActionsFilter@2380208c, org.keycloak.adapters.springsecurity.filter.KeycloakAuthenticationProcessingFilter@43e1c3b9, org.springframework.security.web.authentication.logout.LogoutFilter@7cf2e1f1, org.springframework.security.web.savedrequest.RequestCacheAwareFilter@4a5db36d, org.springframework.security.web.servletapi.SecurityContextHolderAwareRequestFilter@27768b0d, org.keycloak.adapters.springsecurity.filter.KeycloakSecurityContextRequestFilter@67f8e7e2, org.keycloak.adapters.springsecurity.filter.KeycloakAuthenticatedActionsFilter@455e3fd1, org.springframework.security.web.authentication.AnonymousAuthenticationFilter@38dee634, org.springframework.security.web.session.SessionManagementFilter@7687c851, org.springframework.security.web.access.ExceptionTranslationFilter@41e808eb, org.springframework.security.web.access.intercept.FilterSecurityInterceptor@139b5750]
2022-05-03 16:47:45,002 INFO org.springframework.boot.devtools.autoconfigure.OptionalLiveReloadServer [restartedMain] LiveReload server is running on port 35729
2022-05-03 16:47:45,028 INFO org.apache.juli.logging.DirectJDKLog [restartedMain] Starting ProtocolHandler ["http-nio-8080"]
2022-05-03 16:47:45,045 INFO org.springframework.boot.web.embedded.tomcat.TomcatWebServer [restartedMain] Tomcat started on port(s): 8080 (http) with context path '/misApplication1'
2022-05-03 16:47:45,062 INFO org.springframework.boot.StartupInfoLogger [restartedMain] Started MisApplication1 in 26.356 seconds (JVM running for 27.524)
2022-05-03 16:47:49,744 INFO org.springframework.boot.admin.SpringApplicationAdminMXBeanRegistrar$SpringApplicationAdmin [RMI TCP Connection(2)-127.0.0.1] Application shutdown requested.
2022-05-03 16:47:50,037 INFO org.springframework.orm.jpa.AbstractEntityManagerFactoryBean [RMI TCP Connection(2)-127.0.0.1] Closing JPA EntityManagerFactory for persistence unit 'db5'
2022-05-03 16:47:50,040 INFO com.zaxxer.hikari.HikariDataSource [RMI TCP Connection(2)-127.0.0.1] HikariPool-5 - Shutdown initiated...
2022-05-03 16:47:52,084 INFO com.zaxxer.hikari.HikariDataSource [RMI TCP Connection(2)-127.0.0.1] HikariPool-5 - Shutdown completed.
2022-05-03 16:47:52,085 INFO org.springframework.orm.jpa.AbstractEntityManagerFactoryBean [RMI TCP Connection(2)-127.0.0.1] Closing JPA EntityManagerFactory for persistence unit 'db4'
2022-05-03 16:47:52,086 INFO com.zaxxer.hikari.HikariDataSource [RMI TCP Connection(2)-127.0.0.1] HikariPool-4 - Shutdown initiated...
