2022-02-20 20:00:24,365 INFO com.mis.eoffice.serviceImpls.DashboardDataServiceImpl [http-nio-8080-exec-7] Parsing Start for Department (Dashboard):7WG.HRC
2022-02-20 20:03:45,480 INFO com.mis.eoffice.serviceImpls.MainTableDataServiceImpl [http-nio-8080-exec-10] Parsing Start for Department :7WG.HRC
2022-02-20 20:03:45,750 INFO org.keycloak.adapters.KeycloakDeployment [http-nio-8080-exec-2] Loaded URLs from http://11.0.0.144:8180/auth/realms/mis/.well-known/openid-configuration
2022-02-20 20:03:45,766 INFO com.mis.eoffice.serviceImpls.DashboardDataServiceImpl [http-nio-8080-exec-2] Parsing Start for Department (Dashboard):7WG.HRC
2022-02-20 20:03:45,772 INFO com.mis.eoffice.serviceImpls.DashboardDataServiceImpl [http-nio-8080-exec-2] Parsing End for Department (Dashboard):7WG.HRC
2022-02-20 20:38:16,328 INFO com.mis.eoffice.serviceImpls.MainTableDataServiceImpl [http-nio-8080-exec-3] Parsing Start for Department :7WG.HRC
2022-02-20 20:38:16,374 INFO com.mis.eoffice.serviceImpls.MainTableDataServiceImpl [http-nio-8080-exec-3] Parsing End for Department :7WG.HRC
2022-02-20 20:40:59,551 INFO com.mis.eoffice.serviceImpls.MainTableDataServiceImpl [http-nio-8080-exec-3] Parsing Start for Department :7WG.HRC
2022-02-20 20:40:59,839 INFO com.mis.eoffice.serviceImpls.DashboardDataServiceImpl [http-nio-8080-exec-5] Parsing Start for Department (Dashboard):7WG.HRC
2022-02-20 20:40:59,842 INFO com.mis.eoffice.serviceImpls.DashboardDataServiceImpl [http-nio-8080-exec-5] Parsing End for Department (Dashboard):7WG.HRC
2022-02-20 20:41:34,308 INFO com.mis.eoffice.serviceImpls.MainTableDataServiceImpl [http-nio-8080-exec-6] Parsing Start for Department :7WG.HRC
2022-02-20 20:43:57,398 INFO com.mis.eoffice.serviceImpls.MainTableDataServiceImpl [http-nio-8080-exec-5] Parsing Start for Department :7WG.HRC
2022-02-20 20:43:57,407 INFO com.mis.eoffice.serviceImpls.DashboardDataServiceImpl [http-nio-8080-exec-8] Parsing Start for Department (Dashboard):7WG.HRC
2022-02-20 20:43:57,414 INFO com.mis.eoffice.serviceImpls.DashboardDataServiceImpl [http-nio-8080-exec-8] Parsing End for Department (Dashboard):7WG.HRC
2022-02-20 20:44:05,181 INFO com.mis.eoffice.serviceImpls.MainTableDataServiceImpl [http-nio-8080-exec-7] Parsing Start for Department :7WG.HRC
2022-02-20 20:44:05,199 INFO com.mis.eoffice.serviceImpls.MainTableDataServiceImpl [http-nio-8080-exec-7] Parsing End for Department :7WG.HRC
2022-02-20 20:47:31,453 INFO com.mis.eoffice.serviceImpls.MainTableDataServiceImpl [http-nio-8080-exec-2] Parsing Start for Department :7WG.HRC
2022-02-20 20:47:31,759 INFO com.mis.eoffice.serviceImpls.DashboardDataServiceImpl [http-nio-8080-exec-6] Parsing Start for Department (Dashboard):7WG.HRC
2022-02-20 20:47:31,763 INFO com.mis.eoffice.serviceImpls.DashboardDataServiceImpl [http-nio-8080-exec-6] Parsing End for Department (Dashboard):7WG.HRC
2022-02-20 20:50:25,633 INFO com.mis.eoffice.serviceImpls.MainTableDataServiceImpl [http-nio-8080-exec-5] Parsing Start for Department :7WG.HRC
2022-02-20 20:50:25,651 INFO com.mis.eoffice.serviceImpls.MainTableDataServiceImpl [http-nio-8080-exec-5] Parsing End for Department :7WG.HRC
2022-02-20 20:51:04,405 INFO com.mis.eoffice.serviceImpls.MainTableDataServiceImpl [http-nio-8080-exec-9] Parsing Start for Department :7WG.HRC
2022-02-20 20:51:04,413 INFO com.mis.eoffice.serviceImpls.DashboardDataServiceImpl [http-nio-8080-exec-2] Parsing Start for Department (Dashboard):7WG.HRC
2022-02-20 20:51:04,418 INFO com.mis.eoffice.serviceImpls.DashboardDataServiceImpl [http-nio-8080-exec-2] Parsing End for Department (Dashboard):7WG.HRC
2022-02-20 20:53:01,826 INFO com.mis.eoffice.serviceImpls.MainTableDataServiceImpl [http-nio-8080-exec-5] Parsing Start for Department :7WG.HRC
2022-02-20 20:53:01,835 INFO com.mis.eoffice.serviceImpls.DashboardDataServiceImpl [http-nio-8080-exec-7] Parsing Start for Department (Dashboard):7WG.HRC
2022-02-20 20:53:01,838 INFO com.mis.eoffice.serviceImpls.DashboardDataServiceImpl [http-nio-8080-exec-7] Parsing End for Department (Dashboard):7WG.HRC
2022-02-20 20:54:00,666 INFO com.mis.eoffice.serviceImpls.MainTableDataServiceImpl [http-nio-8080-exec-2] Parsing Start for Department :7WG.HRC
2022-02-20 20:54:00,694 INFO com.mis.eoffice.serviceImpls.DashboardDataServiceImpl [http-nio-8080-exec-6] Parsing Start for Department (Dashboard):7WG.HRC
2022-02-20 20:54:00,698 INFO com.mis.eoffice.serviceImpls.DashboardDataServiceImpl [http-nio-8080-exec-6] Parsing End for Department (Dashboard):7WG.HRC
2022-02-20 20:59:41,313 INFO com.mis.eoffice.serviceImpls.DashboardDataServiceImpl [http-nio-8080-exec-4] Parsing Start for Department (Dashboard):7WG.HRC
2022-02-20 20:59:56,142 INFO com.mis.eoffice.serviceImpls.MainTableDataServiceImpl [http-nio-8080-exec-6] Parsing Start for Department :7WG.HRC
2022-02-20 20:59:56,235 INFO com.mis.eoffice.serviceImpls.DashboardDataServiceImpl [http-nio-8080-exec-8] Parsing Start for Department (Dashboard):7WG.HRC
2022-02-20 20:59:56,239 INFO com.mis.eoffice.serviceImpls.DashboardDataServiceImpl [http-nio-8080-exec-8] Parsing End for Department (Dashboard):7WG.HRC
2022-02-20 21:00:31,051 INFO com.mis.eoffice.serviceImpls.MainTableDataServiceImpl [http-nio-8080-exec-10] Parsing Start for Department :7WG.HRC
2022-02-20 21:00:31,066 INFO com.mis.eoffice.serviceImpls.MainTableDataServiceImpl [http-nio-8080-exec-10] Parsing End for Department :7WG.HRC
2022-02-20 21:00:35,495 INFO com.mis.eoffice.serviceImpls.MainTableDataServiceImpl [http-nio-8080-exec-9] Parsing Start for Department :7WG.HRC
2022-02-20 21:00:35,516 INFO com.mis.eoffice.serviceImpls.MainTableDataServiceImpl [http-nio-8080-exec-9] Parsing End for Department :7WG.HRC
2022-02-20 21:00:48,803 INFO com.mis.eoffice.serviceImpls.MainTableDataServiceImpl [http-nio-8080-exec-2] Parsing Start for Department :7WG.HRC
2022-02-20 21:01:54,054 INFO com.mis.eoffice.serviceImpls.MainTableDataServiceImpl [http-nio-8080-exec-7] Parsing Start for Department :7WG.HRC
2022-02-20 21:01:54,362 INFO com.mis.eoffice.serviceImpls.DashboardDataServiceImpl [http-nio-8080-exec-1] Parsing Start for Department (Dashboard):7WG.HRC
2022-02-20 21:01:54,366 INFO com.mis.eoffice.serviceImpls.DashboardDataServiceImpl [http-nio-8080-exec-1] Parsing End for Department (Dashboard):7WG.HRC
2022-02-20 21:30:13,408 INFO org.springframework.boot.admin.SpringApplicationAdminMXBeanRegistrar$SpringApplicationAdmin [RMI TCP Connection(2)-127.0.0.1] Application shutdown requested.
2022-02-20 21:30:13,546 INFO org.springframework.orm.jpa.AbstractEntityManagerFactoryBean [RMI TCP Connection(2)-127.0.0.1] Closing JPA EntityManagerFactory for persistence unit 'db3'
2022-02-20 21:30:13,549 INFO com.zaxxer.hikari.HikariDataSource [RMI TCP Connection(2)-127.0.0.1] HikariPool-6 - Shutdown initiated...
2022-02-20 21:30:13,555 INFO com.zaxxer.hikari.HikariDataSource [RMI TCP Connection(2)-127.0.0.1] HikariPool-6 - Shutdown completed.
2022-02-20 21:30:13,556 INFO org.springframework.orm.jpa.AbstractEntityManagerFactoryBean [RMI TCP Connection(2)-127.0.0.1] Closing JPA EntityManagerFactory for persistence unit 'db2'
2022-02-20 21:30:13,558 INFO com.zaxxer.hikari.HikariDataSource [RMI TCP Connection(2)-127.0.0.1] HikariPool-5 - Shutdown initiated...
2022-02-20 21:30:13,571 INFO com.zaxxer.hikari.HikariDataSource [RMI TCP Connection(2)-127.0.0.1] HikariPool-5 - Shutdown completed.
2022-02-20 21:30:13,572 INFO org.springframework.orm.jpa.AbstractEntityManagerFactoryBean [RMI TCP Connection(2)-127.0.0.1] Closing JPA EntityManagerFactory for persistence unit 'db1'
2022-02-20 21:30:13,573 INFO com.zaxxer.hikari.HikariDataSource [RMI TCP Connection(2)-127.0.0.1] HikariPool-4 - Shutdown initiated...
2022-02-20 21:30:13,586 INFO com.zaxxer.hikari.HikariDataSource [RMI TCP Connection(2)-127.0.0.1] HikariPool-4 - Shutdown completed.
2022-02-20 23:10:40,360 INFO org.springframework.boot.StartupInfoLogger [restartedMain] Starting MisApplication2 using Java 1.8.0_301 on WIN-USPHV0MJQMB with PID 6800 (C:\Users\Administrator\Desktop\mis updated\misApplication2\target\classes started by Administrator in C:\Users\Administrator\Desktop\mis updated\misApplication2)
2022-02-20 23:10:40,366 INFO org.springframework.boot.SpringApplication [restartedMain] The following profiles are active: development
2022-02-20 23:10:40,460 INFO org.springframework.boot.logging.DeferredLog [restartedMain] The Class-Path manifest attribute in C:\Users\Administrator\.m2\repository\com\oracle\ojdbc\ojdbc8\19.3.0.0\ojdbc8-19.3.0.0.jar referenced one or more files that do not exist: file:/C:/Users/Administrator/.m2/repository/com/oracle/ojdbc/ojdbc8/19.3.0.0/oraclepki.jar
2022-02-20 23:10:40,460 INFO org.springframework.boot.logging.DeferredLog [restartedMain] The Class-Path manifest attribute in C:\Users\Administrator\.m2\repository\com\oracle\ojdbc\oraclepki\19.3.0.0\oraclepki-19.3.0.0.jar referenced one or more files that do not exist: file:/C:/Users/Administrator/.m2/repository/com/oracle/ojdbc/oraclepki/19.3.0.0/osdt_core.jar,file:/C:/Users/Administrator/.m2/repository/com/oracle/ojdbc/oraclepki/19.3.0.0/osdt_cert.jar,file:/C:/Users/Administrator/.m2/repository/com/oracle/ojdbc/oraclepki/oracle.osdt/osdt_core.jar,file:/C:/Users/Administrator/.m2/repository/com/oracle/ojdbc/oraclepki/oracle.osdt/osdt_cert.jar
2022-02-20 23:10:40,461 INFO org.springframework.boot.logging.DeferredLog [restartedMain] The Class-Path manifest attribute in C:\Users\Administrator\.m2\repository\com\oracle\database\jdbc\ojdbc8\19.8.0.0\ojdbc8-19.8.0.0.jar referenced one or more files that do not exist: file:/C:/Users/Administrator/.m2/repository/com/oracle/database/jdbc/ojdbc8/19.8.0.0/oraclepki.jar
2022-02-20 23:10:40,462 INFO org.springframework.boot.logging.DeferredLog [restartedMain] Devtools property defaults active! Set 'spring.devtools.add-properties' to 'false' to disable
2022-02-20 23:10:40,462 INFO org.springframework.boot.logging.DeferredLog [restartedMain] For additional web related logging consider setting the 'logging.level.web' property to 'DEBUG'
2022-02-20 23:10:41,703 INFO org.springframework.data.repository.config.RepositoryConfigurationDelegate [restartedMain] Multiple Spring Data modules found, entering strict repository configuration mode!
2022-02-20 23:10:41,705 INFO org.springframework.data.repository.config.RepositoryConfigurationDelegate [restartedMain] Bootstrapping Spring Data JPA repositories in DEFAULT mode.
2022-02-20 23:10:41,827 INFO org.springframework.data.repository.config.RepositoryConfigurationDelegate [restartedMain] Finished Spring Data repository scanning in 106 ms. Found 3 JPA repository interfaces.
2022-02-20 23:10:41,829 INFO org.springframework.data.repository.config.RepositoryConfigurationDelegate [restartedMain] Multiple Spring Data modules found, entering strict repository configuration mode!
2022-02-20 23:10:41,830 INFO org.springframework.data.repository.config.RepositoryConfigurationDelegate [restartedMain] Bootstrapping Spring Data JPA repositories in DEFAULT mode.
2022-02-20 23:10:41,868 INFO org.springframework.data.repository.config.RepositoryConfigurationDelegate [restartedMain] Finished Spring Data repository scanning in 36 ms. Found 4 JPA repository interfaces.
2022-02-20 23:10:41,869 INFO org.springframework.data.repository.config.RepositoryConfigurationDelegate [restartedMain] Multiple Spring Data modules found, entering strict repository configuration mode!
2022-02-20 23:10:41,870 INFO org.springframework.data.repository.config.RepositoryConfigurationDelegate [restartedMain] Bootstrapping Spring Data JPA repositories in DEFAULT mode.
2022-02-20 23:10:41,925 INFO org.springframework.data.repository.config.RepositoryConfigurationDelegate [restartedMain] Finished Spring Data repository scanning in 54 ms. Found 6 JPA repository interfaces.
2022-02-20 23:10:43,477 INFO org.springframework.boot.web.embedded.tomcat.TomcatWebServer [restartedMain] Tomcat initialized with port(s): 8080 (http)
2022-02-20 23:10:43,489 INFO org.apache.juli.logging.DirectJDKLog [restartedMain] Initializing ProtocolHandler ["http-nio-8080"]
2022-02-20 23:10:43,491 INFO org.apache.juli.logging.DirectJDKLog [restartedMain] Starting service [Tomcat]
2022-02-20 23:10:43,491 INFO org.apache.juli.logging.DirectJDKLog [restartedMain] Starting Servlet engine: [Apache Tomcat/9.0.46]
2022-02-20 23:10:43,658 INFO org.apache.juli.logging.DirectJDKLog [restartedMain] Initializing Spring embedded WebApplicationContext
2022-02-20 23:10:43,659 INFO org.springframework.boot.web.servlet.context.ServletWebServerApplicationContext [restartedMain] Root WebApplicationContext: initialization completed in 3195 ms
2022-02-20 23:10:44,183 INFO org.hibernate.jpa.internal.util.LogHelper [restartedMain] HHH000204: Processing PersistenceUnitInfo [name: db1]
2022-02-20 23:10:44,431 INFO org.hibernate.Version [restartedMain] HHH000412: Hibernate ORM core version 5.4.32.Final
2022-02-20 23:10:44,686 INFO org.hibernate.annotations.common.reflection.java.JavaReflectionManager [restartedMain] HCANN000001: Hibernate Commons Annotations {5.1.2.Final}
2022-02-20 23:10:45,043 INFO com.zaxxer.hikari.HikariDataSource [restartedMain] HikariPool-1 - Starting...
2022-02-20 23:10:45,046 WARN com.zaxxer.hikari.util.DriverDataSource [restartedMain] Registered driver with driverClassName=oracle.jdbc.driver.OracleDriver was not found, trying direct instantiation.
2022-02-20 23:10:45,781 INFO com.zaxxer.hikari.HikariDataSource [restartedMain] HikariPool-1 - Start completed.
2022-02-20 23:10:45,820 INFO org.hibernate.dialect.Dialect [restartedMain] HHH000400: Using dialect: org.hibernate.dialect.Oracle12cDialect
2022-02-20 23:10:46,231 INFO org.hibernate.envers.boot.internal.EnversServiceImpl [restartedMain] Envers integration enabled? : true
2022-02-20 23:10:47,337 INFO org.hibernate.engine.transaction.jta.platform.internal.JtaPlatformInitiator [restartedMain] HHH000490: Using JtaPlatform implementation: [org.hibernate.engine.transaction.jta.platform.internal.NoJtaPlatform]
2022-02-20 23:10:47,354 INFO org.springframework.orm.jpa.AbstractEntityManagerFactoryBean [restartedMain] Initialized JPA EntityManagerFactory for persistence unit 'db1'
2022-02-20 23:10:47,375 INFO org.hibernate.jpa.internal.util.LogHelper [restartedMain] HHH000204: Processing PersistenceUnitInfo [name: db2]
2022-02-20 23:10:47,444 INFO com.zaxxer.hikari.HikariDataSource [restartedMain] HikariPool-2 - Starting...
2022-02-20 23:10:47,445 WARN com.zaxxer.hikari.util.DriverDataSource [restartedMain] Registered driver with driverClassName=oracle.jdbc.driver.OracleDriver was not found, trying direct instantiation.
2022-02-20 23:10:47,552 INFO com.zaxxer.hikari.HikariDataSource [restartedMain] HikariPool-2 - Start completed.
2022-02-20 23:10:47,554 INFO org.hibernate.dialect.Dialect [restartedMain] HHH000400: Using dialect: org.hibernate.dialect.Oracle12cDialect
2022-02-20 23:10:47,625 INFO org.hibernate.envers.boot.internal.EnversServiceImpl [restartedMain] Envers integration enabled? : true
2022-02-20 23:10:47,743 INFO org.hibernate.engine.transaction.jta.platform.internal.JtaPlatformInitiator [restartedMain] HHH000490: Using JtaPlatform implementation: [org.hibernate.engine.transaction.jta.platform.internal.NoJtaPlatform]
2022-02-20 23:10:47,744 INFO org.springframework.orm.jpa.AbstractEntityManagerFactoryBean [restartedMain] Initialized JPA EntityManagerFactory for persistence unit 'db2'
2022-02-20 23:10:47,765 INFO org.hibernate.jpa.internal.util.LogHelper [restartedMain] HHH000204: Processing PersistenceUnitInfo [name: db3]
2022-02-20 23:10:47,874 INFO com.zaxxer.hikari.HikariDataSource [restartedMain] HikariPool-3 - Starting...
2022-02-20 23:10:48,056 INFO com.zaxxer.hikari.HikariDataSource [restartedMain] HikariPool-3 - Start completed.
2022-02-20 23:10:48,067 INFO org.hibernate.dialect.Dialect [restartedMain] HHH000400: Using dialect: org.hibernate.dialect.PostgreSQL10Dialect
2022-02-20 23:10:48,425 INFO org.hibernate.envers.boot.internal.EnversServiceImpl [restartedMain] Envers integration enabled? : true
2022-02-20 23:10:48,565 INFO org.hibernate.engine.transaction.jta.platform.internal.JtaPlatformInitiator [restartedMain] HHH000490: Using JtaPlatform implementation: [org.hibernate.engine.transaction.jta.platform.internal.NoJtaPlatform]
2022-02-20 23:10:48,566 INFO org.springframework.orm.jpa.AbstractEntityManagerFactoryBean [restartedMain] Initialized JPA EntityManagerFactory for persistence unit 'db3'
2022-02-20 23:10:50,580 INFO org.springframework.security.web.DefaultSecurityFilterChain [restartedMain] Will secure any request with [org.springframework.security.web.context.request.async.WebAsyncManagerIntegrationFilter@57fddb2a, org.springframework.security.web.context.SecurityContextPersistenceFilter@6fa555c0, org.springframework.security.web.header.HeaderWriterFilter@21c972c8, org.springframework.web.filter.CorsFilter@222ef4fc, org.keycloak.adapters.springsecurity.filter.KeycloakPreAuthActionsFilter@5c0c9841, org.keycloak.adapters.springsecurity.filter.KeycloakAuthenticationProcessingFilter@6f8781fc, org.springframework.security.web.authentication.logout.LogoutFilter@2cff6347, org.springframework.security.web.savedrequest.RequestCacheAwareFilter@5c7f9cad, org.springframework.security.web.servletapi.SecurityContextHolderAwareRequestFilter@58d6afec, org.keycloak.adapters.springsecurity.filter.KeycloakSecurityContextRequestFilter@4165dc21, org.keycloak.adapters.springsecurity.filter.KeycloakAuthenticatedActionsFilter@79938adc, org.springframework.security.web.authentication.AnonymousAuthenticationFilter@1b0d94df, org.springframework.security.web.session.SessionManagementFilter@1a061bed, org.springframework.security.web.access.ExceptionTranslationFilter@22d6494d, org.springframework.security.web.access.intercept.FilterSecurityInterceptor@f015eed]
2022-02-20 23:10:50,920 INFO org.springframework.boot.devtools.autoconfigure.OptionalLiveReloadServer [restartedMain] LiveReload server is running on port 35729
2022-02-20 23:10:50,973 INFO org.apache.juli.logging.DirectJDKLog [restartedMain] Starting ProtocolHandler ["http-nio-8080"]
2022-02-20 23:10:50,993 INFO org.springframework.boot.web.embedded.tomcat.TomcatWebServer [restartedMain] Tomcat started on port(s): 8080 (http) with context path '/misApplication2'
2022-02-20 23:10:51,014 INFO org.springframework.boot.StartupInfoLogger [restartedMain] Started MisApplication2 in 11.502 seconds (JVM running for 13.105)
2022-02-20 23:10:53,192 INFO org.apache.juli.logging.DirectJDKLog [http-nio-8080-exec-1] Initializing Spring DispatcherServlet 'dispatcherServlet'
2022-02-20 23:10:53,193 INFO org.springframework.web.servlet.FrameworkServlet [http-nio-8080-exec-1] Initializing Servlet 'dispatcherServlet'
2022-02-20 23:10:53,196 INFO org.springframework.web.servlet.FrameworkServlet [http-nio-8080-exec-1] Completed initialization in 2 ms
2022-02-20 23:10:53,534 INFO com.mis.eoffice.serviceImpls.SauDataServiceImpl [http-nio-8080-exec-1] Parsing End for Hierarchical Data Operations.
2022-02-20 23:10:53,547 INFO com.mis.eoffice.serviceImpls.OperationsDataServiceImpl [http-nio-8080-exec-1] Computing Greater Than 10 Count for Department:7WG.OPS
2022-02-20 23:10:53,620 INFO com.mis.eoffice.serviceImpls.OperationsDataServiceImpl [http-nio-8080-exec-1] number Of files >10(7WG.OPS) = 0
2022-02-20 23:10:53,622 INFO com.mis.eoffice.serviceImpls.OperationsDataServiceImpl [http-nio-8080-exec-1] Computing Greater Than 5 OR Less Than 10 Count for Department:7WG.OPS
2022-02-20 23:10:53,633 INFO com.mis.eoffice.serviceImpls.OperationsDataServiceImpl [http-nio-8080-exec-1] number Of files 5-10 (7WG.OPS)= 0
2022-02-20 23:10:53,636 INFO com.mis.eoffice.serviceImpls.OperationsDataServiceImpl [http-nio-8080-exec-1] Computing 0-5 Count for Department:7WG.OPS
2022-02-20 23:10:53,646 INFO com.mis.eoffice.serviceImpls.OperationsDataServiceImpl [http-nio-8080-exec-1] number Of files 0-5(7WG.OPS) = 0
2022-02-20 23:10:53,647 INFO com.mis.eoffice.serviceImpls.OperationsDataServiceImpl [http-nio-8080-exec-1] Computing Inbox Files Count for Department:7WG.OPS
2022-02-20 23:10:53,657 INFO com.mis.eoffice.serviceImpls.OperationsDataServiceImpl [http-nio-8080-exec-1] number Of total files  (7WG.OPS) = 0
2022-02-20 23:10:53,725 INFO com.mis.eoffice.serviceImpls.OperationsDataServiceImpl [http-nio-8080-exec-1] Computing Greater Than 10 Count for Department:7WG.IAFAC
2022-02-20 23:10:53,735 INFO com.mis.eoffice.serviceImpls.OperationsDataServiceImpl [http-nio-8080-exec-1] number Of files >10(7WG.IAFAC) = 4
2022-02-20 23:10:53,736 INFO com.mis.eoffice.serviceImpls.OperationsDataServiceImpl [http-nio-8080-exec-1] File == 7WG-100-4-CAD BM-I
2022-02-20 23:10:53,736 INFO com.mis.eoffice.serviceImpls.OperationsDataServiceImpl [http-nio-8080-exec-1] File == 7WG-100-31-METO BM-I
2022-02-20 23:10:53,737 INFO com.mis.eoffice.serviceImpls.OperationsDataServiceImpl [http-nio-8080-exec-1] File == 7WG-100-6-CAD BM-I
2022-02-20 23:10:53,738 INFO com.mis.eoffice.serviceImpls.OperationsDataServiceImpl [http-nio-8080-exec-1] File == 7WG-191-1-HRC BM-I
2022-02-20 23:10:53,739 INFO com.mis.eoffice.serviceImpls.OperationsDataServiceImpl [http-nio-8080-exec-1] Computing Greater Than 5 OR Less Than 10 Count for Department:7WG.IAFAC
2022-02-20 23:10:53,745 INFO com.mis.eoffice.serviceImpls.OperationsDataServiceImpl [http-nio-8080-exec-1] number Of files 5-10 (7WG.IAFAC)= 1
2022-02-20 23:10:53,746 INFO com.mis.eoffice.serviceImpls.OperationsDataServiceImpl [http-nio-8080-exec-1] File == 7WG-C 190-1-HRC(HRC1) BM-I
2022-02-20 23:10:53,747 INFO com.mis.eoffice.serviceImpls.OperationsDataServiceImpl [http-nio-8080-exec-1] Computing 0-5 Count for Department:7WG.IAFAC
2022-02-20 23:10:53,752 INFO com.mis.eoffice.serviceImpls.OperationsDataServiceImpl [http-nio-8080-exec-1] number Of files 0-5(7WG.IAFAC) = 0
2022-02-20 23:10:53,753 INFO com.mis.eoffice.serviceImpls.OperationsDataServiceImpl [http-nio-8080-exec-1] Computing Inbox Files Count for Department:7WG.IAFAC
2022-02-20 23:10:53,760 INFO com.mis.eoffice.serviceImpls.OperationsDataServiceImpl [http-nio-8080-exec-1] number Of total files  (7WG.IAFAC) = 5
2022-02-20 23:10:53,761 INFO com.mis.eoffice.serviceImpls.OperationsDataServiceImpl [http-nio-8080-exec-1] File == 7WG-C 190-1-HRC(HRC1) BM-I
2022-02-20 23:10:53,762 INFO com.mis.eoffice.serviceImpls.OperationsDataServiceImpl [http-nio-8080-exec-1] File == 7WG-100-4-CAD BM-I
2022-02-20 23:10:53,762 INFO com.mis.eoffice.serviceImpls.OperationsDataServiceImpl [http-nio-8080-exec-1] File == 7WG-100-31-METO BM-I
2022-02-20 23:10:53,763 INFO com.mis.eoffice.serviceImpls.OperationsDataServiceImpl [http-nio-8080-exec-1] File == 7WG-100-6-CAD BM-I
2022-02-20 23:10:53,764 INFO com.mis.eoffice.serviceImpls.OperationsDataServiceImpl [http-nio-8080-exec-1] File == 7WG-191-1-HRC BM-I
2022-02-20 23:10:53,773 INFO com.mis.eoffice.serviceImpls.OperationsDataServiceImpl [http-nio-8080-exec-1] Computing Greater Than 10 Count for Department:7WG.MAIN
2022-02-20 23:10:53,777 INFO com.mis.eoffice.serviceImpls.OperationsDataServiceImpl [http-nio-8080-exec-1] number Of files >10(7WG.MAIN) = 0
2022-02-20 23:10:53,778 INFO com.mis.eoffice.serviceImpls.OperationsDataServiceImpl [http-nio-8080-exec-1] Computing Greater Than 5 OR Less Than 10 Count for Department:7WG.MAIN
2022-02-20 23:10:53,781 INFO com.mis.eoffice.serviceImpls.OperationsDataServiceImpl [http-nio-8080-exec-1] number Of files 5-10 (7WG.MAIN)= 0
2022-02-20 23:10:53,782 INFO com.mis.eoffice.serviceImpls.OperationsDataServiceImpl [http-nio-8080-exec-1] Computing 0-5 Count for Department:7WG.MAIN
2022-02-20 23:10:53,786 INFO com.mis.eoffice.serviceImpls.OperationsDataServiceImpl [http-nio-8080-exec-1] number Of files 0-5(7WG.MAIN) = 0
2022-02-20 23:10:53,786 INFO com.mis.eoffice.serviceImpls.OperationsDataServiceImpl [http-nio-8080-exec-1] Computing Inbox Files Count for Department:7WG.MAIN
2022-02-20 23:10:53,789 INFO com.mis.eoffice.serviceImpls.OperationsDataServiceImpl [http-nio-8080-exec-1] number Of total files  (7WG.MAIN) = 0
2022-02-20 23:10:53,796 INFO com.mis.eoffice.serviceImpls.OperationsDataServiceImpl [http-nio-8080-exec-1] Computing Greater Than 10 Count for Department:7WG.HRC
2022-02-20 23:10:53,812 INFO com.mis.eoffice.serviceImpls.OperationsDataServiceImpl [http-nio-8080-exec-1] number Of files >10(7WG.HRC) = 25
2022-02-20 23:10:53,812 INFO com.mis.eoffice.serviceImpls.OperationsDataServiceImpl [http-nio-8080-exec-1] File == 7WG-100-20-HRC BM-I
2022-02-20 23:10:53,813 INFO com.mis.eoffice.serviceImpls.OperationsDataServiceImpl [http-nio-8080-exec-1] File == METO-C 305-1-METO BM-I
2022-02-20 23:10:53,814 INFO com.mis.eoffice.serviceImpls.OperationsDataServiceImpl [http-nio-8080-exec-1] File == 7WG-100-23-HRC BM-I
2022-02-20 23:10:53,814 INFO com.mis.eoffice.serviceImpls.OperationsDataServiceImpl [http-nio-8080-exec-1] File == 7WG-100-22-HRC BM-I
2022-02-20 23:10:53,815 INFO com.mis.eoffice.serviceImpls.OperationsDataServiceImpl [http-nio-8080-exec-1] File == 7WG-C 100-3-HRC BM-I
2022-02-20 23:10:53,816 INFO com.mis.eoffice.serviceImpls.OperationsDataServiceImpl [http-nio-8080-exec-1] File == 7WG-C 101-2-HRC(HRC1) BM-I
2022-02-20 23:10:53,816 INFO com.mis.eoffice.serviceImpls.OperationsDataServiceImpl [http-nio-8080-exec-1] File == 7WG-501-7-CAD BM-I
2022-02-20 23:10:53,817 INFO com.mis.eoffice.serviceImpls.OperationsDataServiceImpl [http-nio-8080-exec-1] File == 7WG-100-90-HRC BM-I
2022-02-20 23:10:53,818 INFO com.mis.eoffice.serviceImpls.OperationsDataServiceImpl [http-nio-8080-exec-1] File == 7WG-100-70-HRC BM-I
2022-02-20 23:10:53,818 INFO com.mis.eoffice.serviceImpls.OperationsDataServiceImpl [http-nio-8080-exec-1] File == 7WG-307-14-METO BM-I
2022-02-20 23:10:53,819 INFO com.mis.eoffice.serviceImpls.OperationsDataServiceImpl [http-nio-8080-exec-1] File == 7WG-100-9-CAD BM-I
2022-02-20 23:10:53,819 INFO com.mis.eoffice.serviceImpls.OperationsDataServiceImpl [http-nio-8080-exec-1] File == 7WG-100-37-HRC BM-I
2022-02-20 23:10:53,820 INFO com.mis.eoffice.serviceImpls.OperationsDataServiceImpl [http-nio-8080-exec-1] File == 7WG-100-38-HRC BM-I
2022-02-20 23:10:53,821 INFO com.mis.eoffice.serviceImpls.OperationsDataServiceImpl [http-nio-8080-exec-1] File == 7WG-100-39-HRC BM-I
2022-02-20 23:10:53,821 INFO com.mis.eoffice.serviceImpls.OperationsDataServiceImpl [http-nio-8080-exec-1] File == 7WG-200-3-HRC BM-I (PC1)
2022-02-20 23:10:53,822 INFO com.mis.eoffice.serviceImpls.OperationsDataServiceImpl [http-nio-8080-exec-1] File == 7WG-100-40-HRC BM-I
2022-02-20 23:10:53,822 INFO com.mis.eoffice.serviceImpls.OperationsDataServiceImpl [http-nio-8080-exec-1] File == 7WG-367-1-METO(METO1) BM-I
2022-02-20 23:10:53,823 INFO com.mis.eoffice.serviceImpls.OperationsDataServiceImpl [http-nio-8080-exec-1] File == 7WG-502-1-CAD BM-I
2022-02-20 23:10:53,824 INFO com.mis.eoffice.serviceImpls.OperationsDataServiceImpl [http-nio-8080-exec-1] File == 7WG-100-76-HRC(case 11132213289823) BM-I
2022-02-20 23:10:53,824 INFO com.mis.eoffice.serviceImpls.OperationsDataServiceImpl [http-nio-8080-exec-1] File == 7WG-100-65-HRC BM-I
2022-02-20 23:10:53,825 INFO com.mis.eoffice.serviceImpls.OperationsDataServiceImpl [http-nio-8080-exec-1] File == 7WG-100-61-HRC BM-I (PC2)
2022-02-20 23:10:53,825 INFO com.mis.eoffice.serviceImpls.OperationsDataServiceImpl [http-nio-8080-exec-1] File == 7WG-100-77-HRC BM-I
2022-02-20 23:10:53,826 INFO com.mis.eoffice.serviceImpls.OperationsDataServiceImpl [http-nio-8080-exec-1] File == 7WG-100-67-HRC BM-I
2022-02-20 23:10:53,827 INFO com.mis.eoffice.serviceImpls.OperationsDataServiceImpl [http-nio-8080-exec-1] File == 7WG-100-41-HRC BM-I
2022-02-20 23:10:53,827 INFO com.mis.eoffice.serviceImpls.OperationsDataServiceImpl [http-nio-8080-exec-1] File == 7WG-100-80-HRC BM-I
2022-02-20 23:10:53,828 INFO com.mis.eoffice.serviceImpls.OperationsDataServiceImpl [http-nio-8080-exec-1] Computing Greater Than 5 OR Less Than 10 Count for Department:7WG.HRC
2022-02-20 23:10:53,833 INFO com.mis.eoffice.serviceImpls.OperationsDataServiceImpl [http-nio-8080-exec-1] number Of files 5-10 (7WG.HRC)= 3
2022-02-20 23:10:53,834 INFO com.mis.eoffice.serviceImpls.OperationsDataServiceImpl [http-nio-8080-exec-1] File == 7WG-301-6-METO BM-I
2022-02-20 23:10:53,835 INFO com.mis.eoffice.serviceImpls.OperationsDataServiceImpl [http-nio-8080-exec-1] File == 7WG-290-1-METO BM-I
2022-02-20 23:10:53,835 INFO com.mis.eoffice.serviceImpls.OperationsDataServiceImpl [http-nio-8080-exec-1] File == 7WG-201-6-HRC BM-I
2022-02-20 23:10:53,836 INFO com.mis.eoffice.serviceImpls.OperationsDataServiceImpl [http-nio-8080-exec-1] Computing 0-5 Count for Department:7WG.HRC
2022-02-20 23:10:53,843 INFO com.mis.eoffice.serviceImpls.OperationsDataServiceImpl [http-nio-8080-exec-1] number Of files 0-5(7WG.HRC) = 9
2022-02-20 23:10:53,844 INFO com.mis.eoffice.serviceImpls.OperationsDataServiceImpl [http-nio-8080-exec-1] File == 7WG-201-10-HRC BM-I
2022-02-20 23:10:53,844 INFO com.mis.eoffice.serviceImpls.OperationsDataServiceImpl [http-nio-8080-exec-1] File == 7WG-200-7-HRC BM-I
2022-02-20 23:10:53,845 INFO com.mis.eoffice.serviceImpls.OperationsDataServiceImpl [http-nio-8080-exec-1] File == 7WG-193-2-HRC BM-I
2022-02-20 23:10:53,846 INFO com.mis.eoffice.serviceImpls.OperationsDataServiceImpl [http-nio-8080-exec-1] File == 7WG-201-12-HRC BM-I
2022-02-20 23:10:53,847 INFO com.mis.eoffice.serviceImpls.OperationsDataServiceImpl [http-nio-8080-exec-1] File == 7WG-201-5-HRC BM-I
2022-02-20 23:10:53,848 INFO com.mis.eoffice.serviceImpls.OperationsDataServiceImpl [http-nio-8080-exec-1] File == 7WG-200-10-HRC BM-I
2022-02-20 23:10:53,848 INFO com.mis.eoffice.serviceImpls.OperationsDataServiceImpl [http-nio-8080-exec-1] File == 7WG-200-8-HRC BM-I
2022-02-20 23:10:53,849 INFO com.mis.eoffice.serviceImpls.OperationsDataServiceImpl [http-nio-8080-exec-1] File == 7WG-200-9-HRC BM-I
2022-02-20 23:10:53,849 INFO com.mis.eoffice.serviceImpls.OperationsDataServiceImpl [http-nio-8080-exec-1] File == 7WG-190-3-HRC BM-I
2022-02-20 23:10:53,850 INFO com.mis.eoffice.serviceImpls.OperationsDataServiceImpl [http-nio-8080-exec-1] Computing Inbox Files Count for Department:7WG.HRC
2022-02-20 23:10:53,867 INFO com.mis.eoffice.serviceImpls.OperationsDataServiceImpl [http-nio-8080-exec-1] number Of total files  (7WG.HRC) = 37
2022-02-20 23:10:53,867 INFO com.mis.eoffice.serviceImpls.OperationsDataServiceImpl [http-nio-8080-exec-1] File == 7WG-100-20-HRC BM-I
2022-02-20 23:10:53,868 INFO com.mis.eoffice.serviceImpls.OperationsDataServiceImpl [http-nio-8080-exec-1] File == METO-C 305-1-METO BM-I
2022-02-20 23:10:53,869 INFO com.mis.eoffice.serviceImpls.OperationsDataServiceImpl [http-nio-8080-exec-1] File == 7WG-100-23-HRC BM-I
2022-02-20 23:10:53,869 INFO com.mis.eoffice.serviceImpls.OperationsDataServiceImpl [http-nio-8080-exec-1] File == 7WG-100-22-HRC BM-I
2022-02-20 23:10:53,870 INFO com.mis.eoffice.serviceImpls.OperationsDataServiceImpl [http-nio-8080-exec-1] File == 7WG-C 100-3-HRC BM-I
2022-02-20 23:10:53,871 INFO com.mis.eoffice.serviceImpls.OperationsDataServiceImpl [http-nio-8080-exec-1] File == 7WG-C 101-2-HRC(HRC1) BM-I
2022-02-20 23:10:53,871 INFO com.mis.eoffice.serviceImpls.OperationsDataServiceImpl [http-nio-8080-exec-1] File == 7WG-501-7-CAD BM-I
2022-02-20 23:10:53,872 INFO com.mis.eoffice.serviceImpls.OperationsDataServiceImpl [http-nio-8080-exec-1] File == 7WG-100-90-HRC BM-I
2022-02-20 23:10:53,872 INFO com.mis.eoffice.serviceImpls.OperationsDataServiceImpl [http-nio-8080-exec-1] File == 7WG-100-70-HRC BM-I
2022-02-20 23:10:53,873 INFO com.mis.eoffice.serviceImpls.OperationsDataServiceImpl [http-nio-8080-exec-1] File == 7WG-307-14-METO BM-I
2022-02-20 23:10:53,874 INFO com.mis.eoffice.serviceImpls.OperationsDataServiceImpl [http-nio-8080-exec-1] File == 7WG-100-9-CAD BM-I
2022-02-20 23:10:53,874 INFO com.mis.eoffice.serviceImpls.OperationsDataServiceImpl [http-nio-8080-exec-1] File == 7WG-100-37-HRC BM-I
2022-02-20 23:10:53,875 INFO com.mis.eoffice.serviceImpls.OperationsDataServiceImpl [http-nio-8080-exec-1] File == 7WG-100-38-HRC BM-I
2022-02-20 23:10:53,875 INFO com.mis.eoffice.serviceImpls.OperationsDataServiceImpl [http-nio-8080-exec-1] File == 7WG-100-39-HRC BM-I
2022-02-20 23:10:53,876 INFO com.mis.eoffice.serviceImpls.OperationsDataServiceImpl [http-nio-8080-exec-1] File == 7WG-200-3-HRC BM-I (PC1)
2022-02-20 23:10:53,877 INFO com.mis.eoffice.serviceImpls.OperationsDataServiceImpl [http-nio-8080-exec-1] File == 7WG-100-40-HRC BM-I
2022-02-20 23:10:53,877 INFO com.mis.eoffice.serviceImpls.OperationsDataServiceImpl [http-nio-8080-exec-1] File == 7WG-367-1-METO(METO1) BM-I
2022-02-20 23:10:53,878 INFO com.mis.eoffice.serviceImpls.OperationsDataServiceImpl [http-nio-8080-exec-1] File == 7WG-301-6-METO BM-I
2022-02-20 23:10:53,878 INFO com.mis.eoffice.serviceImpls.OperationsDataServiceImpl [http-nio-8080-exec-1] File == 7WG-502-1-CAD BM-I
2022-02-20 23:10:53,879 INFO com.mis.eoffice.serviceImpls.OperationsDataServiceImpl [http-nio-8080-exec-1] File == 7WG-100-76-HRC(case 11132213289823) BM-I
2022-02-20 23:10:53,880 INFO com.mis.eoffice.serviceImpls.OperationsDataServiceImpl [http-nio-8080-exec-1] File == 7WG-201-10-HRC BM-I
2022-02-20 23:10:53,880 INFO com.mis.eoffice.serviceImpls.OperationsDataServiceImpl [http-nio-8080-exec-1] File == 7WG-100-65-HRC BM-I
2022-02-20 23:10:53,881 INFO com.mis.eoffice.serviceImpls.OperationsDataServiceImpl [http-nio-8080-exec-1] File == 7WG-100-61-HRC BM-I (PC2)
2022-02-20 23:10:53,882 INFO com.mis.eoffice.serviceImpls.OperationsDataServiceImpl [http-nio-8080-exec-1] File == 7WG-100-77-HRC BM-I
2022-02-20 23:10:53,882 INFO com.mis.eoffice.serviceImpls.OperationsDataServiceImpl [http-nio-8080-exec-1] File == 7WG-100-67-HRC BM-I
2022-02-20 23:10:53,883 INFO com.mis.eoffice.serviceImpls.OperationsDataServiceImpl [http-nio-8080-exec-1] File == 7WG-100-41-HRC BM-I
2022-02-20 23:10:53,883 INFO com.mis.eoffice.serviceImpls.OperationsDataServiceImpl [http-nio-8080-exec-1] File == 7WG-200-7-HRC BM-I
2022-02-20 23:10:53,884 INFO com.mis.eoffice.serviceImpls.OperationsDataServiceImpl [http-nio-8080-exec-1] File == 7WG-100-80-HRC BM-I
2022-02-20 23:10:53,885 INFO com.mis.eoffice.serviceImpls.OperationsDataServiceImpl [http-nio-8080-exec-1] File == 7WG-290-1-METO BM-I
2022-02-20 23:10:53,885 INFO com.mis.eoffice.serviceImpls.OperationsDataServiceImpl [http-nio-8080-exec-1] File == 7WG-193-2-HRC BM-I
2022-02-20 23:10:53,886 INFO com.mis.eoffice.serviceImpls.OperationsDataServiceImpl [http-nio-8080-exec-1] File == 7WG-201-12-HRC BM-I
2022-02-20 23:10:53,886 INFO com.mis.eoffice.serviceImpls.OperationsDataServiceImpl [http-nio-8080-exec-1] File == 7WG-201-6-HRC BM-I
2022-02-20 23:10:53,887 INFO com.mis.eoffice.serviceImpls.OperationsDataServiceImpl [http-nio-8080-exec-1] File == 7WG-201-5-HRC BM-I
2022-02-20 23:10:53,888 INFO com.mis.eoffice.serviceImpls.OperationsDataServiceImpl [http-nio-8080-exec-1] File == 7WG-200-10-HRC BM-I
2022-02-20 23:10:53,888 INFO com.mis.eoffice.serviceImpls.OperationsDataServiceImpl [http-nio-8080-exec-1] File == 7WG-200-8-HRC BM-I
2022-02-20 23:10:53,889 INFO com.mis.eoffice.serviceImpls.OperationsDataServiceImpl [http-nio-8080-exec-1] File == 7WG-200-9-HRC BM-I
2022-02-20 23:10:53,889 INFO com.mis.eoffice.serviceImpls.OperationsDataServiceImpl [http-nio-8080-exec-1] File == 7WG-190-3-HRC BM-I
2022-02-20 23:10:53,897 INFO com.mis.eoffice.serviceImpls.OperationsDataServiceImpl [http-nio-8080-exec-1] Computing Greater Than 10 Count for Department:7WG.DAC
2022-02-20 23:10:53,901 INFO com.mis.eoffice.serviceImpls.OperationsDataServiceImpl [http-nio-8080-exec-1] number Of files >10(7WG.DAC) = 0
2022-02-20 23:10:53,902 INFO com.mis.eoffice.serviceImpls.OperationsDataServiceImpl [http-nio-8080-exec-1] Computing Greater Than 5 OR Less Than 10 Count for Department:7WG.DAC
2022-02-20 23:10:53,905 INFO com.mis.eoffice.serviceImpls.OperationsDataServiceImpl [http-nio-8080-exec-1] number Of files 5-10 (7WG.DAC)= 0
2022-02-20 23:10:53,906 INFO com.mis.eoffice.serviceImpls.OperationsDataServiceImpl [http-nio-8080-exec-1] Computing 0-5 Count for Department:7WG.DAC
2022-02-20 23:10:53,909 INFO com.mis.eoffice.serviceImpls.OperationsDataServiceImpl [http-nio-8080-exec-1] number Of files 0-5(7WG.DAC) = 0
2022-02-20 23:10:53,910 INFO com.mis.eoffice.serviceImpls.OperationsDataServiceImpl [http-nio-8080-exec-1] Computing Inbox Files Count for Department:7WG.DAC
2022-02-20 23:10:53,912 INFO com.mis.eoffice.serviceImpls.OperationsDataServiceImpl [http-nio-8080-exec-1] number Of total files  (7WG.DAC) = 0
2022-02-20 23:10:53,919 INFO com.mis.eoffice.serviceImpls.OperationsDataServiceImpl [http-nio-8080-exec-1] Computing Greater Than 10 Count for Department:7WG.METO
2022-02-20 23:10:53,927 INFO com.mis.eoffice.serviceImpls.OperationsDataServiceImpl [http-nio-8080-exec-1] number Of files >10(7WG.METO) = 18
2022-02-20 23:10:53,928 INFO com.mis.eoffice.serviceImpls.OperationsDataServiceImpl [http-nio-8080-exec-1] File == 7WG-C 200-3-METO BM-I
2022-02-20 23:10:53,929 INFO com.mis.eoffice.serviceImpls.OperationsDataServiceImpl [http-nio-8080-exec-1] File == 7WG-100-8-HRC BM-I
2022-02-20 23:10:53,930 INFO com.mis.eoffice.serviceImpls.OperationsDataServiceImpl [http-nio-8080-exec-1] File == 7WG-101-3-HRC BM-I
2022-02-20 23:10:53,930 INFO com.mis.eoffice.serviceImpls.OperationsDataServiceImpl [http-nio-8080-exec-1] File == 7WG-100-5-HRC BM-I
2022-02-20 23:10:53,931 INFO com.mis.eoffice.serviceImpls.OperationsDataServiceImpl [http-nio-8080-exec-1] File == 7WG-100-7-HRC BM-I
2022-02-20 23:10:53,932 INFO com.mis.eoffice.serviceImpls.OperationsDataServiceImpl [http-nio-8080-exec-1] File == 7WG-301-4-METO BM-I
2022-02-20 23:10:53,932 INFO com.mis.eoffice.serviceImpls.OperationsDataServiceImpl [http-nio-8080-exec-1] File == 7WG-201-2-HRC BM-I
2022-02-20 23:10:53,933 INFO com.mis.eoffice.serviceImpls.OperationsDataServiceImpl [http-nio-8080-exec-1] File == 7WG-100-34-METO BM-I
2022-02-20 23:10:53,934 INFO com.mis.eoffice.serviceImpls.OperationsDataServiceImpl [http-nio-8080-exec-1] File == 7WG-100-92-HRC BM-I
2022-02-20 23:10:53,934 INFO com.mis.eoffice.serviceImpls.OperationsDataServiceImpl [http-nio-8080-exec-1] File == 7WG-100-6-HRC BM-I
2022-02-20 23:10:53,935 INFO com.mis.eoffice.serviceImpls.OperationsDataServiceImpl [http-nio-8080-exec-1] File == 7WG-100-17-HRC BM-I
2022-02-20 23:10:53,936 INFO com.mis.eoffice.serviceImpls.OperationsDataServiceImpl [http-nio-8080-exec-1] File == 7WG-101-4-HRC BM-I
2022-02-20 23:10:53,936 INFO com.mis.eoffice.serviceImpls.OperationsDataServiceImpl [http-nio-8080-exec-1] File == 7WG-101-2-HRC BM-I
2022-02-20 23:10:53,937 INFO com.mis.eoffice.serviceImpls.OperationsDataServiceImpl [http-nio-8080-exec-1] File == 7WG-101-5-HRC BM-I
2022-02-20 23:10:53,938 INFO com.mis.eoffice.serviceImpls.OperationsDataServiceImpl [http-nio-8080-exec-1] File == 7WG-200-2-HRC BM-I
2022-02-20 23:10:53,938 INFO com.mis.eoffice.serviceImpls.OperationsDataServiceImpl [http-nio-8080-exec-1] File == 7WG-100-83-HRC BM-I
2022-02-20 23:10:53,939 INFO com.mis.eoffice.serviceImpls.OperationsDataServiceImpl [http-nio-8080-exec-1] File == 7WG-100-89-HRC BM-I
2022-02-20 23:10:53,939 INFO com.mis.eoffice.serviceImpls.OperationsDataServiceImpl [http-nio-8080-exec-1] File == 7WG-101-6-HRC BM-I
2022-02-20 23:10:53,940 INFO com.mis.eoffice.serviceImpls.OperationsDataServiceImpl [http-nio-8080-exec-1] Computing Greater Than 5 OR Less Than 10 Count for Department:7WG.METO
2022-02-20 23:10:53,945 INFO com.mis.eoffice.serviceImpls.OperationsDataServiceImpl [http-nio-8080-exec-1] number Of files 5-10 (7WG.METO)= 3
2022-02-20 23:10:53,945 INFO com.mis.eoffice.serviceImpls.OperationsDataServiceImpl [http-nio-8080-exec-1] File == 7WG-201-8-HRC BM-I
2022-02-20 23:10:53,946 INFO com.mis.eoffice.serviceImpls.OperationsDataServiceImpl [http-nio-8080-exec-1] File == 7WG-201-9-HRC BM-I
2022-02-20 23:10:53,946 INFO com.mis.eoffice.serviceImpls.OperationsDataServiceImpl [http-nio-8080-exec-1] File == 7WG-201-7-HRC BM-I
2022-02-20 23:10:53,947 INFO com.mis.eoffice.serviceImpls.OperationsDataServiceImpl [http-nio-8080-exec-1] Computing 0-5 Count for Department:7WG.METO
2022-02-20 23:10:53,951 INFO com.mis.eoffice.serviceImpls.OperationsDataServiceImpl [http-nio-8080-exec-1] number Of files 0-5(7WG.METO) = 1
2022-02-20 23:10:53,951 INFO com.mis.eoffice.serviceImpls.OperationsDataServiceImpl [http-nio-8080-exec-1] File == 7WG-201-3-HRC BM-I
2022-02-20 23:10:53,952 INFO com.mis.eoffice.serviceImpls.OperationsDataServiceImpl [http-nio-8080-exec-1] Computing Inbox Files Count for Department:7WG.METO
2022-02-20 23:10:53,961 INFO com.mis.eoffice.serviceImpls.OperationsDataServiceImpl [http-nio-8080-exec-1] number Of total files  (7WG.METO) = 22
2022-02-20 23:10:53,962 INFO com.mis.eoffice.serviceImpls.OperationsDataServiceImpl [http-nio-8080-exec-1] File == 7WG-C 200-3-METO BM-I
2022-02-20 23:10:53,963 INFO com.mis.eoffice.serviceImpls.OperationsDataServiceImpl [http-nio-8080-exec-1] File == 7WG-100-8-HRC BM-I
2022-02-20 23:10:53,963 INFO com.mis.eoffice.serviceImpls.OperationsDataServiceImpl [http-nio-8080-exec-1] File == 7WG-101-3-HRC BM-I
2022-02-20 23:10:53,964 INFO com.mis.eoffice.serviceImpls.OperationsDataServiceImpl [http-nio-8080-exec-1] File == 7WG-100-5-HRC BM-I
2022-02-20 23:10:53,964 INFO com.mis.eoffice.serviceImpls.OperationsDataServiceImpl [http-nio-8080-exec-1] File == 7WG-100-7-HRC BM-I
2022-02-20 23:10:53,965 INFO com.mis.eoffice.serviceImpls.OperationsDataServiceImpl [http-nio-8080-exec-1] File == 7WG-301-4-METO BM-I
2022-02-20 23:10:53,966 INFO com.mis.eoffice.serviceImpls.OperationsDataServiceImpl [http-nio-8080-exec-1] File == 7WG-201-2-HRC BM-I
2022-02-20 23:10:53,966 INFO com.mis.eoffice.serviceImpls.OperationsDataServiceImpl [http-nio-8080-exec-1] File == 7WG-201-8-HRC BM-I
2022-02-20 23:10:53,967 INFO com.mis.eoffice.serviceImpls.OperationsDataServiceImpl [http-nio-8080-exec-1] File == 7WG-201-9-HRC BM-I
2022-02-20 23:10:53,967 INFO com.mis.eoffice.serviceImpls.OperationsDataServiceImpl [http-nio-8080-exec-1] File == 7WG-201-7-HRC BM-I
2022-02-20 23:10:53,968 INFO com.mis.eoffice.serviceImpls.OperationsDataServiceImpl [http-nio-8080-exec-1] File == 7WG-100-34-METO BM-I
2022-02-20 23:10:53,968 INFO com.mis.eoffice.serviceImpls.OperationsDataServiceImpl [http-nio-8080-exec-1] File == 7WG-100-92-HRC BM-I
2022-02-20 23:10:53,969 INFO com.mis.eoffice.serviceImpls.OperationsDataServiceImpl [http-nio-8080-exec-1] File == 7WG-100-6-HRC BM-I
2022-02-20 23:10:53,969 INFO com.mis.eoffice.serviceImpls.OperationsDataServiceImpl [http-nio-8080-exec-1] File == 7WG-100-17-HRC BM-I
2022-02-20 23:10:53,970 INFO com.mis.eoffice.serviceImpls.OperationsDataServiceImpl [http-nio-8080-exec-1] File == 7WG-101-4-HRC BM-I
2022-02-20 23:10:53,971 INFO com.mis.eoffice.serviceImpls.OperationsDataServiceImpl [http-nio-8080-exec-1] File == 7WG-101-2-HRC BM-I
2022-02-20 23:10:53,971 INFO com.mis.eoffice.serviceImpls.OperationsDataServiceImpl [http-nio-8080-exec-1] File == 7WG-101-5-HRC BM-I
2022-02-20 23:10:53,972 INFO com.mis.eoffice.serviceImpls.OperationsDataServiceImpl [http-nio-8080-exec-1] File == 7WG-200-2-HRC BM-I
2022-02-20 23:10:53,973 INFO com.mis.eoffice.serviceImpls.OperationsDataServiceImpl [http-nio-8080-exec-1] File == 7WG-100-83-HRC BM-I
2022-02-20 23:10:53,973 INFO com.mis.eoffice.serviceImpls.OperationsDataServiceImpl [http-nio-8080-exec-1] File == 7WG-201-3-HRC BM-I
2022-02-20 23:10:53,974 INFO com.mis.eoffice.serviceImpls.OperationsDataServiceImpl [http-nio-8080-exec-1] File == 7WG-100-89-HRC BM-I
2022-02-20 23:10:53,974 INFO com.mis.eoffice.serviceImpls.OperationsDataServiceImpl [http-nio-8080-exec-1] File == 7WG-101-6-HRC BM-I
2022-02-20 23:10:53,981 INFO com.mis.eoffice.serviceImpls.OperationsDataServiceImpl [http-nio-8080-exec-1] Computing Greater Than 10 Count for Department:7WG.ADM
2022-02-20 23:10:53,985 INFO com.mis.eoffice.serviceImpls.OperationsDataServiceImpl [http-nio-8080-exec-1] number Of files >10(7WG.ADM) = 2
2022-02-20 23:10:53,986 INFO com.mis.eoffice.serviceImpls.OperationsDataServiceImpl [http-nio-8080-exec-1] File == 7WG-190-1-HRC BM-I
2022-02-20 23:10:53,987 INFO com.mis.eoffice.serviceImpls.OperationsDataServiceImpl [http-nio-8080-exec-1] File == 7WG-100-2-ACO BM-I
2022-02-20 23:10:53,987 INFO com.mis.eoffice.serviceImpls.OperationsDataServiceImpl [http-nio-8080-exec-1] Computing Greater Than 5 OR Less Than 10 Count for Department:7WG.ADM
2022-02-20 23:10:53,990 INFO com.mis.eoffice.serviceImpls.OperationsDataServiceImpl [http-nio-8080-exec-1] number Of files 5-10 (7WG.ADM)= 0
2022-02-20 23:10:53,991 INFO com.mis.eoffice.serviceImpls.OperationsDataServiceImpl [http-nio-8080-exec-1] Computing 0-5 Count for Department:7WG.ADM
2022-02-20 23:10:53,994 INFO com.mis.eoffice.serviceImpls.OperationsDataServiceImpl [http-nio-8080-exec-1] number Of files 0-5(7WG.ADM) = 0
2022-02-20 23:10:53,995 INFO com.mis.eoffice.serviceImpls.OperationsDataServiceImpl [http-nio-8080-exec-1] Computing Inbox Files Count for Department:7WG.ADM
2022-02-20 23:10:53,999 INFO com.mis.eoffice.serviceImpls.OperationsDataServiceImpl [http-nio-8080-exec-1] number Of total files  (7WG.ADM) = 2
2022-02-20 23:10:53,999 INFO com.mis.eoffice.serviceImpls.OperationsDataServiceImpl [http-nio-8080-exec-1] File == 7WG-190-1-HRC BM-I
2022-02-20 23:10:54,000 INFO com.mis.eoffice.serviceImpls.OperationsDataServiceImpl [http-nio-8080-exec-1] File == 7WG-100-2-ACO BM-I
2022-02-20 23:10:54,007 INFO com.mis.eoffice.controller.FileController [http-nio-8080-exec-1] **********Data Pushed**********
2022-02-20 23:11:03,253 INFO com.mis.eoffice.serviceImpls.CauDataServiceImpl [http-nio-8080-exec-2] Parsing End for Hierarchical Data Operations.
2022-02-20 23:11:03,254 INFO com.mis.eoffice.controller.FileController [http-nio-8080-exec-2] **********Data Pushed**********
2022-02-20 23:11:08,646 INFO com.mis.eoffice.serviceImpls.MainTableDataServiceImpl [http-nio-8080-exec-3] Parsing Start for Department :7WG.HRC
2022-02-20 23:11:09,395 INFO org.keycloak.adapters.KeycloakDeployment [http-nio-8080-exec-4] Loaded URLs from http://11.0.0.144:8180/auth/realms/mis/.well-known/openid-configuration
2022-02-20 23:11:09,514 INFO com.mis.eoffice.serviceImpls.DashboardDataServiceImpl [http-nio-8080-exec-4] Parsing Start for Department (Dashboard):7WG.HRC
2022-02-20 23:11:09,520 INFO com.mis.eoffice.serviceImpls.DashboardDataServiceImpl [http-nio-8080-exec-4] Parsing End for Department (Dashboard):7WG.HRC
2022-02-20 23:11:10,794 INFO com.mis.eoffice.serviceImpls.MainTableDataServiceImpl [http-nio-8080-exec-5] Parsing Start for Department :7WG.HRC
2022-02-20 23:11:10,814 INFO com.mis.eoffice.serviceImpls.MainTableDataServiceImpl [http-nio-8080-exec-5] Parsing End for Department :7WG.HRC
2022-02-20 23:11:37,454 INFO com.mis.eoffice.controller.FileController [http-nio-8080-exec-6] ********Detailed Table********
2022-02-20 23:11:37,473 INFO com.mis.eoffice.serviceImpls.DetailedTableServiceImpl [http-nio-8080-exec-6] filename == 7WG-201-10-HRC BM-I
2022-02-20 23:11:37,488 INFO com.mis.eoffice.serviceImpls.DetailedTableServiceImpl [http-nio-8080-exec-6] filename == 7WG-200-7-HRC BM-I
2022-02-20 23:11:37,498 INFO com.mis.eoffice.serviceImpls.DetailedTableServiceImpl [http-nio-8080-exec-6] filename == 7WG-193-2-HRC BM-I
2022-02-20 23:11:37,507 INFO com.mis.eoffice.serviceImpls.DetailedTableServiceImpl [http-nio-8080-exec-6] filename == 7WG-201-12-HRC BM-I
2022-02-20 23:11:37,516 INFO com.mis.eoffice.serviceImpls.DetailedTableServiceImpl [http-nio-8080-exec-6] filename == 7WG-201-5-HRC BM-I
2022-02-20 23:11:37,525 INFO com.mis.eoffice.serviceImpls.DetailedTableServiceImpl [http-nio-8080-exec-6] filename == 7WG-200-10-HRC BM-I
2022-02-20 23:11:37,534 INFO com.mis.eoffice.serviceImpls.DetailedTableServiceImpl [http-nio-8080-exec-6] filename == 7WG-200-8-HRC BM-I
2022-02-20 23:11:37,543 INFO com.mis.eoffice.serviceImpls.DetailedTableServiceImpl [http-nio-8080-exec-6] filename == 7WG-200-9-HRC BM-I
2022-02-20 23:11:37,552 INFO com.mis.eoffice.serviceImpls.DetailedTableServiceImpl [http-nio-8080-exec-6] filename == 7WG-190-3-HRC BM-I
2022-02-20 23:11:37,561 INFO com.mis.eoffice.controller.FileController [http-nio-8080-exec-6] ********Detailed Table Processed********
2022-02-20 23:11:42,273 INFO com.mis.eoffice.controller.FileController [http-nio-8080-exec-7] ********Detailed Table********
2022-02-20 23:11:42,285 INFO com.mis.eoffice.serviceImpls.DetailedTableServiceImpl [http-nio-8080-exec-7] filename == 7WG-301-6-METO BM-I
2022-02-20 23:11:42,296 INFO com.mis.eoffice.serviceImpls.DetailedTableServiceImpl [http-nio-8080-exec-7] filename == 7WG-290-1-METO BM-I
2022-02-20 23:11:42,306 INFO com.mis.eoffice.serviceImpls.DetailedTableServiceImpl [http-nio-8080-exec-7] filename == 7WG-201-6-HRC BM-I
2022-02-20 23:11:42,316 INFO com.mis.eoffice.controller.FileController [http-nio-8080-exec-7] ********Detailed Table Processed********
2022-02-20 23:11:46,016 INFO com.mis.eoffice.controller.FileController [http-nio-8080-exec-8] ********Detailed Table********
2022-02-20 23:11:46,030 INFO com.mis.eoffice.serviceImpls.DetailedTableServiceImpl [http-nio-8080-exec-8] filename == 7WG-100-20-HRC BM-I
2022-02-20 23:11:46,039 INFO com.mis.eoffice.serviceImpls.DetailedTableServiceImpl [http-nio-8080-exec-8] filename == METO-C 305-1-METO BM-I
2022-02-20 23:11:46,048 INFO com.mis.eoffice.serviceImpls.DetailedTableServiceImpl [http-nio-8080-exec-8] filename == 7WG-100-23-HRC BM-I
2022-02-20 23:11:46,057 INFO com.mis.eoffice.serviceImpls.DetailedTableServiceImpl [http-nio-8080-exec-8] filename == 7WG-100-22-HRC BM-I
2022-02-20 23:11:46,067 INFO com.mis.eoffice.serviceImpls.DetailedTableServiceImpl [http-nio-8080-exec-8] filename == 7WG-C 100-3-HRC BM-I
2022-02-20 23:11:46,075 INFO com.mis.eoffice.serviceImpls.DetailedTableServiceImpl [http-nio-8080-exec-8] filename == 7WG-C 101-2-HRC(HRC1) BM-I
2022-02-20 23:11:46,084 INFO com.mis.eoffice.serviceImpls.DetailedTableServiceImpl [http-nio-8080-exec-8] filename == 7WG-501-7-CAD BM-I
2022-02-20 23:11:46,093 INFO com.mis.eoffice.serviceImpls.DetailedTableServiceImpl [http-nio-8080-exec-8] filename == 7WG-100-90-HRC BM-I
2022-02-20 23:11:46,102 INFO com.mis.eoffice.serviceImpls.DetailedTableServiceImpl [http-nio-8080-exec-8] filename == 7WG-100-70-HRC BM-I
2022-02-20 23:11:46,111 INFO com.mis.eoffice.serviceImpls.DetailedTableServiceImpl [http-nio-8080-exec-8] filename == 7WG-307-14-METO BM-I
2022-02-20 23:11:46,120 INFO com.mis.eoffice.serviceImpls.DetailedTableServiceImpl [http-nio-8080-exec-8] filename == 7WG-100-9-CAD BM-I
2022-02-20 23:11:46,129 INFO com.mis.eoffice.serviceImpls.DetailedTableServiceImpl [http-nio-8080-exec-8] filename == 7WG-100-37-HRC BM-I
2022-02-20 23:11:46,137 INFO com.mis.eoffice.serviceImpls.DetailedTableServiceImpl [http-nio-8080-exec-8] filename == 7WG-100-38-HRC BM-I
2022-02-20 23:11:46,148 INFO com.mis.eoffice.serviceImpls.DetailedTableServiceImpl [http-nio-8080-exec-8] filename == 7WG-100-39-HRC BM-I
2022-02-20 23:11:46,156 INFO com.mis.eoffice.serviceImpls.DetailedTableServiceImpl [http-nio-8080-exec-8] filename == 7WG-200-3-HRC BM-I (PC1)
2022-02-20 23:11:46,164 INFO com.mis.eoffice.serviceImpls.DetailedTableServiceImpl [http-nio-8080-exec-8] filename == 7WG-100-40-HRC BM-I
2022-02-20 23:11:46,173 INFO com.mis.eoffice.serviceImpls.DetailedTableServiceImpl [http-nio-8080-exec-8] filename == 7WG-367-1-METO(METO1) BM-I
2022-02-20 23:11:46,181 INFO com.mis.eoffice.serviceImpls.DetailedTableServiceImpl [http-nio-8080-exec-8] filename == 7WG-502-1-CAD BM-I
2022-02-20 23:11:46,189 INFO com.mis.eoffice.serviceImpls.DetailedTableServiceImpl [http-nio-8080-exec-8] filename == 7WG-100-76-HRC(case 11132213289823) BM-I
2022-02-20 23:11:46,198 INFO com.mis.eoffice.serviceImpls.DetailedTableServiceImpl [http-nio-8080-exec-8] filename == 7WG-100-65-HRC BM-I
2022-02-20 23:11:46,206 INFO com.mis.eoffice.serviceImpls.DetailedTableServiceImpl [http-nio-8080-exec-8] filename == 7WG-100-61-HRC BM-I (PC2)
2022-02-20 23:11:46,215 INFO com.mis.eoffice.serviceImpls.DetailedTableServiceImpl [http-nio-8080-exec-8] filename == 7WG-100-77-HRC BM-I
2022-02-20 23:11:46,223 INFO com.mis.eoffice.serviceImpls.DetailedTableServiceImpl [http-nio-8080-exec-8] filename == 7WG-100-67-HRC BM-I
2022-02-20 23:11:46,231 INFO com.mis.eoffice.serviceImpls.DetailedTableServiceImpl [http-nio-8080-exec-8] filename == 7WG-100-41-HRC BM-I
2022-02-20 23:11:46,240 INFO com.mis.eoffice.serviceImpls.DetailedTableServiceImpl [http-nio-8080-exec-8] filename == 7WG-100-80-HRC BM-I
2022-02-20 23:11:46,248 INFO com.mis.eoffice.controller.FileController [http-nio-8080-exec-8] ********Detailed Table Processed********
2022-02-20 23:11:50,596 INFO com.mis.eoffice.controller.FileController [http-nio-8080-exec-9] ********Detailed Table********
2022-02-20 23:11:50,608 INFO com.mis.eoffice.serviceImpls.DetailedTableServiceImpl [http-nio-8080-exec-9] filename == 7WG-201-10-HRC BM-I
2022-02-20 23:11:50,617 INFO com.mis.eoffice.serviceImpls.DetailedTableServiceImpl [http-nio-8080-exec-9] filename == 7WG-200-7-HRC BM-I
2022-02-20 23:11:50,626 INFO com.mis.eoffice.serviceImpls.DetailedTableServiceImpl [http-nio-8080-exec-9] filename == 7WG-193-2-HRC BM-I
2022-02-20 23:11:50,634 INFO com.mis.eoffice.serviceImpls.DetailedTableServiceImpl [http-nio-8080-exec-9] filename == 7WG-201-12-HRC BM-I
2022-02-20 23:11:50,642 INFO com.mis.eoffice.serviceImpls.DetailedTableServiceImpl [http-nio-8080-exec-9] filename == 7WG-201-5-HRC BM-I
2022-02-20 23:11:50,651 INFO com.mis.eoffice.serviceImpls.DetailedTableServiceImpl [http-nio-8080-exec-9] filename == 7WG-200-10-HRC BM-I
2022-02-20 23:11:50,659 INFO com.mis.eoffice.serviceImpls.DetailedTableServiceImpl [http-nio-8080-exec-9] filename == 7WG-200-8-HRC BM-I
2022-02-20 23:11:50,668 INFO com.mis.eoffice.serviceImpls.DetailedTableServiceImpl [http-nio-8080-exec-9] filename == 7WG-200-9-HRC BM-I
2022-02-20 23:11:50,676 INFO com.mis.eoffice.serviceImpls.DetailedTableServiceImpl [http-nio-8080-exec-9] filename == 7WG-190-3-HRC BM-I
2022-02-20 23:11:50,713 INFO com.mis.eoffice.serviceImpls.DetailedTableServiceImpl [http-nio-8080-exec-9] filename == 7WG-201-3-HRC BM-I
2022-02-20 23:11:50,721 INFO com.mis.eoffice.controller.FileController [http-nio-8080-exec-9] ********Detailed Table Processed********
2022-02-20 23:11:56,188 INFO com.mis.eoffice.serviceImpls.MainTableDataServiceImpl [http-nio-8080-exec-1] Parsing Start for Department :7WG.HRC
2022-02-20 23:11:56,210 INFO com.mis.eoffice.serviceImpls.MainTableDataServiceImpl [http-nio-8080-exec-1] Parsing End for Department :7WG.HRC
2022-02-20 23:12:10,520 INFO com.mis.eoffice.controller.FileController [http-nio-8080-exec-3] ********Detailed Table********
2022-02-20 23:12:10,531 INFO com.mis.eoffice.serviceImpls.DetailedTableServiceImpl [http-nio-8080-exec-3] filename == 7WG-201-8-HRC BM-I
2022-02-20 23:12:10,539 INFO com.mis.eoffice.serviceImpls.DetailedTableServiceImpl [http-nio-8080-exec-3] filename == 7WG-201-9-HRC BM-I
2022-02-20 23:12:10,546 INFO com.mis.eoffice.serviceImpls.DetailedTableServiceImpl [http-nio-8080-exec-3] filename == 7WG-201-7-HRC BM-I
2022-02-20 23:12:10,562 INFO com.mis.eoffice.serviceImpls.DetailedTableServiceImpl [http-nio-8080-exec-3] filename == 7WG-C 190-1-HRC(HRC1) BM-I
2022-02-20 23:12:10,576 INFO com.mis.eoffice.controller.FileController [http-nio-8080-exec-3] ********Detailed Table Processed********
2022-02-20 23:12:15,969 INFO com.mis.eoffice.controller.FileController [http-nio-8080-exec-4] ********Detailed Table********
2022-02-20 23:12:15,981 INFO com.mis.eoffice.serviceImpls.DetailedTableServiceImpl [http-nio-8080-exec-4] filename == 7WG-C 200-3-METO BM-I
2022-02-20 23:12:15,988 INFO com.mis.eoffice.serviceImpls.DetailedTableServiceImpl [http-nio-8080-exec-4] filename == 7WG-100-8-HRC BM-I
2022-02-20 23:12:15,996 INFO com.mis.eoffice.serviceImpls.DetailedTableServiceImpl [http-nio-8080-exec-4] filename == 7WG-101-3-HRC BM-I
2022-02-20 23:12:16,004 INFO com.mis.eoffice.serviceImpls.DetailedTableServiceImpl [http-nio-8080-exec-4] filename == 7WG-100-5-HRC BM-I
2022-02-20 23:12:16,011 INFO com.mis.eoffice.serviceImpls.DetailedTableServiceImpl [http-nio-8080-exec-4] filename == 7WG-100-7-HRC BM-I
2022-02-20 23:12:16,018 INFO com.mis.eoffice.serviceImpls.DetailedTableServiceImpl [http-nio-8080-exec-4] filename == 7WG-301-4-METO BM-I
2022-02-20 23:12:16,025 INFO com.mis.eoffice.serviceImpls.DetailedTableServiceImpl [http-nio-8080-exec-4] filename == 7WG-201-2-HRC BM-I
2022-02-20 23:12:16,032 INFO com.mis.eoffice.serviceImpls.DetailedTableServiceImpl [http-nio-8080-exec-4] filename == 7WG-201-8-HRC BM-I
2022-02-20 23:12:16,039 INFO com.mis.eoffice.serviceImpls.DetailedTableServiceImpl [http-nio-8080-exec-4] filename == 7WG-201-9-HRC BM-I
2022-02-20 23:12:16,045 INFO com.mis.eoffice.serviceImpls.DetailedTableServiceImpl [http-nio-8080-exec-4] filename == 7WG-201-7-HRC BM-I
2022-02-20 23:12:16,052 INFO com.mis.eoffice.serviceImpls.DetailedTableServiceImpl [http-nio-8080-exec-4] filename == 7WG-100-34-METO BM-I
2022-02-20 23:12:16,059 INFO com.mis.eoffice.serviceImpls.DetailedTableServiceImpl [http-nio-8080-exec-4] filename == 7WG-100-92-HRC BM-I
2022-02-20 23:12:16,066 INFO com.mis.eoffice.serviceImpls.DetailedTableServiceImpl [http-nio-8080-exec-4] filename == 7WG-100-6-HRC BM-I
2022-02-20 23:12:16,073 INFO com.mis.eoffice.serviceImpls.DetailedTableServiceImpl [http-nio-8080-exec-4] filename == 7WG-100-17-HRC BM-I
2022-02-20 23:12:16,080 INFO com.mis.eoffice.serviceImpls.DetailedTableServiceImpl [http-nio-8080-exec-4] filename == 7WG-101-4-HRC BM-I
2022-02-20 23:12:16,087 INFO com.mis.eoffice.serviceImpls.DetailedTableServiceImpl [http-nio-8080-exec-4] filename == 7WG-101-2-HRC BM-I
2022-02-20 23:12:16,093 INFO com.mis.eoffice.serviceImpls.DetailedTableServiceImpl [http-nio-8080-exec-4] filename == 7WG-101-5-HRC BM-I
2022-02-20 23:12:16,100 INFO com.mis.eoffice.serviceImpls.DetailedTableServiceImpl [http-nio-8080-exec-4] filename == 7WG-200-2-HRC BM-I
2022-02-20 23:12:16,107 INFO com.mis.eoffice.serviceImpls.DetailedTableServiceImpl [http-nio-8080-exec-4] filename == 7WG-100-83-HRC BM-I
2022-02-20 23:12:16,114 INFO com.mis.eoffice.serviceImpls.DetailedTableServiceImpl [http-nio-8080-exec-4] filename == 7WG-201-3-HRC BM-I
2022-02-20 23:12:16,121 INFO com.mis.eoffice.serviceImpls.DetailedTableServiceImpl [http-nio-8080-exec-4] filename == 7WG-100-89-HRC BM-I
2022-02-20 23:12:16,127 INFO com.mis.eoffice.serviceImpls.DetailedTableServiceImpl [http-nio-8080-exec-4] filename == 7WG-101-6-HRC BM-I
2022-02-20 23:12:16,142 INFO com.mis.eoffice.serviceImpls.DetailedTableServiceImpl [http-nio-8080-exec-4] filename == 7WG-C 190-1-HRC(HRC1) BM-I
2022-02-20 23:12:16,149 INFO com.mis.eoffice.serviceImpls.DetailedTableServiceImpl [http-nio-8080-exec-4] filename == 7WG-100-4-CAD BM-I
2022-02-20 23:12:16,156 INFO com.mis.eoffice.serviceImpls.DetailedTableServiceImpl [http-nio-8080-exec-4] filename == 7WG-100-31-METO BM-I
2022-02-20 23:12:16,162 INFO com.mis.eoffice.serviceImpls.DetailedTableServiceImpl [http-nio-8080-exec-4] filename == 7WG-100-6-CAD BM-I
2022-02-20 23:12:16,168 INFO com.mis.eoffice.serviceImpls.DetailedTableServiceImpl [http-nio-8080-exec-4] filename == 7WG-191-1-HRC BM-I
2022-02-20 23:12:16,181 INFO com.mis.eoffice.serviceImpls.DetailedTableServiceImpl [http-nio-8080-exec-4] filename == 7WG-190-1-HRC BM-I
2022-02-20 23:12:16,187 INFO com.mis.eoffice.serviceImpls.DetailedTableServiceImpl [http-nio-8080-exec-4] filename == 7WG-100-2-ACO BM-I
2022-02-20 23:12:16,193 INFO com.mis.eoffice.controller.FileController [http-nio-8080-exec-4] ********Detailed Table Processed********
2022-02-20 23:12:20,680 INFO com.mis.eoffice.controller.FileController [http-nio-8080-exec-5] ********Detailed Table********
2022-02-20 23:12:20,693 INFO com.mis.eoffice.serviceImpls.DetailedTableServiceImpl [http-nio-8080-exec-5] filename == 7WG-100-20-HRC BM-I
2022-02-20 23:12:20,701 INFO com.mis.eoffice.serviceImpls.DetailedTableServiceImpl [http-nio-8080-exec-5] filename == METO-C 305-1-METO BM-I
2022-02-20 23:12:20,708 INFO com.mis.eoffice.serviceImpls.DetailedTableServiceImpl [http-nio-8080-exec-5] filename == 7WG-100-23-HRC BM-I
2022-02-20 23:12:20,715 INFO com.mis.eoffice.serviceImpls.DetailedTableServiceImpl [http-nio-8080-exec-5] filename == 7WG-100-22-HRC BM-I
2022-02-20 23:12:20,723 INFO com.mis.eoffice.serviceImpls.DetailedTableServiceImpl [http-nio-8080-exec-5] filename == 7WG-C 100-3-HRC BM-I
2022-02-20 23:12:20,731 INFO com.mis.eoffice.serviceImpls.DetailedTableServiceImpl [http-nio-8080-exec-5] filename == 7WG-C 101-2-HRC(HRC1) BM-I
2022-02-20 23:12:20,739 INFO com.mis.eoffice.serviceImpls.DetailedTableServiceImpl [http-nio-8080-exec-5] filename == 7WG-501-7-CAD BM-I
2022-02-20 23:12:20,747 INFO com.mis.eoffice.serviceImpls.DetailedTableServiceImpl [http-nio-8080-exec-5] filename == 7WG-100-90-HRC BM-I
2022-02-20 23:12:20,754 INFO com.mis.eoffice.serviceImpls.DetailedTableServiceImpl [http-nio-8080-exec-5] filename == 7WG-100-70-HRC BM-I
2022-02-20 23:12:20,761 INFO com.mis.eoffice.serviceImpls.DetailedTableServiceImpl [http-nio-8080-exec-5] filename == 7WG-307-14-METO BM-I
2022-02-20 23:12:20,770 INFO com.mis.eoffice.serviceImpls.DetailedTableServiceImpl [http-nio-8080-exec-5] filename == 7WG-100-9-CAD BM-I
2022-02-20 23:12:20,780 INFO com.mis.eoffice.serviceImpls.DetailedTableServiceImpl [http-nio-8080-exec-5] filename == 7WG-100-37-HRC BM-I
2022-02-20 23:12:20,789 INFO com.mis.eoffice.serviceImpls.DetailedTableServiceImpl [http-nio-8080-exec-5] filename == 7WG-100-38-HRC BM-I
2022-02-20 23:12:20,797 INFO com.mis.eoffice.serviceImpls.DetailedTableServiceImpl [http-nio-8080-exec-5] filename == 7WG-100-39-HRC BM-I
2022-02-20 23:12:20,806 INFO com.mis.eoffice.serviceImpls.DetailedTableServiceImpl [http-nio-8080-exec-5] filename == 7WG-200-3-HRC BM-I (PC1)
2022-02-20 23:12:20,814 INFO com.mis.eoffice.serviceImpls.DetailedTableServiceImpl [http-nio-8080-exec-5] filename == 7WG-100-40-HRC BM-I
2022-02-20 23:12:20,821 INFO com.mis.eoffice.serviceImpls.DetailedTableServiceImpl [http-nio-8080-exec-5] filename == 7WG-367-1-METO(METO1) BM-I
2022-02-20 23:12:20,828 INFO com.mis.eoffice.serviceImpls.DetailedTableServiceImpl [http-nio-8080-exec-5] filename == 7WG-301-6-METO BM-I
2022-02-20 23:12:20,835 INFO com.mis.eoffice.serviceImpls.DetailedTableServiceImpl [http-nio-8080-exec-5] filename == 7WG-502-1-CAD BM-I
2022-02-20 23:12:20,841 INFO com.mis.eoffice.serviceImpls.DetailedTableServiceImpl [http-nio-8080-exec-5] filename == 7WG-100-76-HRC(case 11132213289823) BM-I
2022-02-20 23:12:20,848 INFO com.mis.eoffice.serviceImpls.DetailedTableServiceImpl [http-nio-8080-exec-5] filename == 7WG-201-10-HRC BM-I
2022-02-20 23:12:20,855 INFO com.mis.eoffice.serviceImpls.DetailedTableServiceImpl [http-nio-8080-exec-5] filename == 7WG-100-65-HRC BM-I
2022-02-20 23:12:20,861 INFO com.mis.eoffice.serviceImpls.DetailedTableServiceImpl [http-nio-8080-exec-5] filename == 7WG-100-61-HRC BM-I (PC2)
2022-02-20 23:12:20,868 INFO com.mis.eoffice.serviceImpls.DetailedTableServiceImpl [http-nio-8080-exec-5] filename == 7WG-100-77-HRC BM-I
2022-02-20 23:12:20,875 INFO com.mis.eoffice.serviceImpls.DetailedTableServiceImpl [http-nio-8080-exec-5] filename == 7WG-100-67-HRC BM-I
2022-02-20 23:12:20,882 INFO com.mis.eoffice.serviceImpls.DetailedTableServiceImpl [http-nio-8080-exec-5] filename == 7WG-100-41-HRC BM-I
2022-02-20 23:12:20,888 INFO com.mis.eoffice.serviceImpls.DetailedTableServiceImpl [http-nio-8080-exec-5] filename == 7WG-200-7-HRC BM-I
2022-02-20 23:12:20,894 INFO com.mis.eoffice.serviceImpls.DetailedTableServiceImpl [http-nio-8080-exec-5] filename == 7WG-100-80-HRC BM-I
2022-02-20 23:12:20,901 INFO com.mis.eoffice.serviceImpls.DetailedTableServiceImpl [http-nio-8080-exec-5] filename == 7WG-290-1-METO BM-I
2022-02-20 23:12:20,907 INFO com.mis.eoffice.serviceImpls.DetailedTableServiceImpl [http-nio-8080-exec-5] filename == 7WG-193-2-HRC BM-I
2022-02-20 23:12:20,914 INFO com.mis.eoffice.serviceImpls.DetailedTableServiceImpl [http-nio-8080-exec-5] filename == 7WG-201-12-HRC BM-I
2022-02-20 23:12:20,920 INFO com.mis.eoffice.serviceImpls.DetailedTableServiceImpl [http-nio-8080-exec-5] filename == 7WG-201-6-HRC BM-I
2022-02-20 23:12:20,926 INFO com.mis.eoffice.serviceImpls.DetailedTableServiceImpl [http-nio-8080-exec-5] filename == 7WG-201-5-HRC BM-I
2022-02-20 23:12:20,933 INFO com.mis.eoffice.serviceImpls.DetailedTableServiceImpl [http-nio-8080-exec-5] filename == 7WG-200-10-HRC BM-I
2022-02-20 23:12:20,940 INFO com.mis.eoffice.serviceImpls.DetailedTableServiceImpl [http-nio-8080-exec-5] filename == 7WG-200-8-HRC BM-I
2022-02-20 23:12:20,947 INFO com.mis.eoffice.serviceImpls.DetailedTableServiceImpl [http-nio-8080-exec-5] filename == 7WG-200-9-HRC BM-I
2022-02-20 23:12:20,956 INFO com.mis.eoffice.serviceImpls.DetailedTableServiceImpl [http-nio-8080-exec-5] filename == 7WG-190-3-HRC BM-I
2022-02-20 23:12:20,980 INFO com.mis.eoffice.serviceImpls.DetailedTableServiceImpl [http-nio-8080-exec-5] filename == 7WG-C 190-1-HRC(HRC1) BM-I
2022-02-20 23:12:20,987 INFO com.mis.eoffice.serviceImpls.DetailedTableServiceImpl [http-nio-8080-exec-5] filename == 7WG-100-4-CAD BM-I
2022-02-20 23:12:20,994 INFO com.mis.eoffice.serviceImpls.DetailedTableServiceImpl [http-nio-8080-exec-5] filename == 7WG-100-31-METO BM-I
2022-02-20 23:12:21,001 INFO com.mis.eoffice.serviceImpls.DetailedTableServiceImpl [http-nio-8080-exec-5] filename == 7WG-100-6-CAD BM-I
2022-02-20 23:12:21,008 INFO com.mis.eoffice.serviceImpls.DetailedTableServiceImpl [http-nio-8080-exec-5] filename == 7WG-191-1-HRC BM-I
2022-02-20 23:12:21,025 INFO com.mis.eoffice.serviceImpls.DetailedTableServiceImpl [http-nio-8080-exec-5] filename == 7WG-190-1-HRC BM-I
2022-02-20 23:12:21,033 INFO com.mis.eoffice.serviceImpls.DetailedTableServiceImpl [http-nio-8080-exec-5] filename == 7WG-100-2-ACO BM-I
2022-02-20 23:12:21,044 INFO com.mis.eoffice.serviceImpls.DetailedTableServiceImpl [http-nio-8080-exec-5] filename == 7WG-C 200-3-METO BM-I
2022-02-20 23:12:21,051 INFO com.mis.eoffice.serviceImpls.DetailedTableServiceImpl [http-nio-8080-exec-5] filename == 7WG-100-8-HRC BM-I
2022-02-20 23:12:21,058 INFO com.mis.eoffice.serviceImpls.DetailedTableServiceImpl [http-nio-8080-exec-5] filename == 7WG-101-3-HRC BM-I
2022-02-20 23:12:21,065 INFO com.mis.eoffice.serviceImpls.DetailedTableServiceImpl [http-nio-8080-exec-5] filename == 7WG-100-5-HRC BM-I
2022-02-20 23:12:21,072 INFO com.mis.eoffice.serviceImpls.DetailedTableServiceImpl [http-nio-8080-exec-5] filename == 7WG-100-7-HRC BM-I
2022-02-20 23:12:21,078 INFO com.mis.eoffice.serviceImpls.DetailedTableServiceImpl [http-nio-8080-exec-5] filename == 7WG-301-4-METO BM-I
2022-02-20 23:12:21,084 INFO com.mis.eoffice.serviceImpls.DetailedTableServiceImpl [http-nio-8080-exec-5] filename == 7WG-201-2-HRC BM-I
2022-02-20 23:12:21,091 INFO com.mis.eoffice.serviceImpls.DetailedTableServiceImpl [http-nio-8080-exec-5] filename == 7WG-201-8-HRC BM-I
2022-02-20 23:12:21,099 INFO com.mis.eoffice.serviceImpls.DetailedTableServiceImpl [http-nio-8080-exec-5] filename == 7WG-201-9-HRC BM-I
2022-02-20 23:12:21,105 INFO com.mis.eoffice.serviceImpls.DetailedTableServiceImpl [http-nio-8080-exec-5] filename == 7WG-201-7-HRC BM-I
2022-02-20 23:12:21,111 INFO com.mis.eoffice.serviceImpls.DetailedTableServiceImpl [http-nio-8080-exec-5] filename == 7WG-100-34-METO BM-I
2022-02-20 23:12:21,118 INFO com.mis.eoffice.serviceImpls.DetailedTableServiceImpl [http-nio-8080-exec-5] filename == 7WG-100-92-HRC BM-I
2022-02-20 23:12:21,124 INFO com.mis.eoffice.serviceImpls.DetailedTableServiceImpl [http-nio-8080-exec-5] filename == 7WG-100-6-HRC BM-I
2022-02-20 23:12:21,130 INFO com.mis.eoffice.serviceImpls.DetailedTableServiceImpl [http-nio-8080-exec-5] filename == 7WG-100-17-HRC BM-I
2022-02-20 23:12:21,137 INFO com.mis.eoffice.serviceImpls.DetailedTableServiceImpl [http-nio-8080-exec-5] filename == 7WG-101-4-HRC BM-I
2022-02-20 23:12:21,143 INFO com.mis.eoffice.serviceImpls.DetailedTableServiceImpl [http-nio-8080-exec-5] filename == 7WG-101-2-HRC BM-I
2022-02-20 23:12:21,149 INFO com.mis.eoffice.serviceImpls.DetailedTableServiceImpl [http-nio-8080-exec-5] filename == 7WG-101-5-HRC BM-I
2022-02-20 23:12:21,155 INFO com.mis.eoffice.serviceImpls.DetailedTableServiceImpl [http-nio-8080-exec-5] filename == 7WG-200-2-HRC BM-I
2022-02-20 23:12:21,161 INFO com.mis.eoffice.serviceImpls.DetailedTableServiceImpl [http-nio-8080-exec-5] filename == 7WG-100-83-HRC BM-I
2022-02-20 23:12:21,167 INFO com.mis.eoffice.serviceImpls.DetailedTableServiceImpl [http-nio-8080-exec-5] filename == 7WG-201-3-HRC BM-I
2022-02-20 23:12:21,174 INFO com.mis.eoffice.serviceImpls.DetailedTableServiceImpl [http-nio-8080-exec-5] filename == 7WG-100-89-HRC BM-I
2022-02-20 23:12:21,180 INFO com.mis.eoffice.serviceImpls.DetailedTableServiceImpl [http-nio-8080-exec-5] filename == 7WG-101-6-HRC BM-I
2022-02-20 23:12:21,186 INFO com.mis.eoffice.controller.FileController [http-nio-8080-exec-5] ********Detailed Table Processed********
2022-02-20 23:12:34,489 INFO org.springframework.boot.admin.SpringApplicationAdminMXBeanRegistrar$SpringApplicationAdmin [RMI TCP Connection(2)-127.0.0.1] Application shutdown requested.
2022-02-20 23:12:34,661 INFO org.springframework.orm.jpa.AbstractEntityManagerFactoryBean [RMI TCP Connection(2)-127.0.0.1] Closing JPA EntityManagerFactory for persistence unit 'db3'
2022-02-20 23:12:34,663 INFO com.zaxxer.hikari.HikariDataSource [RMI TCP Connection(2)-127.0.0.1] HikariPool-3 - Shutdown initiated...
2022-02-20 23:12:34,677 INFO com.zaxxer.hikari.HikariDataSource [RMI TCP Connection(2)-127.0.0.1] HikariPool-3 - Shutdown completed.
2022-02-20 23:12:34,677 INFO org.springframework.orm.jpa.AbstractEntityManagerFactoryBean [RMI TCP Connection(2)-127.0.0.1] Closing JPA EntityManagerFactory for persistence unit 'db2'
2022-02-20 23:12:34,679 INFO com.zaxxer.hikari.HikariDataSource [RMI TCP Connection(2)-127.0.0.1] HikariPool-2 - Shutdown initiated...
2022-02-20 23:12:34,696 INFO com.zaxxer.hikari.HikariDataSource [RMI TCP Connection(2)-127.0.0.1] HikariPool-2 - Shutdown completed.
2022-02-20 23:12:34,697 INFO org.springframework.orm.jpa.AbstractEntityManagerFactoryBean [RMI TCP Connection(2)-127.0.0.1] Closing JPA EntityManagerFactory for persistence unit 'db1'
2022-02-20 23:12:34,698 INFO com.zaxxer.hikari.HikariDataSource [RMI TCP Connection(2)-127.0.0.1] HikariPool-1 - Shutdown initiated...
2022-02-20 23:12:34,713 INFO com.zaxxer.hikari.HikariDataSource [RMI TCP Connection(2)-127.0.0.1] HikariPool-1 - Shutdown completed.
