2022-04-21 15:51:19,556 INFO org.springframework.boot.StartupInfoLogger [restartedMain] Starting MisApplication2 using Java 1.8.0_301 on shabdita-cc with PID 2228 (C:\Users\admin\Documents\workspace-sts-3.9.11.RELEASE\misApplication2\target\classes started by Shabdita in C:\Users\admin\Documents\workspace-sts-3.9.11.RELEASE\misApplication2)
2022-04-21 15:51:19,563 INFO org.springframework.boot.SpringApplication [restartedMain] The following profiles are active: development
2022-04-21 15:51:19,645 INFO org.springframework.boot.logging.DeferredLog [restartedMain] The Class-Path manifest attribute in C:\Users\admin\.m2\repository\com\oracle\ojdbc\ojdbc8\19.3.0.0\ojdbc8-19.3.0.0.jar referenced one or more files that do not exist: file:/C:/Users/admin/.m2/repository/com/oracle/ojdbc/ojdbc8/19.3.0.0/oraclepki.jar
2022-04-21 15:51:19,657 INFO org.springframework.boot.logging.DeferredLog [restartedMain] The Class-Path manifest attribute in C:\Users\admin\.m2\repository\com\oracle\ojdbc\oraclepki\19.3.0.0\oraclepki-19.3.0.0.jar referenced one or more files that do not exist: file:/C:/Users/admin/.m2/repository/com/oracle/ojdbc/oraclepki/19.3.0.0/osdt_core.jar,file:/C:/Users/admin/.m2/repository/com/oracle/ojdbc/oraclepki/19.3.0.0/osdt_cert.jar,file:/C:/Users/admin/.m2/repository/com/oracle/ojdbc/oraclepki/oracle.osdt/osdt_core.jar,file:/C:/Users/admin/.m2/repository/com/oracle/ojdbc/oraclepki/oracle.osdt/osdt_cert.jar
2022-04-21 15:51:19,658 INFO org.springframework.boot.logging.DeferredLog [restartedMain] The Class-Path manifest attribute in C:\Users\admin\.m2\repository\com\oracle\database\jdbc\ojdbc8\19.8.0.0\ojdbc8-19.8.0.0.jar referenced one or more files that do not exist: file:/C:/Users/admin/.m2/repository/com/oracle/database/jdbc/ojdbc8/19.8.0.0/oraclepki.jar
2022-04-21 15:51:19,658 INFO org.springframework.boot.logging.DeferredLog [restartedMain] Devtools property defaults active! Set 'spring.devtools.add-properties' to 'false' to disable
2022-04-21 15:51:19,659 INFO org.springframework.boot.logging.DeferredLog [restartedMain] For additional web related logging consider setting the 'logging.level.web' property to 'DEBUG'
2022-04-21 15:51:20,613 INFO org.springframework.data.repository.config.RepositoryConfigurationDelegate [restartedMain] Multiple Spring Data modules found, entering strict repository configuration mode!
2022-04-21 15:51:20,614 INFO org.springframework.data.repository.config.RepositoryConfigurationDelegate [restartedMain] Bootstrapping Spring Data JPA repositories in DEFAULT mode.
2022-04-21 15:51:20,699 INFO org.springframework.data.repository.config.RepositoryConfigurationDelegate [restartedMain] Finished Spring Data repository scanning in 74 ms. Found 3 JPA repository interfaces.
2022-04-21 15:51:20,701 INFO org.springframework.data.repository.config.RepositoryConfigurationDelegate [restartedMain] Multiple Spring Data modules found, entering strict repository configuration mode!
2022-04-21 15:51:20,701 INFO org.springframework.data.repository.config.RepositoryConfigurationDelegate [restartedMain] Bootstrapping Spring Data JPA repositories in DEFAULT mode.
2022-04-21 15:51:20,731 INFO org.springframework.data.repository.config.RepositoryConfigurationDelegate [restartedMain] Finished Spring Data repository scanning in 29 ms. Found 4 JPA repository interfaces.
2022-04-21 15:51:20,733 INFO org.springframework.data.repository.config.RepositoryConfigurationDelegate [restartedMain] Multiple Spring Data modules found, entering strict repository configuration mode!
2022-04-21 15:51:20,734 INFO org.springframework.data.repository.config.RepositoryConfigurationDelegate [restartedMain] Bootstrapping Spring Data JPA repositories in DEFAULT mode.
2022-04-21 15:51:20,775 INFO org.springframework.data.repository.config.RepositoryConfigurationDelegate [restartedMain] Finished Spring Data repository scanning in 41 ms. Found 6 JPA repository interfaces.
2022-04-21 15:51:22,110 INFO org.springframework.boot.web.embedded.tomcat.TomcatWebServer [restartedMain] Tomcat initialized with port(s): 8083 (http)
2022-04-21 15:51:22,126 INFO org.apache.juli.logging.DirectJDKLog [restartedMain] Initializing ProtocolHandler ["http-nio-8083"]
2022-04-21 15:51:22,128 INFO org.apache.juli.logging.DirectJDKLog [restartedMain] Starting service [Tomcat]
2022-04-21 15:51:22,129 INFO org.apache.juli.logging.DirectJDKLog [restartedMain] Starting Servlet engine: [Apache Tomcat/9.0.46]
2022-04-21 15:51:22,279 INFO org.apache.juli.logging.DirectJDKLog [restartedMain] Initializing Spring embedded WebApplicationContext
2022-04-21 15:51:22,279 INFO org.springframework.boot.web.servlet.context.ServletWebServerApplicationContext [restartedMain] Root WebApplicationContext: initialization completed in 2618 ms
2022-04-21 15:51:22,649 INFO org.hibernate.jpa.internal.util.LogHelper [restartedMain] HHH000204: Processing PersistenceUnitInfo [name: db1]
2022-04-21 15:51:22,819 INFO org.hibernate.Version [restartedMain] HHH000412: Hibernate ORM core version 5.4.32.Final
2022-04-21 15:51:22,979 INFO org.hibernate.annotations.common.reflection.java.JavaReflectionManager [restartedMain] HCANN000001: Hibernate Commons Annotations {5.1.2.Final}
2022-04-21 15:51:23,203 INFO com.zaxxer.hikari.HikariDataSource [restartedMain] HikariPool-1 - Starting...
2022-04-21 15:51:23,205 WARN com.zaxxer.hikari.util.DriverDataSource [restartedMain] Registered driver with driverClassName=oracle.jdbc.driver.OracleDriver was not found, trying direct instantiation.
2022-04-21 15:51:24,401 INFO com.zaxxer.hikari.HikariDataSource [restartedMain] HikariPool-1 - Start completed.
2022-04-21 15:51:24,443 INFO org.hibernate.dialect.Dialect [restartedMain] HHH000400: Using dialect: org.hibernate.dialect.Oracle12cDialect
2022-04-21 15:51:25,370 INFO org.hibernate.envers.boot.internal.EnversServiceImpl [restartedMain] Envers integration enabled? : true
2022-04-21 15:51:26,026 INFO org.hibernate.engine.transaction.jta.platform.internal.JtaPlatformInitiator [restartedMain] HHH000490: Using JtaPlatform implementation: [org.hibernate.engine.transaction.jta.platform.internal.NoJtaPlatform]
2022-04-21 15:51:26,039 INFO org.springframework.orm.jpa.AbstractEntityManagerFactoryBean [restartedMain] Initialized JPA EntityManagerFactory for persistence unit 'db1'
2022-04-21 15:51:26,058 INFO org.hibernate.jpa.internal.util.LogHelper [restartedMain] HHH000204: Processing PersistenceUnitInfo [name: db2]
2022-04-21 15:51:26,127 INFO com.zaxxer.hikari.HikariDataSource [restartedMain] HikariPool-2 - Starting...
2022-04-21 15:51:26,127 WARN com.zaxxer.hikari.util.DriverDataSource [restartedMain] Registered driver with driverClassName=oracle.jdbc.driver.OracleDriver was not found, trying direct instantiation.
2022-04-21 15:51:26,822 INFO com.zaxxer.hikari.HikariDataSource [restartedMain] HikariPool-2 - Start completed.
2022-04-21 15:51:26,824 INFO org.hibernate.dialect.Dialect [restartedMain] HHH000400: Using dialect: org.hibernate.dialect.Oracle12cDialect
2022-04-21 15:51:27,361 INFO org.hibernate.envers.boot.internal.EnversServiceImpl [restartedMain] Envers integration enabled? : true
2022-04-21 15:51:27,438 INFO org.hibernate.engine.transaction.jta.platform.internal.JtaPlatformInitiator [restartedMain] HHH000490: Using JtaPlatform implementation: [org.hibernate.engine.transaction.jta.platform.internal.NoJtaPlatform]
2022-04-21 15:51:27,439 INFO org.springframework.orm.jpa.AbstractEntityManagerFactoryBean [restartedMain] Initialized JPA EntityManagerFactory for persistence unit 'db2'
2022-04-21 15:51:27,458 INFO org.hibernate.jpa.internal.util.LogHelper [restartedMain] HHH000204: Processing PersistenceUnitInfo [name: db3]
2022-04-21 15:51:27,513 INFO com.zaxxer.hikari.HikariDataSource [restartedMain] HikariPool-3 - Starting...
2022-04-21 15:51:28,175 INFO com.zaxxer.hikari.HikariDataSource [restartedMain] HikariPool-3 - Start completed.
2022-04-21 15:51:28,190 INFO org.hibernate.dialect.Dialect [restartedMain] HHH000400: Using dialect: org.hibernate.dialect.PostgreSQL10Dialect
2022-04-21 15:51:28,868 INFO org.hibernate.envers.boot.internal.EnversServiceImpl [restartedMain] Envers integration enabled? : true
2022-04-21 15:51:28,959 INFO org.hibernate.engine.transaction.jta.platform.internal.JtaPlatformInitiator [restartedMain] HHH000490: Using JtaPlatform implementation: [org.hibernate.engine.transaction.jta.platform.internal.NoJtaPlatform]
2022-04-21 15:51:28,960 INFO org.springframework.orm.jpa.AbstractEntityManagerFactoryBean [restartedMain] Initialized JPA EntityManagerFactory for persistence unit 'db3'
2022-04-21 15:51:30,394 INFO org.springframework.security.web.DefaultSecurityFilterChain [restartedMain] Will secure any request with [org.springframework.security.web.context.request.async.WebAsyncManagerIntegrationFilter@4d31c9a8, org.springframework.security.web.context.SecurityContextPersistenceFilter@5b822d28, org.springframework.security.web.header.HeaderWriterFilter@3f06ec60, org.springframework.web.filter.CorsFilter@57616628, org.keycloak.adapters.springsecurity.filter.KeycloakPreAuthActionsFilter@3d5f14fc, org.keycloak.adapters.springsecurity.filter.KeycloakAuthenticationProcessingFilter@4db15906, org.springframework.security.web.authentication.logout.LogoutFilter@7addac92, org.springframework.security.web.savedrequest.RequestCacheAwareFilter@3cf81f9f, org.springframework.security.web.servletapi.SecurityContextHolderAwareRequestFilter@80419f4, org.keycloak.adapters.springsecurity.filter.KeycloakSecurityContextRequestFilter@4c7109a0, org.keycloak.adapters.springsecurity.filter.KeycloakAuthenticatedActionsFilter@94c0c26, org.springframework.security.web.authentication.AnonymousAuthenticationFilter@679a6d49, org.springframework.security.web.session.SessionManagementFilter@6fa6bf20, org.springframework.security.web.access.ExceptionTranslationFilter@5e41e586, org.springframework.security.web.access.intercept.FilterSecurityInterceptor@7e184caf]
2022-04-21 15:51:30,630 WARN org.springframework.boot.devtools.autoconfigure.OptionalLiveReloadServer [restartedMain] Unable to start LiveReload server
2022-04-21 15:51:30,658 INFO org.apache.juli.logging.DirectJDKLog [restartedMain] Starting ProtocolHandler ["http-nio-8083"]
2022-04-21 15:51:30,677 INFO org.springframework.boot.web.embedded.tomcat.TomcatWebServer [restartedMain] Tomcat started on port(s): 8083 (http) with context path '/misApplication2'
2022-04-21 15:51:30,697 INFO org.springframework.boot.StartupInfoLogger [restartedMain] Started MisApplication2 in 11.772 seconds (JVM running for 13.391)
2022-04-21 15:54:55,376 INFO org.apache.juli.logging.DirectJDKLog [http-nio-8083-exec-2] Initializing Spring DispatcherServlet 'dispatcherServlet'
2022-04-21 15:54:55,377 INFO org.springframework.web.servlet.FrameworkServlet [http-nio-8083-exec-2] Initializing Servlet 'dispatcherServlet'
2022-04-21 15:54:55,379 INFO org.springframework.web.servlet.FrameworkServlet [http-nio-8083-exec-2] Completed initialization in 1 ms
2022-04-21 15:54:55,451 INFO com.mis.eoffice.serviceImpls.MainTableDataServiceImpl [http-nio-8083-exec-2] Parsing Start for Department :7WG.HRC
2022-04-21 15:56:25,691 INFO com.mis.eoffice.controller.FileController [http-nio-8083-exec-4] ********Detailed Table********
2022-04-21 15:56:26,041 INFO com.mis.eoffice.serviceImpls.DetailedTableServiceImpl [http-nio-8083-exec-4] filename == 7WG-100-20-HRC BM-I
2022-04-21 15:56:26,136 INFO com.mis.eoffice.serviceImpls.DetailedTableServiceImpl [http-nio-8083-exec-4] filename == METO-C 305-1-METO BM-I
2022-04-21 15:56:26,225 INFO com.mis.eoffice.serviceImpls.DetailedTableServiceImpl [http-nio-8083-exec-4] filename == 7WG-100-23-HRC BM-I
2022-04-21 15:56:26,310 INFO com.mis.eoffice.serviceImpls.DetailedTableServiceImpl [http-nio-8083-exec-4] filename == 7WG-100-22-HRC BM-I
2022-04-21 15:56:26,392 INFO com.mis.eoffice.serviceImpls.DetailedTableServiceImpl [http-nio-8083-exec-4] filename == 7WG-C 100-3-HRC BM-I
2022-04-21 15:56:26,479 INFO com.mis.eoffice.serviceImpls.DetailedTableServiceImpl [http-nio-8083-exec-4] filename == 7WG-C 101-2-HRC(HRC1) BM-I
2022-04-21 15:56:26,567 INFO com.mis.eoffice.serviceImpls.DetailedTableServiceImpl [http-nio-8083-exec-4] filename == 7WG-501-7-CAD BM-I
2022-04-21 15:56:26,653 INFO com.mis.eoffice.serviceImpls.DetailedTableServiceImpl [http-nio-8083-exec-4] filename == 7WG-100-90-HRC BM-I
2022-04-21 15:56:26,748 INFO com.mis.eoffice.serviceImpls.DetailedTableServiceImpl [http-nio-8083-exec-4] filename == 7WG-100-70-HRC BM-I
2022-04-21 15:56:26,831 INFO com.mis.eoffice.serviceImpls.DetailedTableServiceImpl [http-nio-8083-exec-4] filename == 7WG-307-14-METO BM-I
2022-04-21 15:56:26,916 INFO com.mis.eoffice.serviceImpls.DetailedTableServiceImpl [http-nio-8083-exec-4] filename == 7WG-100-9-CAD BM-I
2022-04-21 15:56:27,002 INFO com.mis.eoffice.serviceImpls.DetailedTableServiceImpl [http-nio-8083-exec-4] filename == 7WG-100-37-HRC BM-I
2022-04-21 15:56:27,098 INFO com.mis.eoffice.serviceImpls.DetailedTableServiceImpl [http-nio-8083-exec-4] filename == 7WG-100-38-HRC BM-I
2022-04-21 15:56:27,183 INFO com.mis.eoffice.serviceImpls.DetailedTableServiceImpl [http-nio-8083-exec-4] filename == 7WG-100-39-HRC BM-I
2022-04-21 15:56:27,266 INFO com.mis.eoffice.serviceImpls.DetailedTableServiceImpl [http-nio-8083-exec-4] filename == 7WG-200-3-HRC BM-I (PC1)
2022-04-21 15:56:27,350 INFO com.mis.eoffice.serviceImpls.DetailedTableServiceImpl [http-nio-8083-exec-4] filename == 7WG-100-40-HRC BM-I
2022-04-21 15:56:27,438 INFO com.mis.eoffice.serviceImpls.DetailedTableServiceImpl [http-nio-8083-exec-4] filename == 7WG-367-1-METO(METO1) BM-I
2022-04-21 15:56:27,523 INFO com.mis.eoffice.serviceImpls.DetailedTableServiceImpl [http-nio-8083-exec-4] filename == 7WG-301-6-METO BM-I
2022-04-21 15:56:27,618 INFO com.mis.eoffice.serviceImpls.DetailedTableServiceImpl [http-nio-8083-exec-4] filename == 7WG-502-1-CAD BM-I
2022-04-21 15:56:27,702 INFO com.mis.eoffice.serviceImpls.DetailedTableServiceImpl [http-nio-8083-exec-4] filename == 7WG-100-76-HRC(case 11132213289823) BM-I
2022-04-21 15:56:27,789 INFO com.mis.eoffice.serviceImpls.DetailedTableServiceImpl [http-nio-8083-exec-4] filename == 7WG-201-10-HRC BM-I
2022-04-21 15:56:27,875 INFO com.mis.eoffice.serviceImpls.DetailedTableServiceImpl [http-nio-8083-exec-4] filename == 7WG-200-26-HRC BM-I
2022-04-21 15:56:27,956 INFO com.mis.eoffice.serviceImpls.DetailedTableServiceImpl [http-nio-8083-exec-4] filename == 7WG-100-65-HRC BM-I
2022-04-21 15:56:28,039 INFO com.mis.eoffice.serviceImpls.DetailedTableServiceImpl [http-nio-8083-exec-4] filename == 7WG-191-2-HRC BM-I
2022-04-21 15:56:28,129 INFO com.mis.eoffice.serviceImpls.DetailedTableServiceImpl [http-nio-8083-exec-4] filename == 7WG-100-61-HRC BM-I (PC2)
2022-04-21 15:56:28,212 INFO com.mis.eoffice.serviceImpls.DetailedTableServiceImpl [http-nio-8083-exec-4] filename == 7WG-200-20-HRC BM-I
2022-04-21 15:56:28,296 INFO com.mis.eoffice.serviceImpls.DetailedTableServiceImpl [http-nio-8083-exec-4] filename == 7WG-100-77-HRC BM-I
2022-04-21 15:56:28,378 INFO com.mis.eoffice.serviceImpls.DetailedTableServiceImpl [http-nio-8083-exec-4] filename == 7WG-100-67-HRC BM-I
2022-04-21 15:56:28,470 INFO com.mis.eoffice.serviceImpls.DetailedTableServiceImpl [http-nio-8083-exec-4] filename == 7WG-100-41-HRC BM-I
2022-04-21 15:56:28,556 INFO com.mis.eoffice.serviceImpls.DetailedTableServiceImpl [http-nio-8083-exec-4] filename == 7WG-200-7-HRC BM-I
2022-04-21 15:56:28,635 INFO com.mis.eoffice.serviceImpls.DetailedTableServiceImpl [http-nio-8083-exec-4] filename == 7WG-100-61-HRC BM-I (PC1)
2022-04-21 15:56:28,722 INFO com.mis.eoffice.serviceImpls.DetailedTableServiceImpl [http-nio-8083-exec-4] filename == 7WG-100-80-HRC BM-I
2022-04-21 15:56:28,808 INFO com.mis.eoffice.serviceImpls.DetailedTableServiceImpl [http-nio-8083-exec-4] filename == 7WG-200-24-HRC BM-I
2022-04-21 15:56:28,891 INFO com.mis.eoffice.serviceImpls.DetailedTableServiceImpl [http-nio-8083-exec-4] filename == 7WG-290-1-METO BM-I
2022-04-21 15:56:28,973 INFO com.mis.eoffice.serviceImpls.DetailedTableServiceImpl [http-nio-8083-exec-4] filename == 7WG-200-11-HRC BM-I
2022-04-21 15:56:29,054 INFO com.mis.eoffice.serviceImpls.DetailedTableServiceImpl [http-nio-8083-exec-4] filename == 7WG-200-29-HRC BM-I
2022-04-21 15:56:29,138 INFO com.mis.eoffice.serviceImpls.DetailedTableServiceImpl [http-nio-8083-exec-4] filename == 7WG-200-30-HRC BM-I
2022-04-21 15:56:29,224 INFO com.mis.eoffice.serviceImpls.DetailedTableServiceImpl [http-nio-8083-exec-4] filename == 7WG-193-2-HRC BM-I
2022-04-21 15:56:29,308 INFO com.mis.eoffice.serviceImpls.DetailedTableServiceImpl [http-nio-8083-exec-4] filename == 7WG-201-12-HRC BM-I
2022-04-21 15:56:29,394 INFO com.mis.eoffice.serviceImpls.DetailedTableServiceImpl [http-nio-8083-exec-4] filename == 7WG-200-31-HRC BM-I
2022-04-21 15:56:29,492 INFO com.mis.eoffice.serviceImpls.DetailedTableServiceImpl [http-nio-8083-exec-4] filename == 7WG-200-17-HRC BM-I
2022-04-21 15:56:29,576 INFO com.mis.eoffice.serviceImpls.DetailedTableServiceImpl [http-nio-8083-exec-4] filename == 7WG-201-6-HRC BM-I
2022-04-21 15:56:29,662 INFO com.mis.eoffice.serviceImpls.DetailedTableServiceImpl [http-nio-8083-exec-4] filename == 7WG-201-5-HRC BM-I
2022-04-21 15:56:29,752 INFO com.mis.eoffice.serviceImpls.DetailedTableServiceImpl [http-nio-8083-exec-4] filename == 7WG-200-10-HRC BM-I
2022-04-21 15:56:29,840 INFO com.mis.eoffice.serviceImpls.DetailedTableServiceImpl [http-nio-8083-exec-4] filename == 7WG-200-8-HRC BM-I
2022-04-21 15:56:29,924 INFO com.mis.eoffice.serviceImpls.DetailedTableServiceImpl [http-nio-8083-exec-4] filename == 7WG-200-32-HRC BM-I
2022-04-21 15:56:30,007 INFO com.mis.eoffice.serviceImpls.DetailedTableServiceImpl [http-nio-8083-exec-4] filename == 7WG-200-9-HRC BM-I
2022-04-21 15:56:30,095 INFO com.mis.eoffice.serviceImpls.DetailedTableServiceImpl [http-nio-8083-exec-4] filename == 7WG-200-19-HRC BM-I
2022-04-21 15:56:30,182 INFO com.mis.eoffice.serviceImpls.DetailedTableServiceImpl [http-nio-8083-exec-4] filename == 7WG-190-3-HRC BM-I
2022-04-21 15:56:30,275 INFO com.mis.eoffice.serviceImpls.DetailedTableServiceImpl [http-nio-8083-exec-4] filename == 7WG-100-60-HRC BM-I
2022-04-21 15:56:30,360 INFO com.mis.eoffice.serviceImpls.DetailedTableServiceImpl [http-nio-8083-exec-4] filename == 7WG-200-22-HRC BM-I
2022-04-21 15:56:30,449 INFO com.mis.eoffice.serviceImpls.DetailedTableServiceImpl [http-nio-8083-exec-4] filename == 7WG-190-5-HRC(21) BM-I
2022-04-21 15:56:30,537 INFO com.mis.eoffice.serviceImpls.DetailedTableServiceImpl [http-nio-8083-exec-4] filename == 7WG-200-38-HRC BM-I (PC1)
2022-04-21 15:56:30,624 INFO com.mis.eoffice.serviceImpls.DetailedTableServiceImpl [http-nio-8083-exec-4] filename == 7WG-100-62-HRC BM-I (PC1)
2022-04-21 15:56:30,708 INFO com.mis.eoffice.serviceImpls.DetailedTableServiceImpl [http-nio-8083-exec-4] filename == 7WG-C 200-3-METO BM-I
2022-04-21 15:56:30,795 INFO com.mis.eoffice.serviceImpls.DetailedTableServiceImpl [http-nio-8083-exec-4] filename == 7WG-200-40-HRC BM-I (PC3)
2022-04-21 15:56:30,884 INFO com.mis.eoffice.serviceImpls.DetailedTableServiceImpl [http-nio-8083-exec-4] filename == 7WG-200-40-HRC BM-I (PC5)
2022-04-21 15:56:30,971 INFO com.mis.eoffice.serviceImpls.DetailedTableServiceImpl [http-nio-8083-exec-4] filename == 7WG-191-3-HRC BM-I
2022-04-21 15:56:31,057 INFO com.mis.eoffice.serviceImpls.DetailedTableServiceImpl [http-nio-8083-exec-4] filename == 7WG-190-4-HRC(errtgh) BM-I
2022-04-21 15:56:31,146 INFO com.mis.eoffice.serviceImpls.DetailedTableServiceImpl [http-nio-8083-exec-4] filename == 7WG-100-62-HRC BM-I
2022-04-21 15:56:31,232 INFO com.mis.eoffice.serviceImpls.DetailedTableServiceImpl [http-nio-8083-exec-4] filename == 7WG-195-2-HRC BM-I
2022-04-21 15:56:31,322 INFO com.mis.eoffice.serviceImpls.DetailedTableServiceImpl [http-nio-8083-exec-4] filename == 7WG-200-35-HRC BM-I
2022-04-21 15:56:31,421 INFO com.mis.eoffice.serviceImpls.DetailedTableServiceImpl [http-nio-8083-exec-4] filename == 7WG-200-40-HRC BM-I
2022-04-21 15:56:31,508 INFO com.mis.eoffice.serviceImpls.DetailedTableServiceImpl [http-nio-8083-exec-4] filename == 7WG-200-40-HRC BM-I (PC4)
2022-04-21 15:56:31,595 INFO com.mis.eoffice.serviceImpls.DetailedTableServiceImpl [http-nio-8083-exec-4] filename == 7WG-200-39-HRC BM-I (PC1)
2022-04-21 15:56:31,681 INFO com.mis.eoffice.serviceImpls.DetailedTableServiceImpl [http-nio-8083-exec-4] filename == 7WG-200-45-HRC BM-I
2022-04-21 15:56:31,777 INFO com.mis.eoffice.serviceImpls.DetailedTableServiceImpl [http-nio-8083-exec-4] filename == 7WG-200-37-HRC BM-I
2022-04-21 15:56:31,861 INFO com.mis.eoffice.serviceImpls.DetailedTableServiceImpl [http-nio-8083-exec-4] filename == 7WG-190-6-HRC BM-I
2022-04-21 15:56:31,949 INFO com.mis.eoffice.serviceImpls.DetailedTableServiceImpl [http-nio-8083-exec-4] filename == 7WG-200-40-HRC BM-I (PC6)
2022-04-21 15:56:32,030 INFO com.mis.eoffice.serviceImpls.DetailedTableServiceImpl [http-nio-8083-exec-4] filename == 7WG-200-40-HRC BM-I (PC8)
2022-04-21 15:56:32,116 INFO com.mis.eoffice.serviceImpls.DetailedTableServiceImpl [http-nio-8083-exec-4] filename == 7WG-201-11-HRC(HRC1) BM-I
2022-04-21 15:56:32,203 INFO com.mis.eoffice.serviceImpls.DetailedTableServiceImpl [http-nio-8083-exec-4] filename == 7WG-200-44-HRC BM-I
2022-04-21 15:56:32,295 INFO com.mis.eoffice.serviceImpls.DetailedTableServiceImpl [http-nio-8083-exec-4] filename == 7WG-200-34-HRC BM-I
2022-04-21 15:56:32,382 INFO com.mis.eoffice.serviceImpls.DetailedTableServiceImpl [http-nio-8083-exec-4] filename == 7WG-200-36-HRC BM-I
2022-04-21 15:56:32,473 INFO com.mis.eoffice.serviceImpls.DetailedTableServiceImpl [http-nio-8083-exec-4] filename == 7WG-200-40-HRC BM-I (PC7)
2022-04-21 15:56:32,560 INFO com.mis.eoffice.serviceImpls.DetailedTableServiceImpl [http-nio-8083-exec-4] filename == 7WG-300-2-METO BM-I
2022-04-21 15:56:32,645 INFO com.mis.eoffice.controller.FileController [http-nio-8083-exec-4] ********Detailed Table Processed********
2022-04-21 16:14:26,661 WARN com.zaxxer.hikari.pool.HikariPool$HouseKeeper [HikariPool-1 housekeeper] HikariPool-1 - Thread starvation or clock leap detected (housekeeper delta=15m32s46ms117µs700ns).
2022-04-21 16:14:29,121 WARN com.zaxxer.hikari.pool.HikariPool$HouseKeeper [HikariPool-2 housekeeper] HikariPool-2 - Thread starvation or clock leap detected (housekeeper delta=15m32s42ms289µs600ns).
2022-04-21 16:14:30,417 WARN com.zaxxer.hikari.pool.HikariPool$HouseKeeper [HikariPool-3 housekeeper] HikariPool-3 - Thread starvation or clock leap detected (housekeeper delta=15m32s41ms806µs400ns).
2022-04-21 16:17:58,240 INFO com.mis.eoffice.controller.FileController [http-nio-8083-exec-6] ********Detailed Table********
2022-04-21 16:18:00,012 INFO com.mis.eoffice.serviceImpls.DetailedTableServiceImpl [http-nio-8083-exec-6] filename == 7WG-100-20-HRC BM-I
2022-04-21 16:18:00,438 INFO com.mis.eoffice.serviceImpls.DetailedTableServiceImpl [http-nio-8083-exec-6] filename == METO-C 305-1-METO BM-I
2022-04-21 16:18:00,689 INFO com.mis.eoffice.serviceImpls.DetailedTableServiceImpl [http-nio-8083-exec-6] filename == 7WG-100-23-HRC BM-I
2022-04-21 16:18:00,946 INFO com.mis.eoffice.serviceImpls.DetailedTableServiceImpl [http-nio-8083-exec-6] filename == 7WG-100-22-HRC BM-I
2022-04-21 16:18:01,204 INFO com.mis.eoffice.serviceImpls.DetailedTableServiceImpl [http-nio-8083-exec-6] filename == 7WG-C 100-3-HRC BM-I
2022-04-21 16:18:01,379 INFO com.mis.eoffice.serviceImpls.DetailedTableServiceImpl [http-nio-8083-exec-6] filename == 7WG-C 101-2-HRC(HRC1) BM-I
2022-04-21 16:18:01,644 INFO com.mis.eoffice.serviceImpls.DetailedTableServiceImpl [http-nio-8083-exec-6] filename == 7WG-501-7-CAD BM-I
2022-04-21 16:18:01,911 INFO com.mis.eoffice.serviceImpls.DetailedTableServiceImpl [http-nio-8083-exec-6] filename == 7WG-100-90-HRC BM-I
2022-04-21 16:18:02,172 INFO com.mis.eoffice.serviceImpls.DetailedTableServiceImpl [http-nio-8083-exec-6] filename == 7WG-100-70-HRC BM-I
2022-04-21 16:18:02,452 INFO com.mis.eoffice.serviceImpls.DetailedTableServiceImpl [http-nio-8083-exec-6] filename == 7WG-307-14-METO BM-I
2022-04-21 16:18:02,771 INFO com.mis.eoffice.serviceImpls.DetailedTableServiceImpl [http-nio-8083-exec-6] filename == 7WG-100-9-CAD BM-I
2022-04-21 16:18:03,062 INFO com.mis.eoffice.serviceImpls.DetailedTableServiceImpl [http-nio-8083-exec-6] filename == 7WG-100-37-HRC BM-I
2022-04-21 16:18:03,294 INFO com.mis.eoffice.serviceImpls.DetailedTableServiceImpl [http-nio-8083-exec-6] filename == 7WG-100-38-HRC BM-I
2022-04-21 16:18:03,557 INFO com.mis.eoffice.serviceImpls.DetailedTableServiceImpl [http-nio-8083-exec-6] filename == 7WG-100-39-HRC BM-I
2022-04-21 16:18:03,837 INFO com.mis.eoffice.serviceImpls.DetailedTableServiceImpl [http-nio-8083-exec-6] filename == 7WG-200-3-HRC BM-I (PC1)
2022-04-21 16:18:04,028 INFO com.mis.eoffice.serviceImpls.DetailedTableServiceImpl [http-nio-8083-exec-6] filename == 7WG-100-40-HRC BM-I
2022-04-21 16:18:04,344 INFO com.mis.eoffice.serviceImpls.DetailedTableServiceImpl [http-nio-8083-exec-6] filename == 7WG-367-1-METO(METO1) BM-I
2022-04-21 16:18:04,645 INFO com.mis.eoffice.serviceImpls.DetailedTableServiceImpl [http-nio-8083-exec-6] filename == 7WG-301-6-METO BM-I
2022-04-21 16:18:04,880 INFO com.mis.eoffice.serviceImpls.DetailedTableServiceImpl [http-nio-8083-exec-6] filename == 7WG-502-1-CAD BM-I
2022-04-21 16:18:05,125 INFO com.mis.eoffice.serviceImpls.DetailedTableServiceImpl [http-nio-8083-exec-6] filename == 7WG-100-76-HRC(case 11132213289823) BM-I
2022-04-21 16:18:05,376 INFO com.mis.eoffice.serviceImpls.DetailedTableServiceImpl [http-nio-8083-exec-6] filename == 7WG-201-10-HRC BM-I
2022-04-21 16:18:05,637 INFO com.mis.eoffice.serviceImpls.DetailedTableServiceImpl [http-nio-8083-exec-6] filename == 7WG-200-26-HRC BM-I
2022-04-21 16:18:05,739 INFO com.mis.eoffice.serviceImpls.DetailedTableServiceImpl [http-nio-8083-exec-6] filename == 7WG-100-65-HRC BM-I
2022-04-21 16:18:05,843 INFO com.mis.eoffice.serviceImpls.DetailedTableServiceImpl [http-nio-8083-exec-6] filename == 7WG-191-2-HRC BM-I
2022-04-21 16:18:05,957 INFO com.mis.eoffice.serviceImpls.DetailedTableServiceImpl [http-nio-8083-exec-6] filename == 7WG-100-61-HRC BM-I (PC2)
2022-04-21 16:18:06,061 INFO com.mis.eoffice.serviceImpls.DetailedTableServiceImpl [http-nio-8083-exec-6] filename == 7WG-200-20-HRC BM-I
2022-04-21 16:18:06,170 INFO com.mis.eoffice.serviceImpls.DetailedTableServiceImpl [http-nio-8083-exec-6] filename == 7WG-100-77-HRC BM-I
2022-04-21 16:18:06,276 INFO com.mis.eoffice.serviceImpls.DetailedTableServiceImpl [http-nio-8083-exec-6] filename == 7WG-100-67-HRC BM-I
2022-04-21 16:18:06,389 INFO com.mis.eoffice.serviceImpls.DetailedTableServiceImpl [http-nio-8083-exec-6] filename == 7WG-100-41-HRC BM-I
2022-04-21 16:18:06,495 INFO com.mis.eoffice.serviceImpls.DetailedTableServiceImpl [http-nio-8083-exec-6] filename == 7WG-200-7-HRC BM-I
2022-04-21 16:18:06,596 INFO com.mis.eoffice.serviceImpls.DetailedTableServiceImpl [http-nio-8083-exec-6] filename == 7WG-100-61-HRC BM-I (PC1)
2022-04-21 16:18:06,709 INFO com.mis.eoffice.serviceImpls.DetailedTableServiceImpl [http-nio-8083-exec-6] filename == 7WG-100-80-HRC BM-I
2022-04-21 16:18:06,812 INFO com.mis.eoffice.serviceImpls.DetailedTableServiceImpl [http-nio-8083-exec-6] filename == 7WG-200-24-HRC BM-I
2022-04-21 16:18:06,913 INFO com.mis.eoffice.serviceImpls.DetailedTableServiceImpl [http-nio-8083-exec-6] filename == 7WG-290-1-METO BM-I
2022-04-21 16:18:07,016 INFO com.mis.eoffice.serviceImpls.DetailedTableServiceImpl [http-nio-8083-exec-6] filename == 7WG-200-11-HRC BM-I
2022-04-21 16:18:07,120 INFO com.mis.eoffice.serviceImpls.DetailedTableServiceImpl [http-nio-8083-exec-6] filename == 7WG-200-29-HRC BM-I
2022-04-21 16:18:07,226 INFO com.mis.eoffice.serviceImpls.DetailedTableServiceImpl [http-nio-8083-exec-6] filename == 7WG-200-30-HRC BM-I
2022-04-21 16:18:07,331 INFO com.mis.eoffice.serviceImpls.DetailedTableServiceImpl [http-nio-8083-exec-6] filename == 7WG-193-2-HRC BM-I
2022-04-21 16:18:07,443 INFO com.mis.eoffice.serviceImpls.DetailedTableServiceImpl [http-nio-8083-exec-6] filename == 7WG-201-12-HRC BM-I
2022-04-21 16:18:07,549 INFO com.mis.eoffice.serviceImpls.DetailedTableServiceImpl [http-nio-8083-exec-6] filename == 7WG-200-31-HRC BM-I
2022-04-21 16:18:07,653 INFO com.mis.eoffice.serviceImpls.DetailedTableServiceImpl [http-nio-8083-exec-6] filename == 7WG-200-17-HRC BM-I
2022-04-21 16:18:07,755 INFO com.mis.eoffice.serviceImpls.DetailedTableServiceImpl [http-nio-8083-exec-6] filename == 7WG-201-6-HRC BM-I
2022-04-21 16:18:07,858 INFO com.mis.eoffice.serviceImpls.DetailedTableServiceImpl [http-nio-8083-exec-6] filename == 7WG-201-5-HRC BM-I
2022-04-21 16:18:07,972 INFO com.mis.eoffice.serviceImpls.DetailedTableServiceImpl [http-nio-8083-exec-6] filename == 7WG-200-10-HRC BM-I
2022-04-21 16:18:08,089 INFO com.mis.eoffice.serviceImpls.DetailedTableServiceImpl [http-nio-8083-exec-6] filename == 7WG-200-8-HRC BM-I
2022-04-21 16:18:08,191 INFO com.mis.eoffice.serviceImpls.DetailedTableServiceImpl [http-nio-8083-exec-6] filename == 7WG-200-32-HRC BM-I
2022-04-21 16:18:08,296 INFO com.mis.eoffice.serviceImpls.DetailedTableServiceImpl [http-nio-8083-exec-6] filename == 7WG-200-9-HRC BM-I
2022-04-21 16:18:08,403 INFO com.mis.eoffice.serviceImpls.DetailedTableServiceImpl [http-nio-8083-exec-6] filename == 7WG-200-19-HRC BM-I
2022-04-21 16:18:08,508 INFO com.mis.eoffice.serviceImpls.DetailedTableServiceImpl [http-nio-8083-exec-6] filename == 7WG-190-3-HRC BM-I
2022-04-21 16:18:08,611 INFO com.mis.eoffice.serviceImpls.DetailedTableServiceImpl [http-nio-8083-exec-6] filename == 7WG-100-60-HRC BM-I
2022-04-21 16:18:08,726 INFO com.mis.eoffice.serviceImpls.DetailedTableServiceImpl [http-nio-8083-exec-6] filename == 7WG-200-22-HRC BM-I
2022-04-21 16:18:08,830 INFO com.mis.eoffice.serviceImpls.DetailedTableServiceImpl [http-nio-8083-exec-6] filename == 7WG-190-5-HRC(21) BM-I
2022-04-21 16:18:08,935 INFO com.mis.eoffice.serviceImpls.DetailedTableServiceImpl [http-nio-8083-exec-6] filename == 7WG-200-38-HRC BM-I (PC1)
2022-04-21 16:18:09,037 INFO com.mis.eoffice.serviceImpls.DetailedTableServiceImpl [http-nio-8083-exec-6] filename == 7WG-100-62-HRC BM-I (PC1)
2022-04-21 16:18:09,147 INFO com.mis.eoffice.serviceImpls.DetailedTableServiceImpl [http-nio-8083-exec-6] filename == 7WG-C 200-3-METO BM-I
2022-04-21 16:18:09,253 INFO com.mis.eoffice.serviceImpls.DetailedTableServiceImpl [http-nio-8083-exec-6] filename == 7WG-200-40-HRC BM-I (PC3)
2022-04-21 16:18:09,353 INFO com.mis.eoffice.serviceImpls.DetailedTableServiceImpl [http-nio-8083-exec-6] filename == 7WG-200-40-HRC BM-I (PC5)
2022-04-21 16:18:09,458 INFO com.mis.eoffice.serviceImpls.DetailedTableServiceImpl [http-nio-8083-exec-6] filename == 7WG-191-3-HRC BM-I
2022-04-21 16:18:09,564 INFO com.mis.eoffice.serviceImpls.DetailedTableServiceImpl [http-nio-8083-exec-6] filename == 7WG-190-4-HRC(errtgh) BM-I
2022-04-21 16:18:09,667 INFO com.mis.eoffice.serviceImpls.DetailedTableServiceImpl [http-nio-8083-exec-6] filename == 7WG-100-62-HRC BM-I
2022-04-21 16:18:09,771 INFO com.mis.eoffice.serviceImpls.DetailedTableServiceImpl [http-nio-8083-exec-6] filename == 7WG-195-2-HRC BM-I
2022-04-21 16:18:09,875 INFO com.mis.eoffice.serviceImpls.DetailedTableServiceImpl [http-nio-8083-exec-6] filename == 7WG-200-35-HRC BM-I
2022-04-21 16:18:09,980 INFO com.mis.eoffice.serviceImpls.DetailedTableServiceImpl [http-nio-8083-exec-6] filename == 7WG-200-40-HRC BM-I
2022-04-21 16:18:10,085 INFO com.mis.eoffice.serviceImpls.DetailedTableServiceImpl [http-nio-8083-exec-6] filename == 7WG-200-40-HRC BM-I (PC4)
2022-04-21 16:18:10,187 INFO com.mis.eoffice.serviceImpls.DetailedTableServiceImpl [http-nio-8083-exec-6] filename == 7WG-200-39-HRC BM-I (PC1)
2022-04-21 16:18:10,292 INFO com.mis.eoffice.serviceImpls.DetailedTableServiceImpl [http-nio-8083-exec-6] filename == 7WG-200-45-HRC BM-I
2022-04-21 16:18:10,397 INFO com.mis.eoffice.serviceImpls.DetailedTableServiceImpl [http-nio-8083-exec-6] filename == 7WG-200-37-HRC BM-I
2022-04-21 16:18:10,505 INFO com.mis.eoffice.serviceImpls.DetailedTableServiceImpl [http-nio-8083-exec-6] filename == 7WG-190-6-HRC BM-I
2022-04-21 16:18:10,606 INFO com.mis.eoffice.serviceImpls.DetailedTableServiceImpl [http-nio-8083-exec-6] filename == 7WG-200-40-HRC BM-I (PC6)
2022-04-21 16:18:10,708 INFO com.mis.eoffice.serviceImpls.DetailedTableServiceImpl [http-nio-8083-exec-6] filename == 7WG-200-40-HRC BM-I (PC8)
2022-04-21 16:18:10,813 INFO com.mis.eoffice.serviceImpls.DetailedTableServiceImpl [http-nio-8083-exec-6] filename == 7WG-201-11-HRC(HRC1) BM-I
2022-04-21 16:18:10,914 INFO com.mis.eoffice.serviceImpls.DetailedTableServiceImpl [http-nio-8083-exec-6] filename == 7WG-200-44-HRC BM-I
2022-04-21 16:18:11,016 INFO com.mis.eoffice.serviceImpls.DetailedTableServiceImpl [http-nio-8083-exec-6] filename == 7WG-200-34-HRC BM-I
2022-04-21 16:18:11,132 INFO com.mis.eoffice.serviceImpls.DetailedTableServiceImpl [http-nio-8083-exec-6] filename == 7WG-200-36-HRC BM-I
2022-04-21 16:18:11,235 INFO com.mis.eoffice.serviceImpls.DetailedTableServiceImpl [http-nio-8083-exec-6] filename == 7WG-200-40-HRC BM-I (PC7)
2022-04-21 16:18:11,364 INFO com.mis.eoffice.serviceImpls.DetailedTableServiceImpl [http-nio-8083-exec-6] filename == 7WG-300-2-METO BM-I
2022-04-21 16:18:11,470 INFO com.mis.eoffice.controller.FileController [http-nio-8083-exec-6] ********Detailed Table Processed********
2022-04-21 16:19:48,608 INFO com.mis.eoffice.serviceImpls.MainTableDataServiceImpl [http-nio-8083-exec-9] Parsing Start for Department :7WG.HRC
2022-04-21 16:20:26,486 INFO com.mis.eoffice.serviceImpls.DashboardDataServiceImpl [http-nio-8083-exec-10] Parsing Start for Department (Dashboard):7WG.HRC
2022-04-21 16:21:14,971 INFO com.mis.eoffice.serviceImpls.DashboardDataServiceImpl [http-nio-8083-exec-1] Parsing Start for Department (Dashboard):7WG.HRC
2022-04-21 16:21:15,023 INFO com.mis.eoffice.serviceImpls.DashboardDataServiceImpl [http-nio-8083-exec-1] Parsing End for Department (Dashboard):7WG.HRC
2022-04-21 16:22:57,766 INFO org.springframework.boot.admin.SpringApplicationAdminMXBeanRegistrar$SpringApplicationAdmin [RMI TCP Connection(2)-127.0.0.1] Application shutdown requested.
2022-04-21 16:22:58,081 INFO org.springframework.orm.jpa.AbstractEntityManagerFactoryBean [RMI TCP Connection(2)-127.0.0.1] Closing JPA EntityManagerFactory for persistence unit 'db3'
2022-04-21 16:22:58,084 INFO com.zaxxer.hikari.HikariDataSource [RMI TCP Connection(2)-127.0.0.1] HikariPool-3 - Shutdown initiated...
2022-04-21 16:22:58,094 INFO com.zaxxer.hikari.HikariDataSource [RMI TCP Connection(2)-127.0.0.1] HikariPool-3 - Shutdown completed.
2022-04-21 16:22:58,095 INFO org.springframework.orm.jpa.AbstractEntityManagerFactoryBean [RMI TCP Connection(2)-127.0.0.1] Closing JPA EntityManagerFactory for persistence unit 'db2'
2022-04-21 16:22:58,096 INFO com.zaxxer.hikari.HikariDataSource [RMI TCP Connection(2)-127.0.0.1] HikariPool-2 - Shutdown initiated...
