2022-02-15 00:16:27,134 INFO com.mis.eoffice.serviceImpls.MainTableDataServiceImpl [http-nio-8080-exec-10] Parsing Start for Department :7WG.HRC
2022-02-15 00:17:02,980 INFO com.mis.eoffice.serviceImpls.MainTableDataServiceImpl [http-nio-8080-exec-6] Parsing Start for Department :7WG.HRC
2022-02-15 00:17:02,996 INFO com.mis.eoffice.serviceImpls.DashboardDataServiceImpl [http-nio-8080-exec-5] Parsing Start for Department (Dashboard):7WG.HRC
2022-02-15 00:17:02,999 INFO com.mis.eoffice.serviceImpls.DashboardDataServiceImpl [http-nio-8080-exec-5] Parsing End for Department (Dashboard):7WG.HRC
2022-02-15 00:17:58,022 INFO com.mis.eoffice.serviceImpls.MainTableDataServiceImpl [http-nio-8080-exec-7] Parsing Start for Department :7WG.HRC
2022-02-15 00:18:16,435 INFO com.mis.eoffice.serviceImpls.MainTableDataServiceImpl [http-nio-8080-exec-10] Parsing Start for Department :7WG.HRC
2022-02-15 00:58:36,260 INFO com.mis.eoffice.serviceImpls.MainTableDataServiceImpl [http-nio-8080-exec-1] Parsing Start for Department :7WG.HRC
2022-02-15 00:58:36,290 INFO com.mis.eoffice.serviceImpls.MainTableDataServiceImpl [http-nio-8080-exec-1] Parsing End for Department :7WG.HRC
2022-02-15 01:20:32,797 INFO com.mis.eoffice.serviceImpls.MainTableDataServiceImpl [http-nio-8080-exec-2] Parsing Start for Department :7WG.HRC
2022-02-15 01:21:07,984 INFO com.mis.eoffice.serviceImpls.MainTableDataServiceImpl [http-nio-8080-exec-5] Parsing Start for Department :7WG.HRC
2022-02-15 01:21:07,999 INFO com.mis.eoffice.serviceImpls.DashboardDataServiceImpl [http-nio-8080-exec-10] Parsing Start for Department (Dashboard):7WG.HRC
2022-02-15 01:21:08,003 INFO com.mis.eoffice.serviceImpls.DashboardDataServiceImpl [http-nio-8080-exec-10] Parsing End for Department (Dashboard):7WG.HRC
2022-02-15 01:39:20,361 INFO com.mis.eoffice.serviceImpls.MainTableDataServiceImpl [http-nio-8080-exec-4] Parsing Start for Department :7WG.HRC
2022-02-15 01:39:20,378 INFO com.mis.eoffice.serviceImpls.DashboardDataServiceImpl [http-nio-8080-exec-6] Parsing Start for Department (Dashboard):7WG.HRC
2022-02-15 01:39:20,381 INFO com.mis.eoffice.serviceImpls.DashboardDataServiceImpl [http-nio-8080-exec-6] Parsing End for Department (Dashboard):7WG.HRC
2022-02-15 01:40:08,631 INFO com.mis.eoffice.serviceImpls.MainTableDataServiceImpl [http-nio-8080-exec-9] Parsing Start for Department :7WG.HRC
2022-02-15 01:40:22,425 INFO com.mis.eoffice.serviceImpls.MainTableDataServiceImpl [http-nio-8080-exec-5] Parsing Start for Department :7WG.HRC
2022-02-15 01:40:45,055 INFO com.mis.eoffice.serviceImpls.MainTableDataServiceImpl [http-nio-8080-exec-10] Parsing Start for Department :7WG.HRC
2022-02-15 01:49:30,231 INFO com.mis.eoffice.serviceImpls.MainTableDataServiceImpl [http-nio-8080-exec-4] Parsing Start for Department :7WG.HRC
2022-02-15 01:49:30,248 INFO com.mis.eoffice.serviceImpls.DashboardDataServiceImpl [http-nio-8080-exec-7] Parsing Start for Department (Dashboard):7WG.HRC
2022-02-15 01:49:30,251 INFO com.mis.eoffice.serviceImpls.DashboardDataServiceImpl [http-nio-8080-exec-7] Parsing End for Department (Dashboard):7WG.HRC
2022-02-15 01:51:33,009 INFO com.mis.eoffice.serviceImpls.MainTableDataServiceImpl [http-nio-8080-exec-3] Parsing Start for Department :7WG.HRC
2022-02-15 01:51:33,022 INFO com.mis.eoffice.serviceImpls.DashboardDataServiceImpl [http-nio-8080-exec-4] Parsing Start for Department (Dashboard):7WG.HRC
2022-02-15 01:51:33,025 INFO com.mis.eoffice.serviceImpls.DashboardDataServiceImpl [http-nio-8080-exec-4] Parsing End for Department (Dashboard):7WG.HRC
2022-02-15 01:52:08,373 INFO com.mis.eoffice.serviceImpls.MainTableDataServiceImpl [http-nio-8080-exec-7] Parsing Start for Department :7WG.HRC
2022-02-15 01:54:39,442 INFO com.mis.eoffice.serviceImpls.MainTableDataServiceImpl [http-nio-8080-exec-9] Parsing Start for Department :7WG.HRC
2022-02-15 01:54:39,476 INFO com.mis.eoffice.serviceImpls.MainTableDataServiceImpl [http-nio-8080-exec-9] Parsing End for Department :7WG.HRC
2022-02-15 01:56:24,825 INFO com.mis.eoffice.serviceImpls.MainTableDataServiceImpl [http-nio-8080-exec-5] Parsing Start for Department :7WG.HRC
2022-02-15 01:56:24,840 INFO com.mis.eoffice.serviceImpls.MainTableDataServiceImpl [http-nio-8080-exec-5] Parsing End for Department :7WG.HRC
2022-02-15 01:56:30,710 INFO com.mis.eoffice.serviceImpls.MainTableDataServiceImpl [http-nio-8080-exec-10] Parsing Start for Department :7WG.HRC
2022-02-15 01:56:30,729 INFO com.mis.eoffice.serviceImpls.MainTableDataServiceImpl [http-nio-8080-exec-10] Parsing End for Department :7WG.HRC
2022-02-15 01:56:35,505 INFO com.mis.eoffice.serviceImpls.MainTableDataServiceImpl [http-nio-8080-exec-1] Parsing Start for Department :7WG.HRC
2022-02-15 01:56:35,522 INFO com.mis.eoffice.serviceImpls.MainTableDataServiceImpl [http-nio-8080-exec-1] Parsing End for Department :7WG.HRC
2022-02-15 01:58:13,713 INFO com.mis.eoffice.serviceImpls.MainTableDataServiceImpl [http-nio-8080-exec-7] Parsing Start for Department :7WG.HRC
2022-02-15 01:58:13,741 INFO com.mis.eoffice.serviceImpls.DashboardDataServiceImpl [http-nio-8080-exec-5] Parsing Start for Department (Dashboard):7WG.HRC
2022-02-15 01:58:13,744 INFO com.mis.eoffice.serviceImpls.DashboardDataServiceImpl [http-nio-8080-exec-5] Parsing End for Department (Dashboard):7WG.HRC
2022-02-15 01:59:04,700 INFO com.mis.eoffice.serviceImpls.MainTableDataServiceImpl [http-nio-8080-exec-10] Parsing Start for Department :7WG.HRC
2022-02-15 01:59:04,729 INFO com.mis.eoffice.serviceImpls.MainTableDataServiceImpl [http-nio-8080-exec-10] Parsing End for Department :7WG.HRC
2022-02-15 02:05:19,074 INFO com.mis.eoffice.serviceImpls.MainTableDataServiceImpl [http-nio-8080-exec-1] Parsing Start for Department :7WG.HRC
2022-02-15 02:12:06,774 INFO com.mis.eoffice.serviceImpls.MainTableDataServiceImpl [http-nio-8080-exec-3] Parsing Start for Department :7WG.HRC
2022-02-15 02:12:07,042 INFO com.mis.eoffice.serviceImpls.DashboardDataServiceImpl [http-nio-8080-exec-9] Parsing Start for Department (Dashboard):7WG.HRC
2022-02-15 02:12:07,046 INFO com.mis.eoffice.serviceImpls.DashboardDataServiceImpl [http-nio-8080-exec-9] Parsing End for Department (Dashboard):7WG.HRC
2022-02-15 02:12:20,565 INFO org.springframework.boot.admin.SpringApplicationAdminMXBeanRegistrar$SpringApplicationAdmin [RMI TCP Connection(2)-127.0.0.1] Application shutdown requested.
2022-02-15 02:12:20,722 INFO org.springframework.orm.jpa.AbstractEntityManagerFactoryBean [RMI TCP Connection(2)-127.0.0.1] Closing JPA EntityManagerFactory for persistence unit 'db3'
2022-02-15 02:12:20,725 INFO com.zaxxer.hikari.HikariDataSource [RMI TCP Connection(2)-127.0.0.1] HikariPool-3 - Shutdown initiated...
2022-02-15 02:12:20,730 INFO com.zaxxer.hikari.HikariDataSource [RMI TCP Connection(2)-127.0.0.1] HikariPool-3 - Shutdown completed.
2022-02-15 02:12:20,731 INFO org.springframework.orm.jpa.AbstractEntityManagerFactoryBean [RMI TCP Connection(2)-127.0.0.1] Closing JPA EntityManagerFactory for persistence unit 'db2'
2022-02-15 02:12:20,733 INFO com.zaxxer.hikari.HikariDataSource [RMI TCP Connection(2)-127.0.0.1] HikariPool-2 - Shutdown initiated...
2022-02-15 02:12:20,752 INFO com.zaxxer.hikari.HikariDataSource [RMI TCP Connection(2)-127.0.0.1] HikariPool-2 - Shutdown completed.
2022-02-15 02:12:20,753 INFO org.springframework.orm.jpa.AbstractEntityManagerFactoryBean [RMI TCP Connection(2)-127.0.0.1] Closing JPA EntityManagerFactory for persistence unit 'db1'
2022-02-15 02:12:20,754 INFO com.zaxxer.hikari.HikariDataSource [RMI TCP Connection(2)-127.0.0.1] HikariPool-1 - Shutdown initiated...
2022-02-15 02:12:20,776 INFO com.zaxxer.hikari.HikariDataSource [RMI TCP Connection(2)-127.0.0.1] HikariPool-1 - Shutdown completed.
