2022-04-21 16:50:11,806 INFO org.springframework.boot.StartupInfoLogger [restartedMain] Starting MisSecretApplication2 using Java 1.8.0_301 on shabdita-cc with PID 17036 (C:\Users\admin\Documents\workspace-sts-3.9.11.RELEASE\misSecretApplication2\target\classes started by Shabdita in C:\Users\admin\Documents\workspace-sts-3.9.11.RELEASE\misSecretApplication2)
2022-04-21 16:50:11,812 INFO org.springframework.boot.SpringApplication [restartedMain] The following profiles are active: development
2022-04-21 16:50:11,876 INFO org.springframework.boot.logging.DeferredLog [restartedMain] The Class-Path manifest attribute in C:\Users\admin\.m2\repository\com\oracle\ojdbc\ojdbc8\19.3.0.0\ojdbc8-19.3.0.0.jar referenced one or more files that do not exist: file:/C:/Users/admin/.m2/repository/com/oracle/ojdbc/ojdbc8/19.3.0.0/oraclepki.jar
2022-04-21 16:50:11,888 INFO org.springframework.boot.logging.DeferredLog [restartedMain] The Class-Path manifest attribute in C:\Users\admin\.m2\repository\com\oracle\ojdbc\oraclepki\19.3.0.0\oraclepki-19.3.0.0.jar referenced one or more files that do not exist: file:/C:/Users/admin/.m2/repository/com/oracle/ojdbc/oraclepki/19.3.0.0/osdt_core.jar,file:/C:/Users/admin/.m2/repository/com/oracle/ojdbc/oraclepki/19.3.0.0/osdt_cert.jar,file:/C:/Users/admin/.m2/repository/com/oracle/ojdbc/oraclepki/oracle.osdt/osdt_core.jar,file:/C:/Users/admin/.m2/repository/com/oracle/ojdbc/oraclepki/oracle.osdt/osdt_cert.jar
2022-04-21 16:50:11,888 INFO org.springframework.boot.logging.DeferredLog [restartedMain] The Class-Path manifest attribute in C:\Users\admin\.m2\repository\com\oracle\database\jdbc\ojdbc8\19.8.0.0\ojdbc8-19.8.0.0.jar referenced one or more files that do not exist: file:/C:/Users/admin/.m2/repository/com/oracle/database/jdbc/ojdbc8/19.8.0.0/oraclepki.jar
2022-04-21 16:50:11,889 INFO org.springframework.boot.logging.DeferredLog [restartedMain] Devtools property defaults active! Set 'spring.devtools.add-properties' to 'false' to disable
2022-04-21 16:50:11,890 INFO org.springframework.boot.logging.DeferredLog [restartedMain] For additional web related logging consider setting the 'logging.level.web' property to 'DEBUG'
2022-04-21 16:50:12,756 INFO org.springframework.data.repository.config.RepositoryConfigurationDelegate [restartedMain] Multiple Spring Data modules found, entering strict repository configuration mode!
2022-04-21 16:50:12,757 INFO org.springframework.data.repository.config.RepositoryConfigurationDelegate [restartedMain] Bootstrapping Spring Data JPA repositories in DEFAULT mode.
2022-04-21 16:50:12,826 INFO org.springframework.data.repository.config.RepositoryConfigurationDelegate [restartedMain] Finished Spring Data repository scanning in 58 ms. Found 3 JPA repository interfaces.
2022-04-21 16:50:12,828 INFO org.springframework.data.repository.config.RepositoryConfigurationDelegate [restartedMain] Multiple Spring Data modules found, entering strict repository configuration mode!
2022-04-21 16:50:12,828 INFO org.springframework.data.repository.config.RepositoryConfigurationDelegate [restartedMain] Bootstrapping Spring Data JPA repositories in DEFAULT mode.
2022-04-21 16:50:12,854 INFO org.springframework.data.repository.config.RepositoryConfigurationDelegate [restartedMain] Finished Spring Data repository scanning in 25 ms. Found 4 JPA repository interfaces.
2022-04-21 16:50:12,855 INFO org.springframework.data.repository.config.RepositoryConfigurationDelegate [restartedMain] Multiple Spring Data modules found, entering strict repository configuration mode!
2022-04-21 16:50:12,856 INFO org.springframework.data.repository.config.RepositoryConfigurationDelegate [restartedMain] Bootstrapping Spring Data JPA repositories in DEFAULT mode.
2022-04-21 16:50:12,889 INFO org.springframework.data.repository.config.RepositoryConfigurationDelegate [restartedMain] Finished Spring Data repository scanning in 32 ms. Found 6 JPA repository interfaces.
2022-04-21 16:50:14,077 INFO org.springframework.boot.web.embedded.tomcat.TomcatWebServer [restartedMain] Tomcat initialized with port(s): 8087 (http)
2022-04-21 16:50:14,086 INFO org.apache.juli.logging.DirectJDKLog [restartedMain] Initializing ProtocolHandler ["http-nio-8087"]
2022-04-21 16:50:14,087 INFO org.apache.juli.logging.DirectJDKLog [restartedMain] Starting service [Tomcat]
2022-04-21 16:50:14,088 INFO org.apache.juli.logging.DirectJDKLog [restartedMain] Starting Servlet engine: [Apache Tomcat/9.0.46]
2022-04-21 16:50:14,224 INFO org.apache.juli.logging.DirectJDKLog [restartedMain] Initializing Spring embedded WebApplicationContext
2022-04-21 16:50:14,224 INFO org.springframework.boot.web.servlet.context.ServletWebServerApplicationContext [restartedMain] Root WebApplicationContext: initialization completed in 2333 ms
2022-04-21 16:50:14,572 INFO org.hibernate.jpa.internal.util.LogHelper [restartedMain] HHH000204: Processing PersistenceUnitInfo [name: db1]
2022-04-21 16:50:14,718 INFO org.hibernate.Version [restartedMain] HHH000412: Hibernate ORM core version 5.4.32.Final
2022-04-21 16:50:14,860 INFO org.hibernate.annotations.common.reflection.java.JavaReflectionManager [restartedMain] HCANN000001: Hibernate Commons Annotations {5.1.2.Final}
2022-04-21 16:50:15,071 INFO com.zaxxer.hikari.HikariDataSource [restartedMain] HikariPool-1 - Starting...
2022-04-21 16:50:15,073 WARN com.zaxxer.hikari.util.DriverDataSource [restartedMain] Registered driver with driverClassName=oracle.jdbc.driver.OracleDriver was not found, trying direct instantiation.
2022-04-21 16:50:16,222 INFO com.zaxxer.hikari.HikariDataSource [restartedMain] HikariPool-1 - Start completed.
2022-04-21 16:50:16,242 INFO org.hibernate.dialect.Dialect [restartedMain] HHH000400: Using dialect: org.hibernate.dialect.Oracle12cDialect
2022-04-21 16:50:17,078 INFO org.hibernate.envers.boot.internal.EnversServiceImpl [restartedMain] Envers integration enabled? : true
2022-04-21 16:50:17,686 INFO org.hibernate.engine.transaction.jta.platform.internal.JtaPlatformInitiator [restartedMain] HHH000490: Using JtaPlatform implementation: [org.hibernate.engine.transaction.jta.platform.internal.NoJtaPlatform]
2022-04-21 16:50:17,698 INFO org.springframework.orm.jpa.AbstractEntityManagerFactoryBean [restartedMain] Initialized JPA EntityManagerFactory for persistence unit 'db1'
2022-04-21 16:50:17,717 INFO org.hibernate.jpa.internal.util.LogHelper [restartedMain] HHH000204: Processing PersistenceUnitInfo [name: db2]
2022-04-21 16:50:17,768 INFO com.zaxxer.hikari.HikariDataSource [restartedMain] HikariPool-2 - Starting...
2022-04-21 16:50:17,769 WARN com.zaxxer.hikari.util.DriverDataSource [restartedMain] Registered driver with driverClassName=oracle.jdbc.driver.OracleDriver was not found, trying direct instantiation.
2022-04-21 16:50:18,450 INFO com.zaxxer.hikari.HikariDataSource [restartedMain] HikariPool-2 - Start completed.
2022-04-21 16:50:18,452 INFO org.hibernate.dialect.Dialect [restartedMain] HHH000400: Using dialect: org.hibernate.dialect.Oracle12cDialect
2022-04-21 16:50:19,078 INFO org.hibernate.envers.boot.internal.EnversServiceImpl [restartedMain] Envers integration enabled? : true
2022-04-21 16:50:19,147 INFO org.hibernate.engine.transaction.jta.platform.internal.JtaPlatformInitiator [restartedMain] HHH000490: Using JtaPlatform implementation: [org.hibernate.engine.transaction.jta.platform.internal.NoJtaPlatform]
2022-04-21 16:50:19,148 INFO org.springframework.orm.jpa.AbstractEntityManagerFactoryBean [restartedMain] Initialized JPA EntityManagerFactory for persistence unit 'db2'
2022-04-21 16:50:19,162 INFO org.hibernate.jpa.internal.util.LogHelper [restartedMain] HHH000204: Processing PersistenceUnitInfo [name: db3]
2022-04-21 16:50:19,211 INFO com.zaxxer.hikari.HikariDataSource [restartedMain] HikariPool-3 - Starting...
2022-04-21 16:50:19,886 INFO com.zaxxer.hikari.HikariDataSource [restartedMain] HikariPool-3 - Start completed.
2022-04-21 16:50:19,899 INFO org.hibernate.dialect.Dialect [restartedMain] HHH000400: Using dialect: org.hibernate.dialect.PostgreSQL10Dialect
2022-04-21 16:50:20,642 INFO org.hibernate.envers.boot.internal.EnversServiceImpl [restartedMain] Envers integration enabled? : true
2022-04-21 16:50:20,731 INFO org.hibernate.engine.transaction.jta.platform.internal.JtaPlatformInitiator [restartedMain] HHH000490: Using JtaPlatform implementation: [org.hibernate.engine.transaction.jta.platform.internal.NoJtaPlatform]
2022-04-21 16:50:20,731 INFO org.springframework.orm.jpa.AbstractEntityManagerFactoryBean [restartedMain] Initialized JPA EntityManagerFactory for persistence unit 'db3'
2022-04-21 16:50:22,032 INFO org.springframework.security.web.DefaultSecurityFilterChain [restartedMain] Will secure any request with [org.springframework.security.web.context.request.async.WebAsyncManagerIntegrationFilter@764ca0b0, org.springframework.security.web.context.SecurityContextPersistenceFilter@4cf40716, org.springframework.security.web.header.HeaderWriterFilter@8bb00c1, org.springframework.web.filter.CorsFilter@1e875aac, org.keycloak.adapters.springsecurity.filter.KeycloakPreAuthActionsFilter@464933bb, org.keycloak.adapters.springsecurity.filter.KeycloakAuthenticationProcessingFilter@3c77a95c, org.springframework.security.web.authentication.logout.LogoutFilter@792288e4, org.springframework.security.web.savedrequest.RequestCacheAwareFilter@a2a384f, org.springframework.security.web.servletapi.SecurityContextHolderAwareRequestFilter@2a1790c6, org.keycloak.adapters.springsecurity.filter.KeycloakSecurityContextRequestFilter@2ca8bff7, org.keycloak.adapters.springsecurity.filter.KeycloakAuthenticatedActionsFilter@23f39532, org.springframework.security.web.authentication.AnonymousAuthenticationFilter@379b24e7, org.springframework.security.web.session.SessionManagementFilter@1c9d92b1, org.springframework.security.web.access.ExceptionTranslationFilter@23430cab, org.springframework.security.web.access.intercept.FilterSecurityInterceptor@70b7ffbe]
2022-04-21 16:50:22,248 WARN org.springframework.boot.devtools.autoconfigure.OptionalLiveReloadServer [restartedMain] Unable to start LiveReload server
2022-04-21 16:50:22,275 INFO org.apache.juli.logging.DirectJDKLog [restartedMain] Starting ProtocolHandler ["http-nio-8087"]
2022-04-21 16:50:22,293 INFO org.springframework.boot.web.embedded.tomcat.TomcatWebServer [restartedMain] Tomcat started on port(s): 8087 (http) with context path '/misSecretApplication2'
2022-04-21 16:50:22,314 INFO org.springframework.boot.StartupInfoLogger [restartedMain] Started MisSecretApplication2 in 11.057 seconds (JVM running for 12.345)
2022-04-21 17:00:52,013 INFO org.apache.juli.logging.DirectJDKLog [http-nio-8087-exec-1] Initializing Spring DispatcherServlet 'dispatcherServlet'
2022-04-21 17:00:52,013 INFO org.springframework.web.servlet.FrameworkServlet [http-nio-8087-exec-1] Initializing Servlet 'dispatcherServlet'
2022-04-21 17:00:52,015 INFO org.springframework.web.servlet.FrameworkServlet [http-nio-8087-exec-1] Completed initialization in 1 ms
2022-04-21 17:00:52,098 INFO com.mis.eoffice.controller.FileController [http-nio-8087-exec-1] ********Detailed Table********
2022-04-21 17:00:52,553 INFO com.mis.eoffice.serviceImpls.DetailedTableServiceImpl [http-nio-8087-exec-1] filename == 7WG-101-29-HRC BM-I
2022-04-21 17:00:52,675 INFO com.mis.eoffice.serviceImpls.DetailedTableServiceImpl [http-nio-8087-exec-1] filename == 7WG-101-15-HRC BM-I
2022-04-21 17:00:52,782 INFO com.mis.eoffice.serviceImpls.DetailedTableServiceImpl [http-nio-8087-exec-1] filename == 7WG-101-30-HRC BM-I
2022-04-21 17:00:52,889 INFO com.mis.eoffice.serviceImpls.DetailedTableServiceImpl [http-nio-8087-exec-1] filename == 7WG-101-1-HRC BM-I
2022-04-21 17:00:52,995 INFO com.mis.eoffice.serviceImpls.DetailedTableServiceImpl [http-nio-8087-exec-1] filename == 7WG-101-3-HRC BM-I
2022-04-21 17:00:53,102 INFO com.mis.eoffice.serviceImpls.DetailedTableServiceImpl [http-nio-8087-exec-1] filename == 7WG-101-8-HRC BM-I
2022-04-21 17:00:53,213 INFO com.mis.eoffice.serviceImpls.DetailedTableServiceImpl [http-nio-8087-exec-1] filename == 7WG-101-28-HRC BM-I
2022-04-21 17:00:53,317 INFO com.mis.eoffice.serviceImpls.DetailedTableServiceImpl [http-nio-8087-exec-1] filename == 7WG-101-2-HRC BM-I
2022-04-21 17:00:53,422 INFO com.mis.eoffice.serviceImpls.DetailedTableServiceImpl [http-nio-8087-exec-1] filename == 7WG-101-4-HRC BM-I
2022-04-21 17:00:53,527 INFO com.mis.eoffice.serviceImpls.DetailedTableServiceImpl [http-nio-8087-exec-1] filename == 7WG-101-5-HRC BM-I
2022-04-21 17:00:53,639 INFO com.mis.eoffice.serviceImpls.DetailedTableServiceImpl [http-nio-8087-exec-1] filename == 7WG-600-2-CAD BM-I
2022-04-21 17:00:53,756 INFO com.mis.eoffice.serviceImpls.DetailedTableServiceImpl [http-nio-8087-exec-1] filename == 7WG-301-2-METO BM-I
2022-04-21 17:00:53,861 INFO com.mis.eoffice.serviceImpls.DetailedTableServiceImpl [http-nio-8087-exec-1] filename == 7WG-100-29-METO BM-I
2022-04-21 17:00:53,971 INFO com.mis.eoffice.serviceImpls.DetailedTableServiceImpl [http-nio-8087-exec-1] filename == 7WG-100-31-METO BM-I
2022-04-21 17:00:54,078 INFO com.mis.eoffice.serviceImpls.DetailedTableServiceImpl [http-nio-8087-exec-1] filename == 7WG-101-27-HRC BM-I
2022-04-21 17:00:54,184 INFO com.mis.eoffice.controller.FileController [http-nio-8087-exec-1] ********Detailed Table Processed********
2022-04-21 17:13:49,389 INFO com.mis.eoffice.controller.FileController [http-nio-8087-exec-3] ********Detailed Table********
2022-04-21 17:13:49,614 INFO com.mis.eoffice.serviceImpls.DetailedTableServiceImpl [http-nio-8087-exec-3] filename == 7WG-101-29-HRC BM-I
2022-04-21 17:13:49,720 INFO com.mis.eoffice.serviceImpls.DetailedTableServiceImpl [http-nio-8087-exec-3] filename == 7WG-101-15-HRC BM-I
2022-04-21 17:13:49,825 INFO com.mis.eoffice.serviceImpls.DetailedTableServiceImpl [http-nio-8087-exec-3] filename == 7WG-101-30-HRC BM-I
2022-04-21 17:13:49,930 INFO com.mis.eoffice.serviceImpls.DetailedTableServiceImpl [http-nio-8087-exec-3] filename == 7WG-101-1-HRC BM-I
2022-04-21 17:13:50,035 INFO com.mis.eoffice.serviceImpls.DetailedTableServiceImpl [http-nio-8087-exec-3] filename == 7WG-101-3-HRC BM-I
2022-04-21 17:13:50,140 INFO com.mis.eoffice.serviceImpls.DetailedTableServiceImpl [http-nio-8087-exec-3] filename == 7WG-101-8-HRC BM-I
2022-04-21 17:13:50,245 INFO com.mis.eoffice.serviceImpls.DetailedTableServiceImpl [http-nio-8087-exec-3] filename == 7WG-101-28-HRC BM-I
2022-04-21 17:13:50,352 INFO com.mis.eoffice.serviceImpls.DetailedTableServiceImpl [http-nio-8087-exec-3] filename == 7WG-101-2-HRC BM-I
2022-04-21 17:13:50,457 INFO com.mis.eoffice.serviceImpls.DetailedTableServiceImpl [http-nio-8087-exec-3] filename == 7WG-101-4-HRC BM-I
2022-04-21 17:13:50,559 INFO com.mis.eoffice.serviceImpls.DetailedTableServiceImpl [http-nio-8087-exec-3] filename == 7WG-101-5-HRC BM-I
2022-04-21 17:13:50,664 INFO com.mis.eoffice.serviceImpls.DetailedTableServiceImpl [http-nio-8087-exec-3] filename == 7WG-600-2-CAD BM-I
2022-04-21 17:13:50,769 INFO com.mis.eoffice.serviceImpls.DetailedTableServiceImpl [http-nio-8087-exec-3] filename == 7WG-301-2-METO BM-I
2022-04-21 17:13:50,874 INFO com.mis.eoffice.serviceImpls.DetailedTableServiceImpl [http-nio-8087-exec-3] filename == 7WG-100-29-METO BM-I
2022-04-21 17:13:50,981 INFO com.mis.eoffice.serviceImpls.DetailedTableServiceImpl [http-nio-8087-exec-3] filename == 7WG-100-31-METO BM-I
2022-04-21 17:13:51,084 INFO com.mis.eoffice.serviceImpls.DetailedTableServiceImpl [http-nio-8087-exec-3] filename == 7WG-101-27-HRC BM-I
2022-04-21 17:13:51,189 INFO com.mis.eoffice.controller.FileController [http-nio-8087-exec-3] ********Detailed Table Processed********
2022-04-21 17:18:55,129 INFO com.mis.eoffice.serviceImpls.MainTableDataServiceImpl [http-nio-8087-exec-5] Parsing Start for Department :7WG.HRC
2022-04-21 17:19:14,316 INFO com.mis.eoffice.serviceImpls.DashboardDataServiceImpl [http-nio-8087-exec-6] Parsing Start for Department (Dashboard):7WG.HRC
2022-04-21 17:19:28,669 INFO com.mis.eoffice.serviceImpls.DashboardDataServiceImpl [http-nio-8087-exec-7] Parsing Start for Department (Dashboard):7WG.HRC
2022-04-21 17:19:28,721 INFO com.mis.eoffice.serviceImpls.DashboardDataServiceImpl [http-nio-8087-exec-7] Parsing End for Department (Dashboard):7WG.HRC
2022-04-21 17:44:28,653 INFO org.springframework.boot.admin.SpringApplicationAdminMXBeanRegistrar$SpringApplicationAdmin [RMI TCP Connection(2)-127.0.0.1] Application shutdown requested.
2022-04-21 17:44:29,287 INFO org.springframework.orm.jpa.AbstractEntityManagerFactoryBean [RMI TCP Connection(2)-127.0.0.1] Closing JPA EntityManagerFactory for persistence unit 'db3'
2022-04-21 17:44:29,293 INFO com.zaxxer.hikari.HikariDataSource [RMI TCP Connection(2)-127.0.0.1] HikariPool-3 - Shutdown initiated...
2022-04-21 17:44:29,311 INFO com.zaxxer.hikari.HikariDataSource [RMI TCP Connection(2)-127.0.0.1] HikariPool-3 - Shutdown completed.
2022-04-21 17:44:29,312 INFO org.springframework.orm.jpa.AbstractEntityManagerFactoryBean [RMI TCP Connection(2)-127.0.0.1] Closing JPA EntityManagerFactory for persistence unit 'db2'
2022-04-21 17:44:29,313 INFO com.zaxxer.hikari.HikariDataSource [RMI TCP Connection(2)-127.0.0.1] HikariPool-2 - Shutdown initiated...
2022-04-21 17:44:30,802 INFO com.zaxxer.hikari.HikariDataSource [RMI TCP Connection(2)-127.0.0.1] HikariPool-2 - Shutdown completed.
2022-04-21 17:44:30,804 INFO org.springframework.orm.jpa.AbstractEntityManagerFactoryBean [RMI TCP Connection(2)-127.0.0.1] Closing JPA EntityManagerFactory for persistence unit 'db1'
2022-04-21 17:44:30,806 INFO com.zaxxer.hikari.HikariDataSource [RMI TCP Connection(2)-127.0.0.1] HikariPool-1 - Shutdown initiated...
2022-04-21 17:44:32,307 INFO com.zaxxer.hikari.HikariDataSource [RMI TCP Connection(2)-127.0.0.1] HikariPool-1 - Shutdown completed.
